main.cpp:13:1: error: expected ‘;’ after struct definition
main.cpp: In function ‘int main()’:
main.cpp:32:17: error: ‘struct number<5u>’ has no member named ‘break_in_half’
