main.cpp:1:41: error: ‘test’ was not declared in this scope
main.cpp:1:41: error: ‘test’ was not declared in this scope
main.cpp:1:53: error: expected primary-expression before ‘)’ token
main.cpp:2:21: error: expected initializer before ‘<’ token
main.cpp: In function ‘int main()’:
main.cpp:3:28: error: ‘test’ was not declared in this scope
main.cpp:3:36: error: expected primary-expression before ‘)’ token
