In file included from /usr/include/c++/4.6/regex:35:0,
                 from main.cpp:3:
/usr/include/c++/4.6/bits/c++0x_warning.h:32:2: error: #error This file requires compiler and library support for the upcoming ISO C++ standard, C++0x. This support is currently experimental, and must be enabled with the -std=c++0x or -std=gnu++0x compiler options.
main.cpp: In function ‘int main()’:
main.cpp:9:5: error: ‘regex’ is not a member of ‘std’
main.cpp:9:16: error: expected ‘;’ before ‘txt_regex’
main.cpp:11:16: warning: ‘auto’ will change meaning in C++0x; please remove it [-Wc++0x-compat]
main.cpp:11:22: error: ISO C++ forbids declaration of ‘fname’ with no type [-fpermissive]
main.cpp:11:30: error: range-based-for loops are not allowed in C++98 mode
main.cpp:12:39: error: ‘regex_match’ is not a member of ‘std’
main.cpp:12:63: error: ‘txt_regex’ was not declared in this scope
main.cpp:16:5: error: ‘regex’ is not a member of ‘std’
main.cpp:16:16: error: expected ‘;’ before ‘base_regex’
main.cpp:17:5: error: ‘smatch’ is not a member of ‘std’
main.cpp:17:17: error: expected ‘;’ before ‘base_match’
main.cpp:19:16: warning: ‘auto’ will change meaning in C++0x; please remove it [-Wc++0x-compat]
main.cpp:19:22: error: ISO C++ forbids declaration of ‘fname’ with no type [-fpermissive]
main.cpp:19:30: error: range-based-for loops are not allowed in C++98 mode
main.cpp:20:13: error: ‘regex_match’ is not a member of ‘std’
main.cpp:20:37: error: ‘base_match’ was not declared in this scope
main.cpp:20:49: error: ‘base_regex’ was not declared in this scope
main.cpp:24:17: error: ‘ssub_match’ is not a member of ‘std’
main.cpp:24:33: error: expected ‘;’ before ‘base_sub_match’
main.cpp:25:36: error: ‘base_sub_match’ was not declared in this scope
main.cpp:32:5: error: ‘regex’ is not a member of ‘std’
main.cpp:32:16: error: expected ‘;’ before ‘pieces_regex’
main.cpp:33:5: error: ‘smatch’ is not a member of ‘std’
main.cpp:33:17: error: expected ‘;’ before ‘pieces_match’
main.cpp:35:16: warning: ‘auto’ will change meaning in C++0x; please remove it [-Wc++0x-compat]
main.cpp:35:22: error: ISO C++ forbids declaration of ‘fname’ with no type [-fpermissive]
main.cpp:35:30: error: range-based-for loops are not allowed in C++98 mode
main.cpp:36:13: error: ‘regex_match’ is not a member of ‘std’
main.cpp:36:37: error: ‘pieces_match’ was not declared in this scope
main.cpp:36:51: error: ‘pieces_regex’ was not declared in this scope
main.cpp:39:17: error: ‘ssub_match’ is not a member of ‘std’
main.cpp:39:33: error: expected ‘;’ before ‘sub_match’
main.cpp:40:37: error: ‘sub_match’ was not declared in this scope
