main.cpp:56:13: error: ‘compression’ does not name a type
main.cpp: In constructor ‘Archive::Archive(const Compressor&)’:
main.cpp:46:37: error: class ‘Archive’ does not have any field named ‘compression_policy’
main.cpp: In member function ‘void Archive::archive(std::ostream&, const string&)’:
main.cpp:52:9: error: ‘compression’ has not been declared
main.cpp:52:37: error: expected ‘;’ before ‘v’
main.cpp:53:9: error: ‘compression_policy’ was not declared in this scope
main.cpp:53:42: error: ‘v’ was not declared in this scope
main.cpp: At global scope:
main.cpp:50:10: warning: unused parameter ‘os’ [-Wunused-parameter]
main.cpp:50:10: warning: unused parameter ‘s’ [-Wunused-parameter]
main.cpp: In function ‘int main()’:
main.cpp:62:18: error: ‘compression’ has not been declared
main.cpp:62:40: error: expected ‘}’ before ‘{’ token
main.cpp:62:40: error: no matching function for call to ‘Archive::Archive(<brace-enclosed initializer list>)’
main.cpp:62:40: note: candidates are:
main.cpp:46:5: note: template<class Compressor> Archive::Archive(const Compressor&)
main.cpp:46:5: note:   template argument deduction/substitution failed:
main.cpp:43:8: note: constexpr Archive::Archive(const Archive&)
main.cpp:43:8: note:   no known conversion for argument 1 from ‘<type error>’ to ‘const Archive&’
main.cpp:43:8: note: constexpr Archive::Archive(Archive&&)
main.cpp:43:8: note:   no known conversion for argument 1 from ‘<type error>’ to ‘Archive&&’
main.cpp:62:40: error: expected ‘,’ or ‘;’ before ‘{’ token
main.cpp: At global scope:
main.cpp:62:43: error: extra ‘;’ [-pedantic]
main.cpp:63:5: error: ‘arch’ does not name a type
main.cpp:64:5: error: ‘cout’ in namespace ‘std’ does not name a type
main.cpp:66:19: error: ‘compression’ has not been declared
main.cpp:66:37: error: expected ‘}’ before ‘{’ token
main.cpp:66:37: error: no matching function for call to ‘Archive::Archive(<brace-enclosed initializer list>)’
main.cpp:66:37: note: candidates are:
main.cpp:46:5: note: template<class Compressor> Archive::Archive(const Compressor&)
main.cpp:46:5: note:   template argument deduction/substitution failed:
main.cpp:43:8: note: constexpr Archive::Archive(const Archive&)
main.cpp:43:8: note:   no known conversion for argument 1 from ‘<type error>’ to ‘const Archive&’
main.cpp:43:8: note: constexpr Archive::Archive(Archive&&)
main.cpp:43:8: note:   no known conversion for argument 1 from ‘<type error>’ to ‘Archive&&’
main.cpp:66:37: error: expected ‘,’ or ‘;’ before ‘{’ token
main.cpp:66:39: error: expected declaration before ‘}’ token
