main.cpp: In function 'int main()':
main.cpp:25:5: error: 'function' is not a member of 'std'
main.cpp:25:19: error: expected primary-expression before 'void'
main.cpp:25:19: error: expected ';' before 'void'
main.cpp:26:17: error: 'f_display' was not declared in this scope
main.cpp:29:5: error: 'function' is not a member of 'std'
main.cpp:29:27: error: 'f_display_42' was not declared in this scope
main.cpp:29:64: error: lambda expressions only available with -std=c++11 or -std=gnu++11
main.cpp:33:5: error: 'function' is not a member of 'std'
main.cpp:33:27: error: 'f_display_31337' was not declared in this scope
main.cpp:33:45: error: 'bind' is not a member of 'std'
main.cpp:37:5: error: 'function' is not a member of 'std'
main.cpp:37:39: error: expression list treated as compound expression in functional cast [-fpermissive]
main.cpp:37:19: error: expected primary-expression before 'void'
main.cpp:37:19: error: expected ';' before 'void'
main.cpp:39:25: error: 'f_add_display' was not declared in this scope
main.cpp:42:16: error: 'std::placeholders' has not been declared
main.cpp:43:5: error: 'function' is not a member of 'std'
main.cpp:43:19: error: expected primary-expression before 'void'
main.cpp:43:19: error: expected ';' before 'void'
main.cpp:44:21: error: 'f_add_display2' was not declared in this scope
main.cpp:47:5: error: 'function' is not a member of 'std'
main.cpp:47:19: error: expected primary-expression before 'void'
main.cpp:47:19: error: expected ';' before 'void'
main.cpp:48:21: error: 'f_display_obj' was not declared in this scope
