In file included from /usr/include/c++/4.6/regex:35:0,
                 from main.cpp:4:
/usr/include/c++/4.6/bits/c++0x_warning.h:32:2: error: #error This file requires compiler and library support for the upcoming ISO C++ standard, C++0x. This support is currently experimental, and must be enabled with the -std=c++0x or -std=gnu++0x compiler options.
main.cpp: In function 'int main()':
main.cpp:12:5: error: 'regex' is not a member of 'std'
main.cpp:12:16: error: expected ';' before 'self_regex'
main.cpp:14:9: error: 'regex_search' is not a member of 'std'
main.cpp:14:30: error: 'self_regex' was not declared in this scope
main.cpp:18:5: error: 'regex' is not a member of 'std'
main.cpp:18:16: error: expected ';' before 'word_regex'
main.cpp:19:5: warning: 'auto' will change meaning in C++0x; please remove it [-Wc++0x-compat]
main.cpp:19:10: error: 'words_begin' does not name a type
main.cpp:21:5: warning: 'auto' will change meaning in C++0x; please remove it [-Wc++0x-compat]
main.cpp:21:10: error: 'words_end' does not name a type
main.cpp:24:32: error: 'words_begin' was not declared in this scope
main.cpp:24:45: error: 'words_end' was not declared in this scope
main.cpp:29:10: error: 'sregex_iterator' is not a member of 'std'
main.cpp:29:31: error: expected ';' before 'i'
main.cpp:29:48: error: 'i' was not declared in this scope
main.cpp:30:9: error: 'smatch' is not a member of 'std'
main.cpp:30:21: error: expected ';' before 'match'
main.cpp:31:33: error: 'match' was not declared in this scope
main.cpp:32:32: warning: comparison between signed and unsigned integer expressions [-Wsign-compare]
main.cpp:37:5: error: 'regex' is not a member of 'std'
main.cpp:37:16: error: expected ';' before 'long_word_regex'
main.cpp:38:25: error: 'regex_replace' is not a member of 'std'
main.cpp:38:47: error: 'long_word_regex' was not declared in this scope
