main.cpp: In instantiation of 'void f(T) [with T = std::integral_constant<bool, false>]':
main.cpp:24:24:   required from here
main.cpp:10:5: error: static assertion failed: first requirement failed to meet.
     static_assert(T(), "first requirement failed to meet.");
     ^
main.cpp:12:11: error: conversion from 'int' to non-scalar type 'std::integral_constant<bool, false>' requested
     T t = 10;
           ^
