main.cpp:4:42: error: expected ')' before '...' token
main.cpp:4:30: error: expected type-specifier before 'decltype'
main.cpp:4:30: error: expected initializer before 'decltype'
main.cpp: In function 'void foo(Args&& ...)':
main.cpp:13:5: error: 'apply' was not declared in this scope
main.cpp:13:15: error: expected primary-expression before '>' token
main.cpp:13:22: error: expected ';' before '...' token
main.cpp:13:26: error: parameter packs not expanded with '...':
main.cpp:13:26: note:         'args'
