+ g++ -std=c++11 -O2 -Wall -pedantic -pthread main.cpp
main.cpp:9:5: error: stray ‘\360’ in program
     struct 🍌 {
     ^
main.cpp:9:5: error: stray ‘\237’ in program
main.cpp:9:5: error: stray ‘\215’ in program
main.cpp:9:5: error: stray ‘\214’ in program
main.cpp:11:3: error: stray ‘\360’ in program
   struct inner_🍌 {
   ^
main.cpp:11:3: error: stray ‘\237’ in program
main.cpp:11:3: error: stray ‘\215’ in program
main.cpp:11:3: error: stray ‘\214’ in program
main.cpp:14:4: error: stray ‘\360’ in program
    inner_🍌( ) : inner( 2 ) {}
    ^
main.cpp:14:4: error: stray ‘\237’ in program
main.cpp:14:4: error: stray ‘\215’ in program
main.cpp:14:4: error: stray ‘\214’ in program
main.cpp:18:3: error: stray ‘\360’ in program
   🍌() : bananas(3) {}
   ^
main.cpp:18:3: error: stray ‘\237’ in program
main.cpp:18:3: error: stray ‘\215’ in program
main.cpp:18:3: error: stray ‘\214’ in program
main.cpp:21:2: error: stray ‘\360’ in program
  🍌* bananaptr;
  ^
main.cpp:21:2: error: stray ‘\237’ in program
main.cpp:21:2: error: stray ‘\215’ in program
main.cpp:21:2: error: stray ‘\214’ in program
main.cpp:18:8: error: expected unqualified-id before ‘)’ token
   🍌() : bananas(3) {}
        ^
main.cpp:19:3: warning: ISO C++ prohibits anonymous structs [-Wpedantic]
  };
   ^
main.cpp:19:3: error: abstract declarator ‘A::<anonymous struct>’ used as declaration
main.cpp:21:17: error: expected constructor, destructor, or type conversion before ‘;’ token
  🍌* bananaptr;
                 ^
