main.cpp:3:9: error: ‘vector’ in namespace ‘std’ does not name a type
main.cpp:5:14: error: variable or field ‘furrovineexport’ declared void
main.cpp:5:14: error: expected ‘;’ at end of member declaration
main.cpp:5:38: error: ISO C++ forbids declaration of ‘DoShit’ with no type [-fpermissive]
main.cpp: In member function ‘int ExportTest::DoShit()’:
main.cpp:6:13: error: ‘AllTheExports’ was not declared in this scope
main.cpp:6:41: error: ‘unique_ptr’ is not a member of ‘std’
main.cpp:6:57: error: expected primary-expression before ‘int’
main.cpp:7:9: warning: no return statement in function returning non-void [-Wreturn-type]
