Command: g++-4.8 -std=c++11 -O2 -Wall -Wextra -pedantic -pthread main.cpp
Output: main.cpp: In function ‘int main()’:\nmain.cpp:5:38: error: ‘a’ was not declared in this scope\n     std::cout << "out1" << std::endl;a\n                                      ^\nmain.cpp:6:5: error: expected ‘;’ before ‘std’\n     std::cerr << "err1" << std::endl;\n     ^\n
Exit code: 1
Command: ./a.out
Output: ./cmd.sh: line 11: ./a.out: No such file or directory\n
Exit code: 127
Shell exit code: 0
