main.cpp:4:21: error: 'lexer' was not declared in this scope
main.cpp:6:28: error: 'lexer' was not declared in this scope
main.cpp:6:37: error: expected ',' or ';' before '{' token
