main.cpp: In function ‘int main()’:
main.cpp:23:13: error: ‘VariadicCombinePolicies’ does not name a type
main.cpp:26:5: error: ‘ABC’ was not declared in this scope
main.cpp:26:9: error: expected ‘;’ before ‘abc’
