main.cpp:10:1: error: expected ';' after class definition
 }
 ^
main.cpp: In function 'int main()':
main.cpp:16:36: error: 'run' was not declared in this scope
  std::for_each(v.begin(), v.end(), run);
                                    ^
