main.cpp:1:35: error: expected type-specifier before 'Furrovine'
main.cpp:1:35: error: expected '>' before 'Furrovine'
main.cpp:17:4: error: 'ptr' does not name a type
main.cpp:36:3: error: 'unordered_map' in namespace 'std' does not name a type
main.cpp:37:3: error: 'vector' in namespace 'std' does not name a type
main.cpp:41:36: error: 'std::unique_ptr' has not been declared
main.cpp:41:46: error: expected ',' or '...' before '<' token
main.cpp:46:31: error: 'ptr' has not been declared
main.cpp:46:34: error: expected ',' or '...' before '<' token
main.cpp:46:8: error: 'template<class key_type> template<class T> void ResourceCache::Add(const TKey&, int)' cannot be overloaded
main.cpp:41:8: error: with 'template<class key_type> template<class T> void ResourceCache::Add(const TKey&, int)'
main.cpp:64:39: error: 'std::unique_ptr' has not been declared
main.cpp:64:49: error: expected ',' or '...' before '<' token
main.cpp:69:34: error: 'ptr' has not been declared
main.cpp:69:37: error: expected ',' or '...' before '<' token
main.cpp:69:8: error: 'template<class key_type> template<class T> bool ResourceCache::TryAdd(const TKey&, int)' cannot be overloaded
main.cpp:64:8: error: with 'template<class key_type> template<class T> bool ResourceCache::TryAdd(const TKey&, int)'
main.cpp:124:11: error: 'ulword' was not declared in this scope
main.cpp:124:26: error: expected ';' before '{' token
main.cpp:134:3: error: data member 'At' cannot be a member template
main.cpp:137:20: error: 'ulword' was not declared in this scope
main.cpp:137:33: error: declaration of 'operator[]' as non-function
main.cpp:157:40: error: 'std::unique_ptr' has not been declared
main.cpp:157:50: error: expected ',' or '...' before '<' token
main.cpp:162:35: error: 'ptr' has not been declared
main.cpp:162:38: error: expected ',' or '...' before '<' token
main.cpp:162:8: error: 'template<class key_type> template<class T> bool ResourceCache::Replace(const TKey&, int)' cannot be overloaded
main.cpp:157:8: error: with 'template<class key_type> template<class T> bool ResourceCache::Replace(const TKey&, int)'
main.cpp: In constructor 'ResourceCache<key_type>::ResourceHolder<T>::ResourceHolder()':
main.cpp:19:24: error: class 'ResourceCache<key_type>::ResourceHolder<T>' does not have any field named 'resource'
main.cpp:19:34: error: 'null' was not declared in this scope
main.cpp: In constructor 'ResourceCache<key_type>::ResourceHolder<T>::ResourceHolder(T)':
main.cpp:23:35: error: class 'ResourceCache<key_type>::ResourceHolder<T>' does not have any field named 'resource'
main.cpp:23:45: error: 'move' is not a member of 'std'
main.cpp: In constructor 'ResourceCache<key_type>::ResourceHolder<T>::ResourceHolder(T&&)':
main.cpp:27:32: error: class 'ResourceCache<key_type>::ResourceHolder<T>' does not have any field named 'resource'
main.cpp:27:42: error: 'move' is not a member of 'std'
main.cpp: In constructor 'ResourceCache<key_type>::ResourceHolder<T>::ResourceHolder(T*)':
main.cpp:31:31: error: class 'ResourceCache<key_type>::ResourceHolder<T>' does not have any field named 'resource'
main.cpp: In member function 'void ResourceCache<key_type>::Add(const TKey&, int)':
main.cpp:42:14: error: 'value' was not declared in this scope
main.cpp: In member function 'void ResourceCache<key_type>::Add(const TKey&, int)':
main.cpp:47:14: error: 'value' was not declared in this scope
main.cpp: In member function 'void ResourceCache<key_type>::Add(const TKey&, T*)':
main.cpp:52:18: error: 'null' was not declared in this scope
main.cpp:55:17: error: 'resourceindices' was not declared in this scope
main.cpp:57:22: error: 'String' has not been declared
main.cpp:57:87: error: there are no arguments to 'Exception' that depend on a template parameter, so a declaration of 'Exception' must be available [-fpermissive]
main.cpp:57:87: note: (if you use '-fpermissive', G++ will accept your code, but allowing the use of an undeclared name is deprecated)
main.cpp:59:28: error: 'make_pair' is not a member of 'std'
main.cpp:59:49: error: 'resources' was not declared in this scope
main.cpp:60:28: error: 'make_ptr' was not declared in this scope
main.cpp:60:53: error: expected primary-expression before '>' token
main.cpp: In member function 'bool ResourceCache<key_type>::TryAdd(const TKey&, int)':
main.cpp:65:24: error: 'value' was not declared in this scope
main.cpp: In member function 'bool ResourceCache<key_type>::TryAdd(const TKey&, int)':
main.cpp:70:24: error: 'value' was not declared in this scope
main.cpp: In member function 'bool ResourceCache<key_type>::TryAdd(const TKey&, T*)':
main.cpp:75:18: error: 'null' was not declared in this scope
main.cpp:78:17: error: 'resourceindices' was not declared in this scope
main.cpp:82:28: error: 'make_pair' is not a member of 'std'
main.cpp:82:49: error: 'resources' was not declared in this scope
main.cpp:83:28: error: 'make_ptr' was not declared in this scope
main.cpp:83:53: error: expected primary-expression before '>' token
main.cpp: In member function 'bool ResourceCache<key_type>::TryGet(const TKey&, T*&)':
main.cpp:90:17: error: 'resourceindices' was not declared in this scope
main.cpp:92:72: error: 'resources' was not declared in this scope
main.cpp:93:25: error: 'null' was not declared in this scope
main.cpp: In member function 'T* ResourceCache<key_type>::TryGet(const TKey&)':
main.cpp:103:13: error: 'null' was not declared in this scope
main.cpp: In member function 'T& ResourceCache<key_type>::Get(const TKey&)':
main.cpp:110:40: error: 'null' was not declared in this scope
main.cpp:111:17: error: 'resourceindices' was not declared in this scope
main.cpp:116:55: error: 'resources' was not declared in this scope
main.cpp: In member function 'bool ResourceCache<key_type>::Remove(const TKey&)':
main.cpp:147:17: error: 'resourceindices' was not declared in this scope
main.cpp:148:60: error: 'resources' was not declared in this scope
main.cpp:152:4: error: 'resources' was not declared in this scope
main.cpp:152:38: error: 'null' was not declared in this scope
main.cpp: In member function 'bool ResourceCache<key_type>::Replace(const TKey&, int)':
main.cpp:158:25: error: 'value' was not declared in this scope
main.cpp: In member function 'bool ResourceCache<key_type>::Replace(const TKey&, int)':
main.cpp:163:25: error: 'value' was not declared in this scope
main.cpp: In member function 'bool ResourceCache<key_type>::Replace(const TKey&, T*)':
main.cpp:168:40: error: 'null' was not declared in this scope
main.cpp:172:17: error: 'resourceindices' was not declared in this scope
main.cpp:174:5: error: 'ptr' was not declared in this scope
main.cpp:174:21: error: expected primary-expression before '>' token
main.cpp:174:24: error: 'resourcebase' was not declared in this scope
main.cpp:174:39: error: 'resources' was not declared in this scope
main.cpp:180:36: error: 'move' is not a member of 'std'
main.cpp:185:29: error: 'make_pair' is not a member of 'std'
main.cpp:185:50: error: 'resources' was not declared in this scope
main.cpp:186:29: error: 'make_ptr' was not declared in this scope
main.cpp:186:54: error: expected primary-expression before '>' token
