main.cpp:17:1: error: 'map' in namespace 'std' does not name a type
main.cpp:35:6: warning: unused parameter 'ser' [-Wunused-parameter]
main.cpp: In function 'void send(Args&& ...)':
main.cpp:43:38: error: type/value mismatch at argument 1 in template parameter list for 'template<class> struct Signature'
main.cpp:43:38: error:   expected a type, got '& C:: execute'
main.cpp:44:20: error: expected ';' before '::' token
main.cpp:44:20: error: '::Arg' has not been declared
main.cpp:45:20: error: expected ';' before '::' token
main.cpp:45:20: error: '::Res' has not been declared
main.cpp:47:43: error: 'Arguments' was not declared in this scope
main.cpp:47:52: error: template argument 2 is invalid
main.cpp:47:102: error: there are no arguments to 'serialize' that depend on a template parameter, so a declaration of 'serialize' must be available [-fpermissive]
main.cpp:47:102: note: (if you use '-fpermissive', G++ will accept your code, but allowing the use of an undeclared name is deprecated)
main.cpp: In constructor 'Register_Increment::Register_Increment()':
main.cpp:60:50: error: type/value mismatch at argument 1 in template parameter list for 'template<class> struct Signature'
main.cpp:60:50: error:   expected a type, got 'Increment::execute'
main.cpp:61:9: error: 'functions' was not declared in this scope
main.cpp: In lambda function:
main.cpp:62:30: error: 'deserialize' was not declared in this scope
main.cpp:62:56: error: 'unpack' was not declared in this scope
main.cpp:62:22: error: expected primary-expression before '(' token
main.cpp:62:42: error: 'Sig' is not a class, namespace, or enumeration
main.cpp: In constructor 'Register_Increment::Register_Increment()':
main.cpp:63:11: error: expected ')' before ';' token
main.cpp: In function 'int main()':
main.cpp:72:5: error: 'ResultType' is not a member of 'IncSig {aka Signature<unsigned int (*)(unsigned int)>}'
main.cpp:73:1: error: expected ';' before '}' token
