main.cpp: In function ‘int main()’:
main.cpp:8:5: error: ‘a’ was not declared in this scope
main.cpp:9:1: error: expected ‘;’ before ‘}’ token
