In file included from /usr/include/c++/4.6/type_traits:35:0,
                 from main.cpp:1:
/usr/include/c++/4.6/bits/c++0x_warning.h:32:2: error: #error This file requires compiler and library support for the upcoming ISO C++ standard, C++0x. This support is currently experimental, and must be enabled with the -std=c++0x or -std=gnu++0x compiler options.
main.cpp:6:5: warning: identifier 'static_assert' will become a keyword in C++0x [-Wc++0x-compat]
main.cpp:8:5: warning: identifier 'noexcept' will become a keyword in C++0x [-Wc++0x-compat]
main.cpp: In function 'void swap(T&, T&)':
main.cpp:6:19: error: 'is_copy_constructible' is not a member of 'std'
main.cpp:6:47: error: expected primary-expression before '>' token
main.cpp:6:48: error: '::value' has not been declared
main.cpp:7:42: error: there are no arguments to 'static_assert' that depend on a template parameter, so a declaration of 'static_assert' must be available [-fpermissive]
main.cpp:7:42: note: (if you use '-fpermissive', G++ will accept your code, but allowing the use of an undeclared name is deprecated)
main.cpp:8:28: error: 'is_nothrow_move_constructible' is not a member of 'std'
main.cpp:8:64: error: expected primary-expression before '>' token
main.cpp:8:65: error: '::value' has not been declared
main.cpp:9:28: error: 'is_nothrow_move_assignable' is not a member of 'std'
main.cpp:9:61: error: expected primary-expression before '>' token
main.cpp:9:62: error: '::value' has not been declared
main.cpp:9:69: error: there are no arguments to 'noexcept' that depend on a template parameter, so a declaration of 'noexcept' must be available [-fpermissive]
main.cpp:11:5: warning: 'auto' will change meaning in C++0x; please remove it [-Wc++0x-compat]
main.cpp:11:10: error: 'c' does not name a type
main.cpp:13:9: error: 'c' was not declared in this scope
main.cpp: At global scope:
main.cpp:19:24: error: 'std::is_default_constructible' has not been declared
main.cpp:19:48: error: expected ',' or '...' before '<' token
main.cpp:20:75: error: ISO C++ forbids declaration of 'static_assert' with no type [-fpermissive]
main.cpp:25:34: error: defaulted and deleted functions only available with -std=c++0x or -std=gnu++0x
main.cpp:26:18: error: defaulted and deleted functions only available with -std=c++0x or -std=gnu++0x
main.cpp:31:21: error: defaulted and deleted functions only available with -std=c++0x or -std=gnu++0x
main.cpp: In function 'int main()':
main.cpp:42:25: warning: unused variable 'ds_ok' [-Wunused-variable]
main.cpp:43:32: warning: unused variable 'ds_error' [-Wunused-variable]
main.cpp: In function 'void swap(T&, T&) [with T = int]':
main.cpp:37:14:   instantiated from here
main.cpp:6:5: error: 'static_assert' was not declared in this scope
main.cpp:8:5: error: 'noexcept' was not declared in this scope
main.cpp: In function 'void swap(T&, T&) [with T = no_copy]':
main.cpp:40:20:   instantiated from here
main.cpp:6:5: error: 'static_assert' was not declared in this scope
main.cpp:8:5: error: 'noexcept' was not declared in this scope
