+ g++ -std=c++11 -O2 -Wall -pedantic -pthread main.cpp
main.cpp:9:5: error: stray â€˜\360â€™ in program
     struct ğŸŒ {
     ^
main.cpp:9:5: error: stray â€˜\237â€™ in program
main.cpp:9:5: error: stray â€˜\215â€™ in program
main.cpp:9:5: error: stray â€˜\214â€™ in program
main.cpp:11:3: error: stray â€˜\360â€™ in program
   struct inner_ğŸŒ {
   ^
main.cpp:11:3: error: stray â€˜\237â€™ in program
main.cpp:11:3: error: stray â€˜\215â€™ in program
main.cpp:11:3: error: stray â€˜\214â€™ in program
main.cpp:14:4: error: stray â€˜\360â€™ in program
    inner_ğŸŒ( ) : inner( 2 ) {}
    ^
main.cpp:14:4: error: stray â€˜\237â€™ in program
main.cpp:14:4: error: stray â€˜\215â€™ in program
main.cpp:14:4: error: stray â€˜\214â€™ in program
main.cpp:18:3: error: stray â€˜\360â€™ in program
   ğŸŒ() : bananas(3) {}
   ^
main.cpp:18:3: error: stray â€˜\237â€™ in program
main.cpp:18:3: error: stray â€˜\215â€™ in program
main.cpp:18:3: error: stray â€˜\214â€™ in program
main.cpp:21:2: error: stray â€˜\360â€™ in program
  ğŸŒ* bananaptr;
  ^
main.cpp:21:2: error: stray â€˜\237â€™ in program
main.cpp:21:2: error: stray â€˜\215â€™ in program
main.cpp:21:2: error: stray â€˜\214â€™ in program
main.cpp:18:8: error: expected unqualified-id before â€˜)â€™ token
   ğŸŒ() : bananas(3) {}
        ^
main.cpp:19:3: warning: ISO C++ prohibits anonymous structs [-Wpedantic]
  };
   ^
main.cpp:19:3: error: abstract declarator â€˜A::<anonymous struct>â€™ used as declaration
main.cpp:21:17: error: expected constructor, destructor, or type conversion before â€˜;â€™ token
  ğŸŒ* bananaptr;
                 ^
