+ gcc main.cpp -o main
main.cpp:11:9: error: 'link' does not name a type
main.cpp: In constructor 'linklist::linklist()':
main.cpp:15:13: error: 'first' was not declared in this scope
main.cpp: In member function 'void linklist::additem(int)':
main.cpp:22:11: error: 'newlink' was not declared in this scope
main.cpp:22:25: error: expected type-specifier before 'link'
main.cpp:22:25: error: expected ';' before 'link'
main.cpp:24:21: error: 'first' was not declared in this scope
main.cpp: In member function 'void linklist::display()':
main.cpp:30:11: error: 'current' was not declared in this scope
main.cpp:30:21: error: 'first' was not declared in this scope
