In file included from /usr/include/c++/4.7/thread:35:0,
                 from main.cpp:3:
/usr/include/c++/4.7/bits/c++0x_warning.h:32:2: error: #error This file requires compiler and library support for the ISO C++ 2011 standard. This support is currently experimental, and must be enabled with the -std=c++11 or -std=gnu++11 compiler options.
main.cpp:7:1: error: 'mutex' in namespace 'std' does not name a type
main.cpp:8:1: error: 'condition_variable' in namespace 'std' does not name a type
main.cpp: In function 'void worker_thread()':
main.cpp:16:5: error: 'unique_lock' is not a member of 'std'
main.cpp:16:22: error: 'mutex' is not a member of 'std'
main.cpp:16:37: error: 'm' was not declared in this scope
main.cpp:16:38: error: 'lk' was not declared in this scope
main.cpp:17:5: error: 'cv' was not declared in this scope
main.cpp:17:33: error: lambda expressions only available with -std=c++11 or -std=gnu++11
main.cpp: In function 'int main()':
main.cpp:35:5: error: 'thread' is not a member of 'std'
main.cpp:35:17: error: expected ';' before 'worker'
main.cpp:40:9: error: 'lock_guard' is not a member of 'std'
main.cpp:40:25: error: 'mutex' is not a member of 'std'
main.cpp:40:40: error: 'm' was not declared in this scope
main.cpp:40:41: error: 'lk' was not declared in this scope
main.cpp:44:5: error: 'cv' was not declared in this scope
main.cpp:48:9: error: 'unique_lock' is not a member of 'std'
main.cpp:48:26: error: 'mutex' is not a member of 'std'
main.cpp:48:41: error: 'm' was not declared in this scope
main.cpp:48:42: error: 'lk' was not declared in this scope
main.cpp:49:41: error: lambda expressions only available with -std=c++11 or -std=gnu++11
main.cpp:53:5: error: 'worker' was not declared in this scope
