main.cpp: In function ‘int main()’:
main.cpp:6:1: error: expected ‘;’ before ‘}’ token
main.cpp:6:1: error: statement has no effect [-Werror=unused-value]
cc1plus: all warnings being treated as errors
