main.cpp:4:1: error: 'T' does not name a type
main.cpp:8:1: error: expected declaration before '}' token
