+ g++ -std=c++11 -O2 -Wall -Wextra -pedantic -pthread main.cpp
main.cpp:1:9: warning: #pragma once in main file [enabled by default]
 #pragma once
         ^
main.cpp:3:0: warning: ignoring #pragma warning  [-Wunknown-pragmas]
 #pragma warning( push, 0 )
 ^
In file included from /usr/local/include/llvm/Support/type_traits.h:20:0,
                 from /usr/local/include/llvm/ADT/StringRef.h:13,
                 from /usr/local/include/llvm/ADT/StringMap.h:17,
                 from /usr/local/include/llvm/Support/Host.h:17,
                 from main.cpp:4:
/usr/local/include/llvm/Support/DataTypes.h:49:3: error: #error "Must #define __STDC_LIMIT_MACROS before #including Support/DataTypes.h"
 # error "Must #define __STDC_LIMIT_MACROS before #including Support/DataTypes.h"
   ^
/usr/local/include/llvm/Support/DataTypes.h:53:3: error: #error "Must #define __STDC_CONSTANT_MACROS before " "#including Support/DataTypes.h"
 # error "Must #define __STDC_CONSTANT_MACROS before " \
   ^
main.cpp:14:0: warning: ignoring #pragma warning  [-Wunknown-pragmas]
 #pragma warning( pop )
 ^
main.cpp:25:3: error: ‘FrontendOptions’ in namespace ‘clang’ does not name a type
   clang::FrontendOptions frontendoptions;
   ^
main.cpp:26:3: error: ‘TargetOptions’ in namespace ‘clang’ does not name a type
   clang::TargetOptions targetoptions;
   ^
main.cpp:52:18: error: ‘Furrovine’ has not been declared
      bool Parse( Furrovine::String filename ) {
                  ^
main.cpp:52:36: error: expected ‘,’ or ‘...’ before ‘filename’
      bool Parse( Furrovine::String filename ) {
                                    ^
main.cpp: In constructor ‘Furroflect::Compiler::Compiler(int, const char* const*)’:
main.cpp:38:62: error: invalid use of incomplete type ‘class clang::PreprocessorOptions’
      llvmpreprocessoroptions( new clang::PreprocessorOptions() ),
                                                              ^
In file included from main.cpp:10:0:
/usr/local/include/clang/Lex/Preprocessor.h:57:7: error: forward declaration of ‘class clang::PreprocessorOptions’
 class PreprocessorOptions;
       ^
main.cpp:39:62: error: invalid use of incomplete type ‘class clang::HeaderSearchOptions’
      llvmheadersearchoptions( new clang::HeaderSearchOptions() ) {
                                                              ^
In file included from main.cpp:11:0:
/usr/local/include/clang/Lex/HeaderSearch.h:33:7: error: forward declaration of ‘class clang::HeaderSearchOptions’
 class HeaderSearchOptions;
       ^
main.cpp:30:28: warning: ‘Furroflect::Compiler::errorstream’ will be initialized after [-Wreorder]
   llvm::raw_string_ostream errorstream;
                            ^
main.cpp:23:54: warning:   ‘llvm::IntrusiveRefCntPtr<clang::DiagnosticOptions> Furroflect::Compiler::llvmdiagnosticsoptions’ [-Wreorder]
   llvm::IntrusiveRefCntPtr<clang::DiagnosticOptions> llvmdiagnosticsoptions;
                                                      ^
main.cpp:35:9: warning:   when initialized here [-Wreorder]
         Compiler( int argc, const char* const argv[] ) 
         ^
main.cpp:23:54: warning: ‘Furroflect::Compiler::llvmdiagnosticsoptions’ will be initialized after [-Wreorder]
   llvm::IntrusiveRefCntPtr<clang::DiagnosticOptions> llvmdiagnosticsoptions;
                                                      ^
main.cpp:20:56: warning:   ‘llvm::IntrusiveRefCntPtr<clang::PreprocessorOptions> Furroflect::Compiler::llvmpreprocessoroptions’ [-Wreorder]
   llvm::IntrusiveRefCntPtr<clang::PreprocessorOptions> llvmpreprocessoroptions;
                                                        ^
main.cpp:35:9: warning:   when initialized here [-Wreorder]
         Compiler( int argc, const char* const argv[] ) 
         ^
main.cpp:48:7: error: ‘targetoptions’ was not declared in this scope
       targetoptions.Triple = llvm::sys::getDefaultTargetTriple( );
       ^
main.cpp: At global scope:
main.cpp:35:9: warning: unused parameter ‘argc’ [-Wunused-parameter]
         Compiler( int argc, const char* const argv[] ) 
         ^
main.cpp:35:9: warning: unused parameter ‘argv’ [-Wunused-parameter]
main.cpp: In member function ‘bool Furroflect::Compiler::Parse(int)’:
main.cpp:68:58: error: ‘filename’ was not declared in this scope
   llvm::StringRef llvmfilename( reinterpret_cast<char*>( filename.data( ) ) );
                                                          ^
main.cpp:70:3: error: ‘CompilerInstance’ is not a member of ‘clang’
   clang::CompilerInstance ci;
   ^
main.cpp:70:27: error: expected ‘;’ before ‘ci’
   clang::CompilerInstance ci;
                           ^
main.cpp:74:50: error: incomplete type ‘clang::TargetInfo’ used in nested name specifier
   std::unique_ptr<clang::TargetInfo> targetinfo( clang::TargetInfo::CreateTargetInfo( diagnosticsengine, &targetoptions ) );
                                                  ^
main.cpp:74:107: error: ‘targetoptions’ was not declared in this scope
   std::unique_ptr<clang::TargetInfo> targetinfo( clang::TargetInfo::CreateTargetInfo( diagnosticsengine, &targetoptions ) );
                                                                                                           ^
main.cpp:75:13: error: invalid use of incomplete type ‘class clang::TargetInfo’
   targetinfo->setCXXABI( clang::TargetCXXABI::Microsoft );
             ^
In file included from main.cpp:5:0:
/usr/local/include/clang/AST/ASTContext.h:60:9: error: forward declaration of ‘class clang::TargetInfo’
   class TargetInfo;
         ^
main.cpp:75:33: error: ‘clang::TargetCXXABI’ has not been declared
   targetinfo->setCXXABI( clang::TargetCXXABI::Microsoft );
                                 ^
main.cpp:79:136: error: ‘ci’ was not declared in this scope
   clang::Preprocessor preprocessor( llvmpreprocessoroptions, diagnosticsengine, languageoptions, targetinfo.get( ), sourcemanager, hs, ci );
                                                                                                                                        ^
main.cpp:80:3: error: ‘InitializePreprocessor’ is not a member of ‘clang’
   clang::InitializePreprocessor( preprocessor, preprocessoroptions, headersearchoptions, frontendoptions );
   ^
main.cpp:80:90: error: ‘frontendoptions’ was not declared in this scope
   clang::InitializePreprocessor( preprocessor, preprocessoroptions, headersearchoptions, frontendoptions );
                                                                                          ^
main.cpp:83:80: error: ‘null’ was not declared in this scope
   clang::Sema sema( preprocessor, astcontext, astconsumer, clang::TU_Complete, null );
                                                                                ^
main.cpp:90:10: error: ‘Furrovine’ has not been declared
    throw Furrovine::TException<std::exception>( "Could not find file " + filename );
          ^
main.cpp:90:46: error: expected primary-expression before ‘>’ token
    throw Furrovine::TException<std::exception>( "Could not find file " + filename );
                                              ^
main.cpp:94:10: error: ‘Furrovine’ has not been declared
    throw Furrovine::TException<std::exception>( "Error translating file " + filename );
          ^
main.cpp:94:46: error: expected primary-expression before ‘>’ token
    throw Furrovine::TException<std::exception>( "Error translating file " + filename );
                                              ^
main.cpp: At global scope:
main.cpp:52:11: warning: unused parameter ‘String’ [-Wunused-parameter]
      bool Parse( Furrovine::String filename ) {
           ^
In file included from /usr/include/c++/4.8/memory:81:0,
                 from /usr/local/include/llvm/ADT/SmallVector.h:27,
                 from /usr/local/include/llvm/ADT/ArrayRef.h:14,
                 from /usr/local/include/llvm/ADT/APInt.h:19,
                 from /usr/local/include/llvm/ADT/APFloat.h:20,
                 from /usr/local/include/clang/AST/APValue.h:18,
                 from /usr/local/include/clang/AST/Decl.h:17,
                 from /usr/local/include/clang/AST/ASTTypeTraits.h:20,
                 from /usr/local/include/clang/AST/ASTContext.h:18,
                 from main.cpp:5:
/usr/include/c++/4.8/bits/unique_ptr.h: In instantiation of ‘void std::default_delete<_Tp>::operator()(_Tp*) const [with _Tp = clang::TargetInfo]’:
/usr/include/c++/4.8/bits/unique_ptr.h:184:16:   required from ‘std::unique_ptr<_Tp, _Dp>::~unique_ptr() [with _Tp = clang::TargetInfo; _Dp = std::default_delete<clang::TargetInfo>]’
main.cpp:74:123:   required from here
/usr/include/c++/4.8/bits/unique_ptr.h:65:22: error: invalid application of ‘sizeof’ to incomplete type ‘clang::TargetInfo’
  static_assert(sizeof(_Tp)>0,
                      ^
In file included from /usr/local/include/clang/Basic/DiagnosticIDs.h:19:0,
                 from /usr/local/include/clang/Basic/Diagnostic.h:18,
                 from /usr/local/include/clang/Basic/PartialDiagnostic.h:19,
                 from /usr/local/include/clang/AST/DeclarationName.h:17,
                 from /usr/local/include/clang/AST/DeclBase.h:18,
                 from /usr/local/include/clang/AST/Decl.h:18,
                 from /usr/local/include/clang/AST/ASTTypeTraits.h:20,
                 from /usr/local/include/clang/AST/ASTContext.h:18,
                 from main.cpp:5:
/usr/local/include/llvm/ADT/IntrusiveRefCntPtr.h: In instantiation of ‘static void llvm::IntrusiveRefCntPtrInfo<T>::release(T*) [with T = clang::PreprocessorOptions]’:
/usr/local/include/llvm/ADT/IntrusiveRefCntPtr.h:178:69:   required from ‘void llvm::IntrusiveRefCntPtr<T>::release() [with T = clang::PreprocessorOptions]’
/usr/local/include/llvm/ADT/IntrusiveRefCntPtr.h:148:37:   required from ‘llvm::IntrusiveRefCntPtr<T>::~IntrusiveRefCntPtr() [with T = clang::PreprocessorOptions]’
main.cpp:39:64:   required from here
/usr/local/include/llvm/ADT/IntrusiveRefCntPtr.h:89:35: error: invalid use of incomplete type ‘class clang::PreprocessorOptions’
     static void release(T *obj) { obj->Release(); }
                                   ^
In file included from main.cpp:10:0:
/usr/local/include/clang/Lex/Preprocessor.h:57:7: error: forward declaration of ‘class clang::PreprocessorOptions’
 class PreprocessorOptions;
       ^
In file included from /usr/local/include/clang/Basic/DiagnosticIDs.h:19:0,
                 from /usr/local/include/clang/Basic/Diagnostic.h:18,
                 from /usr/local/include/clang/Basic/PartialDiagnostic.h:19,
                 from /usr/local/include/clang/AST/DeclarationName.h:17,
                 from /usr/local/include/clang/AST/DeclBase.h:18,
                 from /usr/local/include/clang/AST/Decl.h:18,
                 from /usr/local/include/clang/AST/ASTTypeTraits.h:20,
                 from /usr/local/include/clang/AST/ASTContext.h:18,
                 from main.cpp:5:
/usr/local/include/llvm/ADT/IntrusiveRefCntPtr.h: In instantiation of ‘static void llvm::IntrusiveRefCntPtrInfo<T>::release(T*) [with T = clang::HeaderSearchOptions]’:
/usr/local/include/llvm/ADT/IntrusiveRefCntPtr.h:178:69:   required from ‘void llvm::IntrusiveRefCntPtr<T>::release() [with T = clang::HeaderSearchOptions]’
/usr/local/include/llvm/ADT/IntrusiveRefCntPtr.h:148:37:   required from ‘llvm::IntrusiveRefCntPtr<T>::~IntrusiveRefCntPtr() [with T = clang::HeaderSearchOptions]’
main.cpp:39:64:   required from here
/usr/local/include/llvm/ADT/IntrusiveRefCntPtr.h:89:35: error: invalid use of incomplete type ‘class clang::HeaderSearchOptions’
     static void release(T *obj) { obj->Release(); }
                                   ^
In file included from main.cpp:11:0:
/usr/local/include/clang/Lex/HeaderSearch.h:33:7: error: forward declaration of ‘class clang::HeaderSearchOptions’
 class HeaderSearchOptions;
       ^
In file included from /usr/local/include/clang/Basic/DiagnosticIDs.h:19:0,
                 from /usr/local/include/clang/Basic/Diagnostic.h:18,
                 from /usr/local/include/clang/Basic/PartialDiagnostic.h:19,
                 from /usr/local/include/clang/AST/DeclarationName.h:17,
                 from /usr/local/include/clang/AST/DeclBase.h:18,
                 from /usr/local/include/clang/AST/Decl.h:18,
                 from /usr/local/include/clang/AST/ASTTypeTraits.h:20,
                 from /usr/local/include/clang/AST/ASTContext.h:18,
                 from main.cpp:5:
/usr/local/include/llvm/ADT/IntrusiveRefCntPtr.h: In instantiation of ‘static void llvm::IntrusiveRefCntPtrInfo<T>::retain(T*) [with T = clang::HeaderSearchOptions]’:
/usr/local/include/llvm/ADT/IntrusiveRefCntPtr.h:177:67:   required from ‘void llvm::IntrusiveRefCntPtr<T>::retain() [with T = clang::HeaderSearchOptions]’
/usr/local/include/llvm/ADT/IntrusiveRefCntPtr.h:123:14:   required from ‘llvm::IntrusiveRefCntPtr<T>::IntrusiveRefCntPtr(const llvm::IntrusiveRefCntPtr<T>&) [with T = clang::HeaderSearchOptions]’
main.cpp:77:119:   required from here
/usr/local/include/llvm/ADT/IntrusiveRefCntPtr.h:88:34: error: invalid use of incomplete type ‘class clang::HeaderSearchOptions’
     static void retain(T *obj) { obj->Retain(); }
                                  ^
In file included from main.cpp:11:0:
/usr/local/include/clang/Lex/HeaderSearch.h:33:7: error: forward declaration of ‘class clang::HeaderSearchOptions’
 class HeaderSearchOptions;
       ^
