main.cpp:20:1: error: template argument 2 is invalid
main.cpp:20:1: error: invalid type in declaration before ';' token
main.cpp:21:1: error: 'string_' in namespace 'std' does not name a type
main.cpp:21:1: error: template argument 2 is invalid
main.cpp:21:1: error: expected '::' before 'Title'
main.cpp:21:1: error: invalid type in declaration before ';' token
main.cpp:22:1: error: 'string_' in namespace 'std' does not name a type
main.cpp:22:1: error: template argument 2 is invalid
main.cpp:22:1: error: expected '::' before 'Description'
main.cpp:22:1: error: invalid type in declaration before ';' token
main.cpp: In function 'std::tuple<_Elements ...> make_record(Args&& ...)':
main.cpp:30:19: error: 'all_types_are_different' was not declared in this scope
main.cpp:30:47: error: expected primary-expression before '>' token
main.cpp:30:48: error: '::value' has not been declared
main.cpp:31:5: error: expected ';' before 'return'
main.cpp: In function 'int main()':
main.cpp:38:91: error: cast from 'const char*' to 'Title {aka int}' loses precision [-fpermissive]
main.cpp:39:46: error: 'Author' was not declared in this scope
main.cpp:39:47: error: unable to deduce 'auto' from '<expression error>'
main.cpp:41:18: error: 'get' was not declared in this scope
main.cpp:41:18: note: suggested alternative:
In file included from main.cpp:2:0:
/usr/include/c++/4.7/tuple:866:26: note:   'std::get'
main.cpp:41:27: error: expected primary-expression before '>' token
main.cpp:41:33: error: unable to deduce 'auto' from '<expression error>'
main.cpp:42:35: error: unable to deduce 'auto' from '<expression error>'
