main.cpp:4:1: error: stray '`' in program
main.cpp:4:1: error: stray '`' in program
main.cpp:1:1: error: 'set' does not name a type
