main.cpp:1:27: error: expected type-specifier before 'Furrovine'
main.cpp:1:27: error: expected '>' before 'Furrovine'
main.cpp:24:3: error: 'unordered_map' in namespace 'std' does not name a type
main.cpp:25:3: error: 'vector' in namespace 'std' does not name a type
main.cpp:29:36: error: 'std::unique_ptr' has not been declared
main.cpp:29:46: error: expected ',' or '...' before '<' token
main.cpp:34:31: error: 'ptr' has not been declared
main.cpp:34:34: error: expected ',' or '...' before '<' token
main.cpp:34:8: error: 'template<class tkey> template<class T> void ResourceCache::Add(const TKey&, int)' cannot be overloaded
main.cpp:29:8: error: with 'template<class tkey> template<class T> void ResourceCache::Add(const TKey&, int)'
main.cpp:44:39: error: 'std::unique_ptr' has not been declared
main.cpp:44:49: error: expected ',' or '...' before '<' token
main.cpp:49:34: error: 'ptr' has not been declared
main.cpp:49:37: error: expected ',' or '...' before '<' token
main.cpp:49:8: error: 'template<class tkey> template<class T> bool ResourceCache::TryAdd(const TKey&, int)' cannot be overloaded
main.cpp:44:8: error: with 'template<class tkey> template<class T> bool ResourceCache::TryAdd(const TKey&, int)'
main.cpp:101:11: error: 'ulword' was not declared in this scope
main.cpp:101:26: error: expected ';' before '{' token
main.cpp:111:3: error: data member 'At' cannot be a member template
main.cpp:114:20: error: 'ulword' was not declared in this scope
main.cpp:114:33: error: declaration of 'operator[]' as non-function
main.cpp: In constructor 'ResourceCache<tkey>::ResourceHolder<T>::ResourceHolder(T)':
main.cpp:19:28: error: class 'ResourceCache<tkey>::ResourceHolder<T>' does not have any field named 't'
main.cpp:19:31: error: 'move' is not a member of 'std'
main.cpp: In member function 'void ResourceCache<tkey>::Add(const TKey&, int)':
main.cpp:30:14: error: 'value' was not declared in this scope
main.cpp: In member function 'void ResourceCache<tkey>::Add(const TKey&, int)':
main.cpp:35:14: error: 'value' was not declared in this scope
main.cpp: In member function 'bool ResourceCache<tkey>::TryAdd(const TKey&, int)':
main.cpp:45:24: error: 'value' was not declared in this scope
main.cpp: In member function 'bool ResourceCache<tkey>::TryAdd(const TKey&, int)':
main.cpp:50:24: error: 'value' was not declared in this scope
main.cpp: In member function 'bool ResourceCache<tkey>::TryAdd(const TKey&, T*)':
main.cpp:55:18: error: 'null' was not declared in this scope
main.cpp:58:17: error: 'resourceindices' was not declared in this scope
main.cpp:60:29: error: 'make_pair' is not a member of 'std'
main.cpp:60:50: error: 'resources' was not declared in this scope
main.cpp: In member function 'bool ResourceCache<tkey>::TryGet(const TKey&, T*&)':
main.cpp:69:17: error: 'resourceindices' was not declared in this scope
main.cpp:71:72: error: 'resources' was not declared in this scope
main.cpp:72:25: error: 'null' was not declared in this scope
main.cpp:76:3: error: no return statement in function returning non-void [-Werror=return-type]
main.cpp: In member function 'T* ResourceCache<tkey>::TryGet(const TKey&)':
main.cpp:80:13: error: 'null' was not declared in this scope
main.cpp: In member function 'T& ResourceCache<tkey>::Get(const TKey&)':
main.cpp:87:40: error: 'null' was not declared in this scope
main.cpp:88:17: error: 'resourceindices' was not declared in this scope
main.cpp:93:55: error: 'resources' was not declared in this scope
main.cpp: In member function 'bool ResourceCache<tkey>::Remove(const TKey&)':
main.cpp:124:17: error: 'resourceindices' was not declared in this scope
main.cpp:125:60: error: 'resources' was not declared in this scope
main.cpp:128:4: error: 'resources' was not declared in this scope
main.cpp:128:38: error: 'null' was not declared in this scope
main.cpp: In function 'int main(int, char**)':
main.cpp:135:5: error: 'RVector3' was not declared in this scope
main.cpp:135:14: error: expected primary-expression before 'float'
main.cpp:135:14: error: expected ';' before 'float'
main.cpp:136:5: error: 'arf' was not declared in this scope
cc1plus: all warnings being treated as errors
