main.cpp: In member function ‘void FileOut::operator()(const T&) const’:
main.cpp:69:42: error: expected ‘)’ before ‘;’ token
main.cpp: In member function ‘void Archive::store(const string&)’:
main.cpp:88:48: error: ‘compession’ was not declared in this scope
