main.cpp:1:27: error: ‘command’ does not name a type
main.cpp:1:36: error: ISO C++ forbids declaration of ‘command’ with no type [-fpermissive]
main.cpp:2:21: error: ‘string’ has not been declared
main.cpp:3:21: error: ‘string’ has not been declared
main.cpp: In function ‘int execute_command(const int&, int&, int&)’:
main.cpp:8:20: error: ‘pipe’ was not declared in this scope
main.cpp:9:42: error: ‘error’ was not declared in this scope
main.cpp:12:3: error: ‘pid_t’ was not declared in this scope
main.cpp:12:9: error: expected ‘;’ before ‘pid’
main.cpp:13:10: error: ‘pid’ was not declared in this scope
main.cpp:16:33: error: ‘error’ was not declared in this scope
main.cpp:18:13: error: ‘debug’ has not been declared
main.cpp:18:32: error: ‘debug’ was not declared in this scope
main.cpp:23:26: error: ‘dup2’ was not declared in this scope
main.cpp:29:22: error: request for member ‘program’ in ‘command’, which is of non-class type ‘const int’
main.cpp:29:48: error: request for member ‘arguments’ in ‘command’, which is of non-class type ‘const int’
main.cpp:29:60: error: ‘execvp’ was not declared in this scope
main.cpp:30:66: error: request for member ‘program’ in ‘command’, which is of non-class type ‘const int’
main.cpp:33:36: error: ‘waitpid’ was not declared in this scope
main.cpp:34:15: error: ‘debug’ is not a class, namespace, or enumeration
main.cpp:39:25: error: ‘close’ was not declared in this scope
main.cpp:42:13: error: ‘size_t’ does not name a type
main.cpp:43:7: error: ‘string’ was not declared in this scope
main.cpp:43:14: error: expected ‘;’ before ‘buffer’
main.cpp:44:7: error: ‘buffer’ was not declared in this scope
main.cpp:44:21: error: ‘buffer_size’ was not declared in this scope
main.cpp:45:7: error: ‘ssize_t’ was not declared in this scope
main.cpp:45:15: error: expected ‘;’ before ‘bytes_read’
main.cpp:46:13: error: ‘bytes_read’ was not declared in this scope
main.cpp:48:21: error: request for member ‘append’ in ‘string_cout’, which is of non-class type ‘int’
main.cpp:48:57: error: expected type-specifier before ‘size_t’
main.cpp:48:57: error: expected ‘>’ before ‘size_t’
main.cpp:48:57: error: expected ‘(’ before ‘size_t’
main.cpp:48:57: error: ‘size_t’ was not declared in this scope
main.cpp:49:64: error: ‘read’ was not declared in this scope
main.cpp:54:19: error: expected ‘}’ at end of input
