main.cpp: In function 'int main()':
main.cpp:10:52: error: type/value mismatch at argument 1 in template parameter list for 'template<class _Signature> class std::result_of'
main.cpp:10:52: error:   expected a type, got 'foo'
