main.cpp: In function ‘int main(int, char**)’:
main.cpp:2:5: error: ‘vector’ is not a member of ‘std’
main.cpp:2:17: error: ‘Vector3’ was not declared in this scope
main.cpp:2:26: error: ‘positions’ was not declared in this scope
main.cpp:3:5: error: ‘vector’ is not a member of ‘std’
main.cpp:3:17: error: ‘Vector2’ was not declared in this scope
main.cpp:3:26: error: ‘textures’ was not declared in this scope
main.cpp:4:5: error: ‘vector’ is not a member of ‘std’
main.cpp:4:26: error: ‘normals’ was not declared in this scope
main.cpp:5:5: error: ‘vector’ is not a member of ‘std’
main.cpp:5:17: error: ‘uint32’ was not declared in this scope
main.cpp:5:25: error: ‘positionindices’ was not declared in this scope
main.cpp:6:5: error: ‘vector’ is not a member of ‘std’
main.cpp:6:25: error: ‘textureindices’ was not declared in this scope
main.cpp:7:5: error: ‘vector’ is not a member of ‘std’
main.cpp:7:25: error: ‘normalindices’ was not declared in this scope
main.cpp:8:5: error: ‘int32’ was not declared in this scope
main.cpp:8:11: error: expected ‘;’ before ‘posidx’
main.cpp:9:11: error: expected ‘;’ before ‘texidx’
main.cpp:10:11: error: expected ‘;’ before ‘normalidx’
main.cpp:11:12: error: expected ‘;’ before ‘idx’
main.cpp:16:26: error: ‘Vector3’ is not a class, namespace, or enumeration
main.cpp:17:25: error: ‘Vector2’ is not a class, namespace, or enumeration
main.cpp:18:24: error: ‘Vector3’ is not a class, namespace, or enumeration
main.cpp:25:5: error: ‘reader’ was not declared in this scope
main.cpp:25:23: error: ‘posidx’ was not declared in this scope
main.cpp:27:19: error: expected ‘;’ before ‘context’
main.cpp:28:2: error: ‘tempvector3’ was not declared in this scope
main.cpp:28:16: error: ‘context’ was not declared in this scope
main.cpp:29:2: error: ‘Vector3’ is not a class, namespace, or enumeration
main.cpp:30:2: error: ‘Vector3’ is not a class, namespace, or enumeration
main.cpp:36:22: error: ‘normidx’ was not declared in this scope
main.cpp:38:22: error: expected ‘;’ before ‘context’
main.cpp:39:4: error: ‘texidx’ was not declared in this scope
main.cpp:43:22: error: ‘texidx’ was not declared in this scope
main.cpp:45:21: error: expected ‘;’ before ‘context’
main.cpp:49:23: error: ‘normidx’ was not declared in this scope
main.cpp:51:23: error: expected ‘;’ before ‘context’
main.cpp:55:5: error: ‘normidx’ was not declared in this scope
main.cpp:56:5: error: ‘makenormals’ was not declared in this scope
main.cpp:61:3: error: ‘texidx’ was not declared in this scope
main.cpp:62:3: error: ‘normidx’ was not declared in this scope
main.cpp:63:3: error: ‘makenormals’ was not declared in this scope
main.cpp:67:10: error: ‘idx’ was not declared in this scope
main.cpp:69:37: error: ‘normidx’ was not declared in this scope
main.cpp:70:38: error: ‘texidx’ was not declared in this scope
main.cpp:74:3: error: ‘count’ was not declared in this scope
main.cpp:74:18: error: expected ‘;’ before ‘context’
main.cpp:75:3: error: ‘start’ was not declared in this scope
main.cpp:82:37: error: ‘normidx’ was not declared in this scope
main.cpp:85:38: error: ‘texidx’ was not declared in this scope
main.cpp:96:85: error: ‘log_warning’ was not declared in this scope
main.cpp:102:12: error: expected ‘;’ before ‘size’
main.cpp:105:18: error: expected ‘;’ before ‘v’
main.cpp:105:25: error: ‘v’ was not declared in this scope
main.cpp:105:29: error: ‘size’ was not declared in this scope
