main.cpp: In static member function 'static void P<N>::foo(const Dec&)':
main.cpp:17:14: error: template argument 1 is invalid
main.cpp:17:20: error: invalid type in declaration before '(' token
main.cpp:17:20: error: invalid use of qualified-name '::foo'
main.cpp:17:21: error: 'make_pair' is not a member of 'std'
main.cpp: At global scope:
main.cpp:23:11: error: type/value mismatch at argument 1 in template parameter list for 'template<class N> struct P'
main.cpp:23:11: error:   expected a type, got '5'
main.cpp: In function 'int main()':
main.cpp:34:8: error: type/value mismatch at argument 1 in template parameter list for 'template<class N> struct P'
main.cpp:34:8: error:   expected a type, got '1'
main.cpp:34:11: error: invalid type in declaration before ';' token
main.cpp:35:7: error: request for member 'foo' in 'p', which is of non-class type 'int'
