main.cpp: In function 'int main()':
main.cpp:6:39: error: 'T' was not declared in this scope
main.cpp:6:39: error: template argument 1 is invalid
main.cpp:6:39: error: template argument 2 is invalid
main.cpp:6:40: error: template argument 1 is invalid
main.cpp:6:44: error: invalid type in declaration before ';' token
main.cpp:6:43: error: unused variable 'p' [-Werror=unused-variable]
cc1plus: all warnings being treated as errors
