main.cpp:5:26: error: type/value mismatch at argument 1 in template parameter list for 'template<class T> struct identity'
 struct seq : identity<seq>{};
                          ^
main.cpp:5:26: error:   expected a type, got 'seq'
