In file included from /usr/include/c++/4.7/atomic:38:0,
                 from main.cpp:1:
/usr/include/c++/4.7/bits/c++0x_warning.h:32:2: error: #error This file requires compiler and library support for the ISO C++ 2011 standard. This support is currently experimental, and must be enabled with the -std=c++11 or -std=gnu++11 compiler options.
main.cpp:8:5: warning: identifier 'nullptr' is a keyword in C++11 [-Wc++0x-compat]
In file included from /usr/include/c++/4.7/atomic:41:0,
                 from main.cpp:1:
/usr/include/c++/4.7/bits/atomic_base.h:63:3: error: 'constexpr' does not name a type
/usr/include/c++/4.7/bits/atomic_base.h:63:3: note: C++11 'constexpr' only available with -std=c++11 or -std=gnu++11
/usr/include/c++/4.7/bits/atomic_base.h:71:41: error: expected initializer before 'noexcept'
/usr/include/c++/4.7/bits/atomic_base.h:75:41: error: expected initializer before 'noexcept'
/usr/include/c++/4.7/bits/atomic_base.h:81:30: error: expected initializer before 'noexcept'
/usr/include/c++/4.7/bits/atomic_base.h:129:25: error: 'char16_t' was not declared in this scope
/usr/include/c++/4.7/bits/atomic_base.h:129:33: error: template argument 1 is invalid
/usr/include/c++/4.7/bits/atomic_base.h:129:53: error: invalid type in declaration before ';' token
/usr/include/c++/4.7/bits/atomic_base.h:132:25: error: 'char32_t' was not declared in this scope
/usr/include/c++/4.7/bits/atomic_base.h:132:33: error: template argument 1 is invalid
/usr/include/c++/4.7/bits/atomic_base.h:132:53: error: invalid type in declaration before ';' token
/usr/include/c++/4.7/bits/atomic_base.h:135:25: error: 'char32_t' was not declared in this scope
/usr/include/c++/4.7/bits/atomic_base.h:135:33: error: template argument 1 is invalid
/usr/include/c++/4.7/bits/atomic_base.h:135:53: error: invalid type in declaration before ';' token
/usr/include/c++/4.7/bits/atomic_base.h:246:17: error: expected ';' at end of member declaration
/usr/include/c++/4.7/bits/atomic_base.h:246:19: error: 'noexcept' does not name a type
/usr/include/c++/4.7/bits/atomic_base.h:247:18: error: expected ';' at end of member declaration
/usr/include/c++/4.7/bits/atomic_base.h:247:20: error: 'noexcept' does not name a type
/usr/include/c++/4.7/bits/atomic_base.h:253:5: error: 'constexpr' does not name a type
/usr/include/c++/4.7/bits/atomic_base.h:253:5: note: C++11 'constexpr' only available with -std=c++11 or -std=gnu++11
/usr/include/c++/4.7/bits/atomic_base.h:255:5: error: expected unqualified-id before '{' token
/usr/include/c++/4.7/bits/atomic_base.h:258:57: error: expected ';' at end of member declaration
/usr/include/c++/4.7/bits/atomic_base.h:258:59: error: 'noexcept' does not name a type
/usr/include/c++/4.7/bits/atomic_base.h:264:59: error: expected ';' at end of member declaration
/usr/include/c++/4.7/bits/atomic_base.h:264:68: error: 'noexcept' does not name a type
/usr/include/c++/4.7/bits/atomic_base.h:270:50: error: expected ';' at end of member declaration
/usr/include/c++/4.7/bits/atomic_base.h:270:52: error: 'noexcept' does not name a type
/usr/include/c++/4.7/bits/atomic_base.h:280:52: error: expected ';' at end of member declaration
/usr/include/c++/4.7/bits/atomic_base.h:280:61: error: 'noexcept' does not name a type
/usr/include/c++/4.7/bits/atomic_base.h:290:12: error: 'constexpr' does not name a type
/usr/include/c++/4.7/bits/atomic_base.h:290:12: note: C++11 'constexpr' only available with -std=c++11 or -std=gnu++11
/usr/include/c++/4.7/bits/atomic_base.h:328:21: error: expected ';' at end of member declaration
/usr/include/c++/4.7/bits/atomic_base.h:328:23: error: 'noexcept' does not name a type
/usr/include/c++/4.7/bits/atomic_base.h:329:22: error: expected ';' at end of member declaration
/usr/include/c++/4.7/bits/atomic_base.h:329:24: error: 'noexcept' does not name a type
/usr/include/c++/4.7/bits/atomic_base.h:335:7: error: 'constexpr' does not name a type
/usr/include/c++/4.7/bits/atomic_base.h:335:7: note: C++11 'constexpr' only available with -std=c++11 or -std=gnu++11
/usr/include/c++/4.7/bits/atomic_base.h:337:29: error: expected ';' at end of member declaration
/usr/include/c++/4.7/bits/atomic_base.h:337:35: error: 'noexcept' does not name a type
/usr/include/c++/4.7/bits/atomic_base.h:340:35: error: expected ';' at end of member declaration
/usr/include/c++/4.7/bits/atomic_base.h:340:44: error: 'noexcept' does not name a type
/usr/include/c++/4.7/bits/atomic_base.h:344:31: error: expected ';' at end of member declaration
/usr/include/c++/4.7/bits/atomic_base.h:344:33: error: 'noexcept' does not name a type
/usr/include/c++/4.7/bits/atomic_base.h:351:33: error: expected ';' at end of member declaration
/usr/include/c++/4.7/bits/atomic_base.h:351:42: error: 'noexcept' does not name a type
/usr/include/c++/4.7/bits/atomic_base.h:358:21: error: expected ';' at end of member declaration
/usr/include/c++/4.7/bits/atomic_base.h:358:23: error: 'noexcept' does not name a type
/usr/include/c++/4.7/bits/atomic_base.h:362:23: error: expected ';' at end of member declaration
/usr/include/c++/4.7/bits/atomic_base.h:362:32: error: 'noexcept' does not name a type
/usr/include/c++/4.7/bits/atomic_base.h:366:21: error: expected ';' at end of member declaration
/usr/include/c++/4.7/bits/atomic_base.h:366:23: error: 'noexcept' does not name a type
/usr/include/c++/4.7/bits/atomic_base.h:370:23: error: expected ';' at end of member declaration
/usr/include/c++/4.7/bits/atomic_base.h:370:32: error: 'noexcept' does not name a type
/usr/include/c++/4.7/bits/atomic_base.h:374:18: error: expected ';' at end of member declaration
/usr/include/c++/4.7/bits/atomic_base.h:374:20: error: 'noexcept' does not name a type
/usr/include/c++/4.7/bits/atomic_base.h:378:20: error: expected ';' at end of member declaration
/usr/include/c++/4.7/bits/atomic_base.h:378:29: error: 'noexcept' does not name a type
/usr/include/c++/4.7/bits/atomic_base.h:382:18: error: expected ';' at end of member declaration
/usr/include/c++/4.7/bits/atomic_base.h:382:20: error: 'noexcept' does not name a type
/usr/include/c++/4.7/bits/atomic_base.h:386:20: error: expected ';' at end of member declaration
/usr/include/c++/4.7/bits/atomic_base.h:386:29: error: 'noexcept' does not name a type
/usr/include/c++/4.7/bits/atomic_base.h:390:32: error: expected ';' at end of member declaration
/usr/include/c++/4.7/bits/atomic_base.h:390:34: error: 'noexcept' does not name a type
/usr/include/c++/4.7/bits/atomic_base.h:394:34: error: expected ';' at end of member declaration
/usr/include/c++/4.7/bits/atomic_base.h:394:43: error: 'noexcept' does not name a type
/usr/include/c++/4.7/bits/atomic_base.h:398:32: error: expected ';' at end of member declaration
/usr/include/c++/4.7/bits/atomic_base.h:398:34: error: 'noexcept' does not name a type
/usr/include/c++/4.7/bits/atomic_base.h:402:34: error: expected ';' at end of member declaration
/usr/include/c++/4.7/bits/atomic_base.h:402:43: error: 'noexcept' does not name a type
/usr/include/c++/4.7/bits/atomic_base.h:406:32: error: expected ';' at end of member declaration
/usr/include/c++/4.7/bits/atomic_base.h:406:34: error: 'noexcept' does not name a type
/usr/include/c++/4.7/bits/atomic_base.h:410:34: error: expected ';' at end of member declaration
/usr/include/c++/4.7/bits/atomic_base.h:410:43: error: 'noexcept' does not name a type
/usr/include/c++/4.7/bits/atomic_base.h:414:32: error: expected ';' at end of member declaration
/usr/include/c++/4.7/bits/atomic_base.h:414:34: error: 'noexcept' does not name a type
/usr/include/c++/4.7/bits/atomic_base.h:418:34: error: expected ';' at end of member declaration
/usr/include/c++/4.7/bits/atomic_base.h:418:43: error: 'noexcept' does not name a type
/usr/include/c++/4.7/bits/atomic_base.h:422:32: error: expected ';' at end of member declaration
/usr/include/c++/4.7/bits/atomic_base.h:422:34: error: 'noexcept' does not name a type
/usr/include/c++/4.7/bits/atomic_base.h:426:34: error: expected ';' at end of member declaration
/usr/include/c++/4.7/bits/atomic_base.h:426:43: error: 'noexcept' does not name a type
/usr/include/c++/4.7/bits/atomic_base.h:430:22: error: expected ';' at end of member declaration
/usr/include/c++/4.7/bits/atomic_base.h:430:28: error: 'noexcept' does not name a type
/usr/include/c++/4.7/bits/atomic_base.h:434:28: error: expected ';' at end of member declaration
/usr/include/c++/4.7/bits/atomic_base.h:434:37: error: 'noexcept' does not name a type
/usr/include/c++/4.7/bits/atomic_base.h:438:68: error: expected ';' at end of member declaration
/usr/include/c++/4.7/bits/atomic_base.h:438:70: error: 'noexcept' does not name a type
/usr/include/c++/4.7/bits/atomic_base.h:449:47: error: expected ';' at end of member declaration
/usr/include/c++/4.7/bits/atomic_base.h:449:56: error: 'noexcept' does not name a type
/usr/include/c++/4.7/bits/atomic_base.h:459:53: error: expected ';' at end of member declaration
/usr/include/c++/4.7/bits/atomic_base.h:459:59: error: 'noexcept' does not name a type
/usr/include/c++/4.7/bits/atomic_base.h:468:59: error: expected ';' at end of member declaration
/usr/include/c++/4.7/bits/atomic_base.h:468:68: error: 'noexcept' does not name a type
/usr/include/c++/4.7/bits/atomic_base.h:478:48: error: expected ';' at end of member declaration
/usr/include/c++/4.7/bits/atomic_base.h:478:50: error: 'noexcept' does not name a type
/usr/include/c++/4.7/bits/atomic_base.h:486:50: error: expected ';' at end of member declaration
/usr/include/c++/4.7/bits/atomic_base.h:486:59: error: 'noexcept' does not name a type
/usr/include/c++/4.7/bits/atomic_base.h:493:44: error: expected ';' at end of member declaration
/usr/include/c++/4.7/bits/atomic_base.h:493:46: error: 'noexcept' does not name a type
/usr/include/c++/4.7/bits/atomic_base.h:505:27: error: expected ';' at end of member declaration
/usr/include/c++/4.7/bits/atomic_base.h:505:36: error: 'noexcept' does not name a type
/usr/include/c++/4.7/bits/atomic_base.h:516:47: error: expected ';' at end of member declaration
/usr/include/c++/4.7/bits/atomic_base.h:516:49: error: 'noexcept' does not name a type
/usr/include/c++/4.7/bits/atomic_base.h:524:47: error: expected ';' at end of member declaration
/usr/include/c++/4.7/bits/atomic_base.h:524:56: error: 'noexcept' does not name a type
/usr/include/c++/4.7/bits/atomic_base.h:532:46: error: expected ';' at end of member declaration
/usr/include/c++/4.7/bits/atomic_base.h:532:48: error: 'noexcept' does not name a type
/usr/include/c++/4.7/bits/atomic_base.h:544:29: error: expected ';' at end of member declaration
/usr/include/c++/4.7/bits/atomic_base.h:544:38: error: 'noexcept' does not name a type
/usr/include/c++/4.7/bits/atomic_base.h:555:49: error: expected ';' at end of member declaration
/usr/include/c++/4.7/bits/atomic_base.h:555:51: error: 'noexcept' does not name a type
/usr/include/c++/4.7/bits/atomic_base.h:563:45: error: expected ';' at end of member declaration
/usr/include/c++/4.7/bits/atomic_base.h:563:54: error: 'noexcept' does not name a type
/usr/include/c++/4.7/bits/atomic_base.h:571:42: error: expected ';' at end of member declaration
/usr/include/c++/4.7/bits/atomic_base.h:571:44: error: 'noexcept' does not name a type
/usr/include/c++/4.7/bits/atomic_base.h:576:44: error: expected ';' at end of member declaration
/usr/include/c++/4.7/bits/atomic_base.h:576:53: error: 'noexcept' does not name a type
/usr/include/c++/4.7/bits/atomic_base.h:581:42: error: expected ';' at end of member declaration
/usr/include/c++/4.7/bits/atomic_base.h:581:44: error: 'noexcept' does not name a type
/usr/include/c++/4.7/bits/atomic_base.h:586:44: error: expected ';' at end of member declaration
/usr/include/c++/4.7/bits/atomic_base.h:586:53: error: 'noexcept' does not name a type
/usr/include/c++/4.7/bits/atomic_base.h:591:42: error: expected ';' at end of member declaration
/usr/include/c++/4.7/bits/atomic_base.h:591:44: error: 'noexcept' does not name a type
/usr/include/c++/4.7/bits/atomic_base.h:596:44: error: expected ';' at end of member declaration
/usr/include/c++/4.7/bits/atomic_base.h:596:53: error: 'noexcept' does not name a type
/usr/include/c++/4.7/bits/atomic_base.h:601:48: error: expected ';' at end of member declaration
/usr/include/c++/4.7/bits/atomic_base.h:601:50: error: 'noexcept' does not name a type
/usr/include/c++/4.7/bits/atomic_base.h:606:50: error: expected ';' at end of member declaration
/usr/include/c++/4.7/bits/atomic_base.h:606:59: error: 'noexcept' does not name a type
/usr/include/c++/4.7/bits/atomic_base.h:611:42: error: expected ';' at end of member declaration
/usr/include/c++/4.7/bits/atomic_base.h:611:44: error: 'noexcept' does not name a type
/usr/include/c++/4.7/bits/atomic_base.h:616:44: error: expected ';' at end of member declaration
/usr/include/c++/4.7/bits/atomic_base.h:616:53: error: 'noexcept' does not name a type
/usr/include/c++/4.7/bits/atomic_base.h:631:7: error: 'constexpr' does not name a type
/usr/include/c++/4.7/bits/atomic_base.h:631:7: note: C++11 'constexpr' only available with -std=c++11 or -std=gnu++11
/usr/include/c++/4.7/bits/atomic_base.h:634:7: error: 'constexpr' does not name a type
/usr/include/c++/4.7/bits/atomic_base.h:634:7: note: C++11 'constexpr' only available with -std=c++11 or -std=gnu++11
/usr/include/c++/4.7/bits/atomic_base.h:638:21: error: expected ';' at end of member declaration
/usr/include/c++/4.7/bits/atomic_base.h:638:23: error: 'noexcept' does not name a type
/usr/include/c++/4.7/bits/atomic_base.h:639:22: error: expected ';' at end of member declaration
/usr/include/c++/4.7/bits/atomic_base.h:639:24: error: 'noexcept' does not name a type
/usr/include/c++/4.7/bits/atomic_base.h:645:7: error: 'constexpr' does not name a type
/usr/include/c++/4.7/bits/atomic_base.h:645:7: note: C++11 'constexpr' only available with -std=c++11 or -std=gnu++11
/usr/include/c++/4.7/bits/atomic_base.h:647:33: error: expected ';' at end of member declaration
/usr/include/c++/4.7/bits/atomic_base.h:647:39: error: 'noexcept' does not name a type
/usr/include/c++/4.7/bits/atomic_base.h:650:39: error: expected ';' at end of member declaration
/usr/include/c++/4.7/bits/atomic_base.h:650:48: error: 'noexcept' does not name a type
/usr/include/c++/4.7/bits/atomic_base.h:654:35: error: expected ';' at end of member declaration
/usr/include/c++/4.7/bits/atomic_base.h:654:37: error: 'noexcept' does not name a type
/usr/include/c++/4.7/bits/atomic_base.h:661:37: error: expected ';' at end of member declaration
/usr/include/c++/4.7/bits/atomic_base.h:661:46: error: 'noexcept' does not name a type
/usr/include/c++/4.7/bits/atomic_base.h:668:21: error: expected ';' at end of member declaration
/usr/include/c++/4.7/bits/atomic_base.h:668:23: error: 'noexcept' does not name a type
/usr/include/c++/4.7/bits/atomic_base.h:672:23: error: expected ';' at end of member declaration
/usr/include/c++/4.7/bits/atomic_base.h:672:32: error: 'noexcept' does not name a type
/usr/include/c++/4.7/bits/atomic_base.h:676:21: error: expected ';' at end of member declaration
/usr/include/c++/4.7/bits/atomic_base.h:676:23: error: 'noexcept' does not name a type
/usr/include/c++/4.7/bits/atomic_base.h:680:23: error: expected ';' at end of member declaration
/usr/include/c++/4.7/bits/atomic_base.h:680:32: error: 'noexcept' does not name a type
/usr/include/c++/4.7/bits/atomic_base.h:684:18: error: expected ';' at end of member declaration
/usr/include/c++/4.7/bits/atomic_base.h:684:20: error: 'noexcept' does not name a type
/usr/include/c++/4.7/bits/atomic_base.h:689:20: error: expected ';' at end of member declaration
/usr/include/c++/4.7/bits/atomic_base.h:689:29: error: 'noexcept' does not name a type
/usr/include/c++/4.7/bits/atomic_base.h:694:18: error: expected ';' at end of member declaration
/usr/include/c++/4.7/bits/atomic_base.h:694:20: error: 'noexcept' does not name a type
/usr/include/c++/4.7/bits/atomic_base.h:699:20: error: expected ';' at end of member declaration
/usr/include/c++/4.7/bits/atomic_base.h:699:29: error: 'noexcept' does not name a type
/usr/include/c++/4.7/bits/atomic_base.h:704:31: error: expected ';' at end of member declaration
/usr/include/c++/4.7/bits/atomic_base.h:704:33: error: 'noexcept' does not name a type
/usr/include/c++/4.7/bits/atomic_base.h:709:33: error: expected ';' at end of member declaration
/usr/include/c++/4.7/bits/atomic_base.h:709:42: error: 'noexcept' does not name a type
/usr/include/c++/4.7/bits/atomic_base.h:714:31: error: expected ';' at end of member declaration
/usr/include/c++/4.7/bits/atomic_base.h:714:33: error: 'noexcept' does not name a type
/usr/include/c++/4.7/bits/atomic_base.h:719:33: error: expected ';' at end of member declaration
/usr/include/c++/4.7/bits/atomic_base.h:719:42: error: 'noexcept' does not name a type
/usr/include/c++/4.7/bits/atomic_base.h:724:22: error: expected ';' at end of member declaration
/usr/include/c++/4.7/bits/atomic_base.h:724:28: error: 'noexcept' does not name a type
/usr/include/c++/4.7/bits/atomic_base.h:728:28: error: expected ';' at end of member declaration
/usr/include/c++/4.7/bits/atomic_base.h:728:37: error: 'noexcept' does not name a type
/usr/include/c++/4.7/bits/atomic_base.h:733:45: error: expected ';' at end of member declaration
/usr/include/c++/4.7/bits/atomic_base.h:733:47: error: 'noexcept' does not name a type
/usr/include/c++/4.7/bits/atomic_base.h:744:47: error: expected ';' at end of member declaration
/usr/include/c++/4.7/bits/atomic_base.h:744:56: error: 'noexcept' does not name a type
/usr/include/c++/4.7/bits/atomic_base.h:754:53: error: expected ';' at end of member declaration
/usr/include/c++/4.7/bits/atomic_base.h:754:59: error: 'noexcept' does not name a type
/usr/include/c++/4.7/bits/atomic_base.h:763:59: error: expected ';' at end of member declaration
/usr/include/c++/4.7/bits/atomic_base.h:763:68: error: 'noexcept' does not name a type
/usr/include/c++/4.7/bits/atomic_base.h:773:48: error: expected ';' at end of member declaration
/usr/include/c++/4.7/bits/atomic_base.h:773:50: error: 'noexcept' does not name a type
/usr/include/c++/4.7/bits/atomic_base.h:781:50: error: expected ';' at end of member declaration
/usr/include/c++/4.7/bits/atomic_base.h:781:59: error: 'noexcept' does not name a type
/usr/include/c++/4.7/bits/atomic_base.h:789:27: error: expected ';' at end of member declaration
/usr/include/c++/4.7/bits/atomic_base.h:789:29: error: 'noexcept' does not name a type
/usr/include/c++/4.7/bits/atomic_base.h:801:29: error: expected ';' at end of member declaration
/usr/include/c++/4.7/bits/atomic_base.h:801:38: error: 'noexcept' does not name a type
/usr/include/c++/4.7/bits/atomic_base.h:812:42: error: expected ';' at end of member declaration
/usr/include/c++/4.7/bits/atomic_base.h:812:44: error: 'noexcept' does not name a type
/usr/include/c++/4.7/bits/atomic_base.h:817:44: error: expected ';' at end of member declaration
/usr/include/c++/4.7/bits/atomic_base.h:817:53: error: 'noexcept' does not name a type
/usr/include/c++/4.7/bits/atomic_base.h:822:42: error: expected ';' at end of member declaration
/usr/include/c++/4.7/bits/atomic_base.h:822:44: error: 'noexcept' does not name a type
/usr/include/c++/4.7/bits/atomic_base.h:827:44: error: expected ';' at end of member declaration
/usr/include/c++/4.7/bits/atomic_base.h:827:53: error: 'noexcept' does not name a type
In file included from main.cpp:1:0:
/usr/include/c++/4.7/atomic:60:17: error: expected ';' at end of member declaration
/usr/include/c++/4.7/atomic:60:19: error: 'noexcept' does not name a type
/usr/include/c++/4.7/atomic:61:18: error: expected ';' at end of member declaration
/usr/include/c++/4.7/atomic:61:20: error: 'noexcept' does not name a type
/usr/include/c++/4.7/atomic:66:5: error: 'constexpr' does not name a type
/usr/include/c++/4.7/atomic:66:5: note: C++11 'constexpr' only available with -std=c++11 or -std=gnu++11
/usr/include/c++/4.7/atomic:69:23: error: expected ';' at end of member declaration
/usr/include/c++/4.7/atomic:69:25: error: 'noexcept' does not name a type
/usr/include/c++/4.7/atomic:73:25: error: expected ';' at end of member declaration
/usr/include/c++/4.7/atomic:73:34: error: 'noexcept' does not name a type
/usr/include/c++/4.7/atomic:76:21: error: expected ';' at end of member declaration
/usr/include/c++/4.7/atomic:76:27: error: 'noexcept' does not name a type
/usr/include/c++/4.7/atomic:79:27: error: expected ';' at end of member declaration
/usr/include/c++/4.7/atomic:79:36: error: 'noexcept' does not name a type
/usr/include/c++/4.7/atomic:83:20: error: expected ';' at end of member declaration
/usr/include/c++/4.7/atomic:83:26: error: 'noexcept' does not name a type
/usr/include/c++/4.7/atomic:86:26: error: expected ';' at end of member declaration
/usr/include/c++/4.7/atomic:86:35: error: 'noexcept' does not name a type
/usr/include/c++/4.7/atomic:89:60: error: expected ';' at end of member declaration
/usr/include/c++/4.7/atomic:89:62: error: 'noexcept' does not name a type
/usr/include/c++/4.7/atomic:93:62: error: expected ';' at end of member declaration
/usr/include/c++/4.7/atomic:93:71: error: 'noexcept' does not name a type
/usr/include/c++/4.7/atomic:97:51: error: expected ';' at end of member declaration
/usr/include/c++/4.7/atomic:97:57: error: 'noexcept' does not name a type
/usr/include/c++/4.7/atomic:101:57: error: expected ';' at end of member declaration
/usr/include/c++/4.7/atomic:101:66: error: 'noexcept' does not name a type
/usr/include/c++/4.7/atomic:105:63: error: expected ';' at end of member declaration
/usr/include/c++/4.7/atomic:105:65: error: 'noexcept' does not name a type
/usr/include/c++/4.7/atomic:110:48: error: expected ';' at end of member declaration
/usr/include/c++/4.7/atomic:110:57: error: 'noexcept' does not name a type
/usr/include/c++/4.7/atomic:115:23: error: expected ';' at end of member declaration
/usr/include/c++/4.7/atomic:115:25: error: 'noexcept' does not name a type
/usr/include/c++/4.7/atomic:120:25: error: expected ';' at end of member declaration
/usr/include/c++/4.7/atomic:120:34: error: 'noexcept' does not name a type
/usr/include/c++/4.7/atomic:125:45: error: expected ';' at end of member declaration
/usr/include/c++/4.7/atomic:125:47: error: 'noexcept' does not name a type
/usr/include/c++/4.7/atomic:130:49: error: expected ';' at end of member declaration
/usr/include/c++/4.7/atomic:130:58: error: 'noexcept' does not name a type
/usr/include/c++/4.7/atomic:135:25: error: expected ';' at end of member declaration
/usr/include/c++/4.7/atomic:135:27: error: 'noexcept' does not name a type
/usr/include/c++/4.7/atomic:140:27: error: expected ';' at end of member declaration
/usr/include/c++/4.7/atomic:140:36: error: 'noexcept' does not name a type
/usr/include/c++/4.7/atomic:145:47: error: expected ';' at end of member declaration
/usr/include/c++/4.7/atomic:145:49: error: 'noexcept' does not name a type
/usr/include/c++/4.7/atomic:150:48: error: expected ';' at end of member declaration
/usr/include/c++/4.7/atomic:150:57: error: 'noexcept' does not name a type
/usr/include/c++/4.7/atomic:164:14: error: expected ';' at end of member declaration
/usr/include/c++/4.7/atomic:164:16: error: 'noexcept' does not name a type
/usr/include/c++/4.7/atomic:165:15: error: expected ';' at end of member declaration
/usr/include/c++/4.7/atomic:165:17: error: 'noexcept' does not name a type
/usr/include/c++/4.7/atomic:170:7: error: 'constexpr' does not name a type
/usr/include/c++/4.7/atomic:170:7: note: C++11 'constexpr' only available with -std=c++11 or -std=gnu++11
/usr/include/c++/4.7/atomic:172:22: error: expected ';' at end of member declaration
/usr/include/c++/4.7/atomic:172:28: error: 'noexcept' does not name a type
/usr/include/c++/4.7/atomic:175:28: error: expected ';' at end of member declaration
/usr/include/c++/4.7/atomic:175:37: error: 'noexcept' does not name a type
/usr/include/c++/4.7/atomic:179:24: error: expected ';' at end of member declaration
/usr/include/c++/4.7/atomic:179:26: error: 'noexcept' does not name a type
/usr/include/c++/4.7/atomic:183:26: error: expected ';' at end of member declaration
/usr/include/c++/4.7/atomic:183:35: error: 'noexcept' does not name a type
/usr/include/c++/4.7/atomic:187:22: error: expected ';' at end of member declaration
/usr/include/c++/4.7/atomic:187:28: error: 'noexcept' does not name a type
/usr/include/c++/4.7/atomic:191:28: error: expected ';' at end of member declaration
/usr/include/c++/4.7/atomic:191:37: error: 'noexcept' does not name a type
/usr/include/c++/4.7/atomic:195:60: error: expected ';' at end of member declaration
/usr/include/c++/4.7/atomic:195:62: error: 'noexcept' does not name a type
/usr/include/c++/4.7/atomic:199:62: error: expected ';' at end of member declaration
/usr/include/c++/4.7/atomic:199:71: error: 'noexcept' does not name a type
/usr/include/c++/4.7/atomic:203:52: error: expected ';' at end of member declaration
/usr/include/c++/4.7/atomic:203:58: error: 'noexcept' does not name a type
/usr/include/c++/4.7/atomic:211:58: error: expected ';' at end of member declaration
/usr/include/c++/4.7/atomic:211:67: error: 'noexcept' does not name a type
/usr/include/c++/4.7/atomic:219:63: error: expected ';' at end of member declaration
/usr/include/c++/4.7/atomic:219:65: error: 'noexcept' does not name a type
/usr/include/c++/4.7/atomic:228:49: error: expected ';' at end of member declaration
/usr/include/c++/4.7/atomic:228:58: error: 'noexcept' does not name a type
/usr/include/c++/4.7/atomic:237:24: error: expected ';' at end of member declaration
/usr/include/c++/4.7/atomic:237:26: error: 'noexcept' does not name a type
/usr/include/c++/4.7/atomic:244:26: error: expected ';' at end of member declaration
/usr/include/c++/4.7/atomic:244:35: error: 'noexcept' does not name a type
/usr/include/c++/4.7/atomic:251:47: error: expected ';' at end of member declaration
/usr/include/c++/4.7/atomic:251:49: error: 'noexcept' does not name a type
/usr/include/c++/4.7/atomic:256:49: error: expected ';' at end of member declaration
/usr/include/c++/4.7/atomic:256:58: error: 'noexcept' does not name a type
/usr/include/c++/4.7/atomic:261:26: error: expected ';' at end of member declaration
/usr/include/c++/4.7/atomic:261:28: error: 'noexcept' does not name a type
/usr/include/c++/4.7/atomic:268:28: error: expected ';' at end of member declaration
/usr/include/c++/4.7/atomic:268:37: error: 'noexcept' does not name a type
/usr/include/c++/4.7/atomic:275:50: error: expected ';' at end of member declaration
/usr/include/c++/4.7/atomic:275:52: error: 'noexcept' does not name a type
/usr/include/c++/4.7/atomic:280:49: error: expected ';' at end of member declaration
/usr/include/c++/4.7/atomic:280:58: error: 'noexcept' does not name a type
/usr/include/c++/4.7/atomic:293:14: error: expected ';' at end of member declaration
/usr/include/c++/4.7/atomic:293:16: error: 'noexcept' does not name a type
/usr/include/c++/4.7/atomic:294:15: error: expected ';' at end of member declaration
/usr/include/c++/4.7/atomic:294:17: error: 'noexcept' does not name a type
/usr/include/c++/4.7/atomic:299:7: error: 'constexpr' does not name a type
/usr/include/c++/4.7/atomic:299:7: note: C++11 'constexpr' only available with -std=c++11 or -std=gnu++11
/usr/include/c++/4.7/atomic:301:33: error: expected ';' at end of member declaration
/usr/include/c++/4.7/atomic:301:39: error: 'noexcept' does not name a type
/usr/include/c++/4.7/atomic:304:39: error: expected ';' at end of member declaration
/usr/include/c++/4.7/atomic:304:48: error: 'noexcept' does not name a type
/usr/include/c++/4.7/atomic:308:35: error: expected ';' at end of member declaration
/usr/include/c++/4.7/atomic:308:37: error: 'noexcept' does not name a type
/usr/include/c++/4.7/atomic:312:37: error: expected ';' at end of member declaration
/usr/include/c++/4.7/atomic:312:46: error: 'noexcept' does not name a type
/usr/include/c++/4.7/atomic:316:21: error: expected ';' at end of member declaration
/usr/include/c++/4.7/atomic:316:23: error: 'noexcept' does not name a type
/usr/include/c++/4.7/atomic:320:23: error: expected ';' at end of member declaration
/usr/include/c++/4.7/atomic:320:32: error: 'noexcept' does not name a type
/usr/include/c++/4.7/atomic:324:21: error: expected ';' at end of member declaration
/usr/include/c++/4.7/atomic:324:23: error: 'noexcept' does not name a type
/usr/include/c++/4.7/atomic:328:23: error: expected ';' at end of member declaration
/usr/include/c++/4.7/atomic:328:32: error: 'noexcept' does not name a type
/usr/include/c++/4.7/atomic:332:18: error: expected ';' at end of member declaration
/usr/include/c++/4.7/atomic:332:20: error: 'noexcept' does not name a type
/usr/include/c++/4.7/atomic:336:20: error: expected ';' at end of member declaration
/usr/include/c++/4.7/atomic:336:29: error: 'noexcept' does not name a type
/usr/include/c++/4.7/atomic:340:18: error: expected ';' at end of member declaration
/usr/include/c++/4.7/atomic:340:20: error: 'noexcept' does not name a type
/usr/include/c++/4.7/atomic:344:20: error: expected ';' at end of member declaration
/usr/include/c++/4.7/atomic:344:29: error: 'noexcept' does not name a type
/usr/include/c++/4.7/atomic:348:31: error: expected ';' at end of member declaration
/usr/include/c++/4.7/atomic:348:33: error: 'noexcept' does not name a type
/usr/include/c++/4.7/atomic:352:33: error: expected ';' at end of member declaration
/usr/include/c++/4.7/atomic:352:42: error: 'noexcept' does not name a type
/usr/include/c++/4.7/atomic:356:31: error: expected ';' at end of member declaration
/usr/include/c++/4.7/atomic:356:33: error: 'noexcept' does not name a type
/usr/include/c++/4.7/atomic:360:33: error: expected ';' at end of member declaration
/usr/include/c++/4.7/atomic:360:42: error: 'noexcept' does not name a type
/usr/include/c++/4.7/atomic:364:22: error: expected ';' at end of member declaration
/usr/include/c++/4.7/atomic:364:28: error: 'noexcept' does not name a type
/usr/include/c++/4.7/atomic:368:28: error: expected ';' at end of member declaration
/usr/include/c++/4.7/atomic:368:37: error: 'noexcept' does not name a type
/usr/include/c++/4.7/atomic:373:45: error: expected ';' at end of member declaration
/usr/include/c++/4.7/atomic:373:47: error: 'noexcept' does not name a type
/usr/include/c++/4.7/atomic:378:47: error: expected ';' at end of member declaration
/usr/include/c++/4.7/atomic:378:56: error: 'noexcept' does not name a type
/usr/include/c++/4.7/atomic:382:53: error: expected ';' at end of member declaration
/usr/include/c++/4.7/atomic:382:59: error: 'noexcept' does not name a type
/usr/include/c++/4.7/atomic:386:59: error: expected ';' at end of member declaration
/usr/include/c++/4.7/atomic:386:68: error: 'noexcept' does not name a type
/usr/include/c++/4.7/atomic:391:48: error: expected ';' at end of member declaration
/usr/include/c++/4.7/atomic:391:50: error: 'noexcept' does not name a type
/usr/include/c++/4.7/atomic:396:50: error: expected ';' at end of member declaration
/usr/include/c++/4.7/atomic:396:59: error: 'noexcept' does not name a type
/usr/include/c++/4.7/atomic:401:44: error: expected ';' at end of member declaration
/usr/include/c++/4.7/atomic:401:46: error: 'noexcept' does not name a type
/usr/include/c++/4.7/atomic:407:27: error: expected ';' at end of member declaration
/usr/include/c++/4.7/atomic:407:36: error: 'noexcept' does not name a type
/usr/include/c++/4.7/atomic:412:47: error: expected ';' at end of member declaration
/usr/include/c++/4.7/atomic:412:49: error: 'noexcept' does not name a type
/usr/include/c++/4.7/atomic:420:48: error: expected ';' at end of member declaration
/usr/include/c++/4.7/atomic:420:57: error: 'noexcept' does not name a type
/usr/include/c++/4.7/atomic:428:46: error: expected ';' at end of member declaration
/usr/include/c++/4.7/atomic:428:48: error: 'noexcept' does not name a type
/usr/include/c++/4.7/atomic:434:29: error: expected ';' at end of member declaration
/usr/include/c++/4.7/atomic:434:38: error: 'noexcept' does not name a type
/usr/include/c++/4.7/atomic:439:49: error: expected ';' at end of member declaration
/usr/include/c++/4.7/atomic:439:51: error: 'noexcept' does not name a type
/usr/include/c++/4.7/atomic:447:48: error: expected ';' at end of member declaration
/usr/include/c++/4.7/atomic:447:57: error: 'noexcept' does not name a type
/usr/include/c++/4.7/atomic:455:42: error: expected ';' at end of member declaration
/usr/include/c++/4.7/atomic:455:44: error: 'noexcept' does not name a type
/usr/include/c++/4.7/atomic:460:44: error: expected ';' at end of member declaration
/usr/include/c++/4.7/atomic:460:53: error: 'noexcept' does not name a type
/usr/include/c++/4.7/atomic:465:42: error: expected ';' at end of member declaration
/usr/include/c++/4.7/atomic:465:44: error: 'noexcept' does not name a type
/usr/include/c++/4.7/atomic:470:44: error: expected ';' at end of member declaration
/usr/include/c++/4.7/atomic:470:53: error: 'noexcept' does not name a type
/usr/include/c++/4.7/atomic:482:14: error: expected ';' at end of member declaration
/usr/include/c++/4.7/atomic:482:16: error: 'noexcept' does not name a type
/usr/include/c++/4.7/atomic:483:15: error: expected ';' at end of member declaration
/usr/include/c++/4.7/atomic:483:17: error: 'noexcept' does not name a type
/usr/include/c++/4.7/atomic:488:7: error: 'constexpr' does not name a type
/usr/include/c++/4.7/atomic:488:7: note: C++11 'constexpr' only available with -std=c++11 or -std=gnu++11
/usr/include/c++/4.7/atomic:501:14: error: expected ';' at end of member declaration
/usr/include/c++/4.7/atomic:501:16: error: 'noexcept' does not name a type
/usr/include/c++/4.7/atomic:502:15: error: expected ';' at end of member declaration
/usr/include/c++/4.7/atomic:502:17: error: 'noexcept' does not name a type
/usr/include/c++/4.7/atomic:507:7: error: 'constexpr' does not name a type
/usr/include/c++/4.7/atomic:507:7: note: C++11 'constexpr' only available with -std=c++11 or -std=gnu++11
/usr/include/c++/4.7/atomic:520:14: error: expected ';' at end of member declaration
/usr/include/c++/4.7/atomic:520:16: error: 'noexcept' does not name a type
/usr/include/c++/4.7/atomic:521:15: error: expected ';' at end of member declaration
/usr/include/c++/4.7/atomic:521:17: error: 'noexcept' does not name a type
/usr/include/c++/4.7/atomic:526:7: error: 'constexpr' does not name a type
/usr/include/c++/4.7/atomic:526:7: note: C++11 'constexpr' only available with -std=c++11 or -std=gnu++11
/usr/include/c++/4.7/atomic:539:14: error: expected ';' at end of member declaration
/usr/include/c++/4.7/atomic:539:16: error: 'noexcept' does not name a type
/usr/include/c++/4.7/atomic:540:15: error: expected ';' at end of member declaration
/usr/include/c++/4.7/atomic:540:17: error: 'noexcept' does not name a type
/usr/include/c++/4.7/atomic:545:7: error: 'constexpr' does not name a type
/usr/include/c++/4.7/atomic:545:7: note: C++11 'constexpr' only available with -std=c++11 or -std=gnu++11
/usr/include/c++/4.7/atomic:558:14: error: expected ';' at end of member declaration
/usr/include/c++/4.7/atomic:558:16: error: 'noexcept' does not name a type
/usr/include/c++/4.7/atomic:559:15: error: expected ';' at end of member declaration
/usr/include/c++/4.7/atomic:559:17: error: 'noexcept' does not name a type
/usr/include/c++/4.7/atomic:564:7: error: 'constexpr' does not name a type
/usr/include/c++/4.7/atomic:564:7: note: C++11 'constexpr' only available with -std=c++11 or -std=gnu++11
/usr/include/c++/4.7/atomic:577:14: error: expected ';' at end of member declaration
/usr/include/c++/4.7/atomic:577:16: error: 'noexcept' does not name a type
/usr/include/c++/4.7/atomic:578:15: error: expected ';' at end of member declaration
/usr/include/c++/4.7/atomic:578:17: error: 'noexcept' does not name a type
/usr/include/c++/4.7/atomic:583:7: error: 'constexpr' does not name a type
/usr/include/c++/4.7/atomic:583:7: note: C++11 'constexpr' only available with -std=c++11 or -std=gnu++11
/usr/include/c++/4.7/atomic:596:14: error: expected ';' at end of member declaration
/usr/include/c++/4.7/atomic:596:16: error: 'noexcept' does not name a type
/usr/include/c++/4.7/atomic:597:15: error: expected ';' at end of member declaration
/usr/include/c++/4.7/atomic:597:17: error: 'noexcept' does not name a type
/usr/include/c++/4.7/atomic:602:7: error: 'constexpr' does not name a type
/usr/include/c++/4.7/atomic:602:7: note: C++11 'constexpr' only available with -std=c++11 or -std=gnu++11
/usr/include/c++/4.7/atomic:615:14: error: expected ';' at end of member declaration
/usr/include/c++/4.7/atomic:615:16: error: 'noexcept' does not name a type
/usr/include/c++/4.7/atomic:616:15: error: expected ';' at end of member declaration
/usr/include/c++/4.7/atomic:616:17: error: 'noexcept' does not name a type
/usr/include/c++/4.7/atomic:621:7: error: 'constexpr' does not name a type
/usr/include/c++/4.7/atomic:621:7: note: C++11 'constexpr' only available with -std=c++11 or -std=gnu++11
/usr/include/c++/4.7/atomic:634:14: error: expected ';' at end of member declaration
/usr/include/c++/4.7/atomic:634:16: error: 'noexcept' does not name a type
/usr/include/c++/4.7/atomic:635:15: error: expected ';' at end of member declaration
/usr/include/c++/4.7/atomic:635:17: error: 'noexcept' does not name a type
/usr/include/c++/4.7/atomic:640:7: error: 'constexpr' does not name a type
/usr/include/c++/4.7/atomic:640:7: note: C++11 'constexpr' only available with -std=c++11 or -std=gnu++11
/usr/include/c++/4.7/atomic:653:14: error: expected ';' at end of member declaration
/usr/include/c++/4.7/atomic:653:16: error: 'noexcept' does not name a type
/usr/include/c++/4.7/atomic:654:15: error: expected ';' at end of member declaration
/usr/include/c++/4.7/atomic:654:17: error: 'noexcept' does not name a type
/usr/include/c++/4.7/atomic:659:7: error: 'constexpr' does not name a type
/usr/include/c++/4.7/atomic:659:7: note: C++11 'constexpr' only available with -std=c++11 or -std=gnu++11
/usr/include/c++/4.7/atomic:672:14: error: expected ';' at end of member declaration
/usr/include/c++/4.7/atomic:672:16: error: 'noexcept' does not name a type
/usr/include/c++/4.7/atomic:673:15: error: expected ';' at end of member declaration
/usr/include/c++/4.7/atomic:673:17: error: 'noexcept' does not name a type
/usr/include/c++/4.7/atomic:678:7: error: 'constexpr' does not name a type
/usr/include/c++/4.7/atomic:678:7: note: C++11 'constexpr' only available with -std=c++11 or -std=gnu++11
/usr/include/c++/4.7/atomic:691:14: error: expected ';' at end of member declaration
/usr/include/c++/4.7/atomic:691:16: error: 'noexcept' does not name a type
/usr/include/c++/4.7/atomic:692:15: error: expected ';' at end of member declaration
/usr/include/c++/4.7/atomic:692:17: error: 'noexcept' does not name a type
/usr/include/c++/4.7/atomic:697:7: error: 'constexpr' does not name a type
/usr/include/c++/4.7/atomic:697:7: note: C++11 'constexpr' only available with -std=c++11 or -std=gnu++11
/usr/include/c++/4.7/atomic:710:14: error: expected ';' at end of member declaration
/usr/include/c++/4.7/atomic:710:16: error: 'noexcept' does not name a type
/usr/include/c++/4.7/atomic:711:15: error: expected ';' at end of member declaration
/usr/include/c++/4.7/atomic:711:17: error: 'noexcept' does not name a type
/usr/include/c++/4.7/atomic:716:7: error: 'constexpr' does not name a type
/usr/include/c++/4.7/atomic:716:7: note: C++11 'constexpr' only available with -std=c++11 or -std=gnu++11
/usr/include/c++/4.7/atomic:724:19: error: 'char16_t' was not declared in this scope
/usr/include/c++/4.7/atomic:724:27: error: template argument 1 is invalid
/usr/include/c++/4.7/atomic:725:5: error: expected class-name before '{' token
/usr/include/c++/4.7/atomic:743:19: error: 'char32_t' was not declared in this scope
/usr/include/c++/4.7/atomic:743:27: error: template argument 1 is invalid
/usr/include/c++/4.7/atomic:744:5: error: expected class-name before '{' token
/usr/include/c++/4.7/atomic:764:27: error: expected initializer before 'noexcept'
/usr/include/c++/4.7/atomic:769:27: error: expected initializer before 'noexcept'
/usr/include/c++/4.7/atomic:773:66: error: expected initializer before 'noexcept'
/usr/include/c++/4.7/atomic:778:27: error: expected initializer before 'noexcept'
/usr/include/c++/4.7/atomic:782:46: error: expected initializer before 'noexcept'
/usr/include/c++/4.7/atomic:786:55: error: expected initializer before 'noexcept'
/usr/include/c++/4.7/atomic:790:39: error: expected initializer before 'noexcept'
/usr/include/c++/4.7/atomic:794:48: error: expected initializer before 'noexcept'
/usr/include/c++/4.7/atomic:801:50: error: expected initializer before 'noexcept'
/usr/include/c++/4.7/atomic:806:59: error: expected initializer before 'noexcept'
/usr/include/c++/4.7/atomic:811:46: error: expected initializer before 'noexcept'
/usr/include/c++/4.7/atomic:815:55: error: expected initializer before 'noexcept'
/usr/include/c++/4.7/atomic:820:24: error: expected initializer before 'noexcept'
/usr/include/c++/4.7/atomic:826:24: error: expected initializer before 'noexcept'
/usr/include/c++/4.7/atomic:831:69: error: expected initializer before 'noexcept'
/usr/include/c++/4.7/atomic:837:23: error: expected initializer before 'noexcept'
/usr/include/c++/4.7/atomic:843:27: error: expected initializer before 'noexcept'
/usr/include/c++/4.7/atomic:849:27: error: expected initializer before 'noexcept'
/usr/include/c++/4.7/atomic:857:27: error: expected initializer before 'noexcept'
/usr/include/c++/4.7/atomic:865:27: error: expected initializer before 'noexcept'
/usr/include/c++/4.7/atomic:873:29: error: expected initializer before 'noexcept'
/usr/include/c++/4.7/atomic:881:29: error: expected initializer before 'noexcept'
/usr/include/c++/4.7/atomic:887:47: error: expected initializer before 'noexcept'
/usr/include/c++/4.7/atomic:892:56: error: expected initializer before 'noexcept'
/usr/include/c++/4.7/atomic:897:42: error: expected initializer before 'noexcept'
/usr/include/c++/4.7/atomic:902:51: error: expected initializer before 'noexcept'
/usr/include/c++/4.7/atomic:907:50: error: expected initializer before 'noexcept'
/usr/include/c++/4.7/atomic:912:59: error: expected initializer before 'noexcept'
/usr/include/c++/4.7/atomic:918:29: error: expected initializer before 'noexcept'
/usr/include/c++/4.7/atomic:928:29: error: expected initializer before 'noexcept'
/usr/include/c++/4.7/atomic:938:31: error: expected initializer before 'noexcept'
/usr/include/c++/4.7/atomic:948:31: error: expected initializer before 'noexcept'
/usr/include/c++/4.7/atomic:962:28: error: expected initializer before 'noexcept'
/usr/include/c++/4.7/atomic:968:28: error: expected initializer before 'noexcept'
/usr/include/c++/4.7/atomic:974:28: error: expected initializer before 'noexcept'
/usr/include/c++/4.7/atomic:980:28: error: expected initializer before 'noexcept'
/usr/include/c++/4.7/atomic:986:28: error: expected initializer before 'noexcept'
/usr/include/c++/4.7/atomic:992:28: error: expected initializer before 'noexcept'
/usr/include/c++/4.7/atomic:998:27: error: expected initializer before 'noexcept'
/usr/include/c++/4.7/atomic:1004:27: error: expected initializer before 'noexcept'
/usr/include/c++/4.7/atomic:1010:28: error: expected initializer before 'noexcept'
/usr/include/c++/4.7/atomic:1016:28: error: expected initializer before 'noexcept'
/usr/include/c++/4.7/atomic:1021:58: error: expected initializer before 'noexcept'
/usr/include/c++/4.7/atomic:1026:67: error: expected initializer before 'noexcept'
/usr/include/c++/4.7/atomic:1031:58: error: expected initializer before 'noexcept'
/usr/include/c++/4.7/atomic:1036:67: error: expected initializer before 'noexcept'
/usr/include/c++/4.7/atomic:1041:58: error: expected initializer before 'noexcept'
/usr/include/c++/4.7/atomic:1046:67: error: expected initializer before 'noexcept'
/usr/include/c++/4.7/atomic:1051:57: error: expected initializer before 'noexcept'
/usr/include/c++/4.7/atomic:1056:66: error: expected initializer before 'noexcept'
/usr/include/c++/4.7/atomic:1061:58: error: expected initializer before 'noexcept'
/usr/include/c++/4.7/atomic:1066:67: error: expected initializer before 'noexcept'
/usr/include/c++/4.7/atomic:1074:28: error: expected initializer before 'noexcept'
/usr/include/c++/4.7/atomic:1080:28: error: expected initializer before 'noexcept'
/usr/include/c++/4.7/atomic:1085:66: error: expected initializer before 'noexcept'
/usr/include/c++/4.7/atomic:1090:57: error: expected initializer before 'noexcept'
/usr/include/c++/4.7/atomic:1096:43: error: expected initializer before 'noexcept'
/usr/include/c++/4.7/atomic:1102:28: error: expected initializer before 'noexcept'
/usr/include/c++/4.7/atomic:1107:66: error: expected initializer before 'noexcept'
/usr/include/c++/4.7/atomic:1112:57: error: expected initializer before 'noexcept'
main.cpp: In constructor 'node<T>::node(const T&)':
main.cpp:8:44: error: 'nullptr' was not declared in this scope
main.cpp: In member function 'void stack<T>::push(const T&)':
main.cpp:27:16: error: 'atomic_compare_exchange_weak_explicit' is not a member of 'std'
