main.cpp: In function 'int main()':
main.cpp:10:5: error: a function-definition is not allowed here before '{' token
     {
     ^
main.cpp:24:1: error: expected '}' at end of input
 }
 ^
