main.cpp: In function ‘int main()’:
main.cpp:5:17: error: missing template arguments before ‘x’
     std::vector x;
                 ^
main.cpp:5:17: error: expected ‘;’ before ‘x’
