main.cpp: In member function ‘void Archive::store(const string&)’:
main.cpp:96:29: error: ‘apply’ was not declared in this scope
main.cpp:96:29: note: suggested alternative:
In file included from /usr/local/include/boost/mpl/aux_/include_preprocessed.hpp:37:0,
                 from /usr/local/include/boost/mpl/apply_fwd.hpp:31,
                 from /usr/local/include/boost/mpl/apply.hpp:22,
                 from /usr/local/include/boost/mpl/aux_/iter_fold_impl.hpp:19,
                 from /usr/local/include/boost/mpl/iter_fold.hpp:21,
                 from /usr/local/include/boost/variant/detail/initializer.hpp:27,
                 from /usr/local/include/boost/variant/variant.hpp:31,
                 from /usr/local/include/boost/variant.hpp:17,
                 from main.cpp:1:
/usr/local/include/boost/mpl/aux_/preprocessed/gcc/apply_fwd.hpp:18:8: note:   ‘boost::mpl::apply’
main.cpp:96:46: error: expected primary-expression before ‘>’ token
main.cpp:96:61: warning: left operand of comma operator has no effect [-Wunused-value]
