main.cpp: In function ‘int main()’:
main.cpp:9:13: error: ‘class std::vector<int>’ has no member named ‘push_bac14159’
     numbers.push_bac14159); 
             ^
main.cpp:9:26: error: expected ‘;’ before ‘)’ token
     numbers.push_bac14159); 
                          ^
