+ g++ -std=c++11 -O2 -Wall -Wextra -pedantic -pthread main.cpp
main.cpp:1:9: warning: #pragma once in main file [enabled by default]
 #pragma once
         ^
main.cpp:3:0: warning: ignoring #pragma warning  [-Wunknown-pragmas]
 #pragma warning( push, 0 )
 ^
In file included from /usr/local/include/llvm/Support/type_traits.h:20:0,
                 from /usr/local/include/llvm/ADT/StringRef.h:13,
                 from /usr/local/include/llvm/ADT/StringMap.h:17,
                 from /usr/local/include/llvm/Support/Host.h:17,
                 from main.cpp:4:
/usr/local/include/llvm/Support/DataTypes.h:49:3: error: #error "Must #define __STDC_LIMIT_MACROS before #including Support/DataTypes.h"
 # error "Must #define __STDC_LIMIT_MACROS before #including Support/DataTypes.h"
   ^
/usr/local/include/llvm/Support/DataTypes.h:53:3: error: #error "Must #define __STDC_CONSTANT_MACROS before " "#including Support/DataTypes.h"
 # error "Must #define __STDC_CONSTANT_MACROS before " \
   ^
main.cpp:14:0: warning: ignoring #pragma warning  [-Wunknown-pragmas]
 #pragma warning( pop )
 ^
main.cpp:19:3: error: ‘Vendor’ does not name a type
   Vendor vendor;
   ^
main.cpp:20:3: error: ‘CommandArguments’ does not name a type
   CommandArguments compilerargs;
   ^
main.cpp:26:30: error: field ‘headersearchoptions’ has incomplete type
   clang::HeaderSearchOptions headersearchoptions;
                              ^
main.cpp:27:3: error: ‘FrontendOptions’ in namespace ‘clang’ does not name a type
   clang::FrontendOptions frontendoptions;
   ^
main.cpp:28:3: error: ‘TargetOptions’ in namespace ‘clang’ does not name a type
   clang::TargetOptions targetoptions;
   ^
main.cpp:37:55: error: ‘Vendor’ has not been declared
         Compiler( int argc, const char* const argv[], Vendor vend ) 
                                                       ^
main.cpp:57:18: error: ‘Furrovine’ has not been declared
      bool Parse( Furrovine::String filename ) {
                  ^
main.cpp:57:36: error: expected ‘,’ or ‘...’ before ‘filename’
      bool Parse( Furrovine::String filename ) {
                                    ^
main.cpp: In constructor ‘Furroflect::Compiler::Compiler(int, const char* const*, int)’:
main.cpp:38:11: error: class ‘Furroflect::Compiler’ does not have any field named ‘vendor’
         : vendor( vend ), compilerargs( argc, argv ), errorstream( errors ), llvmpreprocessoroptions( new clang::PreprocessorOptions() ) {
           ^
main.cpp:38:27: error: class ‘Furroflect::Compiler’ does not have any field named ‘compilerargs’
         : vendor( vend ), compilerargs( argc, argv ), errorstream( errors ), llvmpreprocessoroptions( new clang::PreprocessorOptions() ) {
                           ^
main.cpp:38:134: error: invalid use of incomplete type ‘class clang::PreprocessorOptions’
         : vendor( vend ), compilerargs( argc, argv ), errorstream( errors ), llvmpreprocessoroptions( new clang::PreprocessorOptions() ) {
                                                                                                                                      ^
In file included from main.cpp:10:0:
/usr/local/include/clang/Lex/Preprocessor.h:57:7: error: forward declaration of ‘class clang::PreprocessorOptions’
 class PreprocessorOptions;
       ^
main.cpp:32:28: warning: ‘Furroflect::Compiler::errorstream’ will be initialized after [-Wreorder]
   llvm::raw_string_ostream errorstream;
                            ^
main.cpp:22:56: warning:   ‘llvm::IntrusiveRefCntPtr<clang::PreprocessorOptions> Furroflect::Compiler::llvmpreprocessoroptions’ [-Wreorder]
   llvm::IntrusiveRefCntPtr<clang::PreprocessorOptions> llvmpreprocessoroptions;
                                                        ^
main.cpp:37:9: warning:   when initialized here [-Wreorder]
         Compiler( int argc, const char* const argv[], Vendor vend ) 
         ^
main.cpp:47:7: error: ‘targetoptions’ was not declared in this scope
       targetoptions.Triple = llvm::sys::getDefaultTargetTriple( );
       ^
main.cpp:48:12: error: ‘vendor’ was not declared in this scope
       if ( vendor == Vendor::MSVC ) {
            ^
main.cpp:48:22: error: ‘Vendor’ has not been declared
       if ( vendor == Vendor::MSVC ) {
                      ^
main.cpp: In member function ‘bool Furroflect::Compiler::Parse(int)’:
main.cpp:73:62: error: ‘filename’ was not declared in this scope
       llvm::StringRef llvmfilename( reinterpret_cast<char*>( filename.data( ) ) );
                                                              ^
main.cpp:75:7: error: ‘CompilerInstance’ is not a member of ‘clang’
       clang::CompilerInstance ci;
       ^
main.cpp:75:31: error: expected ‘;’ before ‘ci’
       clang::CompilerInstance ci;
                               ^
main.cpp:79:54: error: incomplete type ‘clang::TargetInfo’ used in nested name specifier
       std::unique_ptr<clang::TargetInfo> targetinfo( clang::TargetInfo::CreateTargetInfo( diagnosticsengine, &targetoptions ) );
                                                      ^
main.cpp:79:111: error: ‘targetoptions’ was not declared in this scope
       std::unique_ptr<clang::TargetInfo> targetinfo( clang::TargetInfo::CreateTargetInfo( diagnosticsengine, &targetoptions ) );
                                                                                                               ^
main.cpp:80:17: error: invalid use of incomplete type ‘class clang::TargetInfo’
       targetinfo->setCXXABI( vendor == Vendor::MSVC ? clang::TargetCXXABI::Microsoft : clang::TargetCXXABI::GenericItanium );
                 ^
In file included from main.cpp:5:0:
/usr/local/include/clang/AST/ASTContext.h:60:9: error: forward declaration of ‘class clang::TargetInfo’
   class TargetInfo;
         ^
main.cpp:80:30: error: ‘vendor’ was not declared in this scope
       targetinfo->setCXXABI( vendor == Vendor::MSVC ? clang::TargetCXXABI::Microsoft : clang::TargetCXXABI::GenericItanium );
                              ^
main.cpp:80:40: error: ‘Vendor’ has not been declared
       targetinfo->setCXXABI( vendor == Vendor::MSVC ? clang::TargetCXXABI::Microsoft : clang::TargetCXXABI::GenericItanium );
                                        ^
main.cpp:80:62: error: ‘clang::TargetCXXABI’ has not been declared
       targetinfo->setCXXABI( vendor == Vendor::MSVC ? clang::TargetCXXABI::Microsoft : clang::TargetCXXABI::GenericItanium );
                                                              ^
main.cpp:80:95: error: ‘clang::TargetCXXABI’ has not been declared
       targetinfo->setCXXABI( vendor == Vendor::MSVC ? clang::TargetCXXABI::Microsoft : clang::TargetCXXABI::GenericItanium );
                                                                                               ^
main.cpp:81:32: error: ‘headersearchoptions’ was not declared in this scope
       clang::HeaderSearch hs( &headersearchoptions, filemanager, diagnosticsengine, languageoptions, targetinfo.get( ) );
                                ^
main.cpp:83:140: error: ‘ci’ was not declared in this scope
       clang::Preprocessor preprocessor( llvmpreprocessoroptions, diagnosticsengine, languageoptions, targetinfo.get( ), sourcemanager, hs, ci );
                                                                                                                                            ^
main.cpp:84:7: error: ‘InitializePreprocessor’ is not a member of ‘clang’
       clang::InitializePreprocessor( preprocessor, preprocessoroptions, headersearchoptions, frontendoptions );
       ^
main.cpp:84:94: error: ‘frontendoptions’ was not declared in this scope
       clang::InitializePreprocessor( preprocessor, preprocessoroptions, headersearchoptions, frontendoptions );
                                                                                              ^
main.cpp:87:84: error: ‘null’ was not declared in this scope
       clang::Sema sema( preprocessor, astcontext, astconsumer, clang::TU_Complete, null );
                                                                                    ^
main.cpp:94:14: error: ‘Furrovine’ has not been declared
        throw Furrovine::TException<std::exception>( "Could not find file " + filename );
              ^
main.cpp:94:50: error: expected primary-expression before ‘>’ token
        throw Furrovine::TException<std::exception>( "Could not find file " + filename );
                                                  ^
main.cpp:98:14: error: ‘Furrovine’ has not been declared
        throw Furrovine::TException<std::exception>( "Error translating file " + filename );
              ^
main.cpp:98:50: error: expected primary-expression before ‘>’ token
        throw Furrovine::TException<std::exception>( "Error translating file " + filename );
                                                  ^
main.cpp: At global scope:
main.cpp:57:11: warning: unused parameter ‘String’ [-Wunused-parameter]
      bool Parse( Furrovine::String filename ) {
           ^
In file included from /usr/include/c++/4.8/memory:81:0,
                 from /usr/local/include/llvm/ADT/SmallVector.h:27,
                 from /usr/local/include/llvm/ADT/ArrayRef.h:14,
                 from /usr/local/include/llvm/ADT/APInt.h:19,
                 from /usr/local/include/llvm/ADT/APFloat.h:20,
                 from /usr/local/include/clang/AST/APValue.h:18,
                 from /usr/local/include/clang/AST/Decl.h:17,
                 from /usr/local/include/clang/AST/ASTTypeTraits.h:20,
                 from /usr/local/include/clang/AST/ASTContext.h:18,
                 from main.cpp:5:
/usr/include/c++/4.8/bits/unique_ptr.h: In instantiation of ‘void std::default_delete<_Tp>::operator()(_Tp*) const [with _Tp = clang::TargetInfo]’:
/usr/include/c++/4.8/bits/unique_ptr.h:184:16:   required from ‘std::unique_ptr<_Tp, _Dp>::~unique_ptr() [with _Tp = clang::TargetInfo; _Dp = std::default_delete<clang::TargetInfo>]’
main.cpp:79:127:   required from here
/usr/include/c++/4.8/bits/unique_ptr.h:65:22: error: invalid application of ‘sizeof’ to incomplete type ‘clang::TargetInfo’
  static_assert(sizeof(_Tp)>0,
                      ^
In file included from /usr/local/include/clang/Basic/DiagnosticIDs.h:19:0,
                 from /usr/local/include/clang/Basic/Diagnostic.h:18,
                 from /usr/local/include/clang/Basic/PartialDiagnostic.h:19,
                 from /usr/local/include/clang/AST/DeclarationName.h:17,
                 from /usr/local/include/clang/AST/DeclBase.h:18,
                 from /usr/local/include/clang/AST/Decl.h:18,
                 from /usr/local/include/clang/AST/ASTTypeTraits.h:20,
                 from /usr/local/include/clang/AST/ASTContext.h:18,
                 from main.cpp:5:
/usr/local/include/llvm/ADT/IntrusiveRefCntPtr.h: In instantiation of ‘static void llvm::IntrusiveRefCntPtrInfo<T>::release(T*) [with T = clang::PreprocessorOptions]’:
/usr/local/include/llvm/ADT/IntrusiveRefCntPtr.h:178:69:   required from ‘void llvm::IntrusiveRefCntPtr<T>::release() [with T = clang::PreprocessorOptions]’
/usr/local/include/llvm/ADT/IntrusiveRefCntPtr.h:148:37:   required from ‘llvm::IntrusiveRefCntPtr<T>::~IntrusiveRefCntPtr() [with T = clang::PreprocessorOptions]’
main.cpp:38:136:   required from here
/usr/local/include/llvm/ADT/IntrusiveRefCntPtr.h:89:35: error: invalid use of incomplete type ‘class clang::PreprocessorOptions’
     static void release(T *obj) { obj->Release(); }
                                   ^
In file included from main.cpp:10:0:
/usr/local/include/clang/Lex/Preprocessor.h:57:7: error: forward declaration of ‘class clang::PreprocessorOptions’
 class PreprocessorOptions;
       ^
