main.cpp:59:29: error: missing terminating " character
main.cpp:59:5: error: missing terminating " character
main.cpp: In function ‘int main()’:
main.cpp:60:27: error: expected ‘)’ before ‘;’ token
