main.cpp:1:25: error: 'x' was not declared in this scope
 void f(int x = decltype(x){});
                         ^
main.cpp:1:25: error: 'x' was not declared in this scope
