main.cpp:24:9: error: ‘vector’ in namespace ‘std’ does not name a type
main.cpp: In member function ‘void ExportTest::DoShit()’:
main.cpp:27:13: error: ‘AllTheExports’ was not declared in this scope
main.cpp:27:41: error: ‘unique_ptr’ is not a member of ‘std’
main.cpp:27:57: error: expected primary-expression before ‘int’
