main.cpp: In function ‘int main()’:
main.cpp:15:46: error: ‘asdf’ was not declared in this scope
main.cpp:16:5: error: expected ‘;’ before ‘std’
main.cpp: At global scope:
main.cpp:21:2: error: ‘asfaaaa’ does not name a type
