main.cpp:4:23: error: two or more data types in declaration of ‘foo’
main.cpp: In function ‘int main()’:
main.cpp:10:20: error: ‘foo’ was not declared in this scope
