main.cpp: In function ‘int main()’:
main.cpp:44:22: error: expected primary-expression before ‘}’ token
main.cpp:44:23: error: no matching function for call to ‘Archive::Archive(<brace-enclosed initializer list>)’
main.cpp:44:23: note: candidates are:
main.cpp:30:5: note: template<class C> Archive::Archive(const C&)
main.cpp:30:5: note:   template argument deduction/substitution failed:
main.cpp:44:23: note:   couldn't deduce template parameter ‘C’
main.cpp:25:8: note: Archive::Archive(const Archive&)
main.cpp:25:8: note:   no known conversion for argument 1 from ‘<brace-enclosed initializer list>’ to ‘const Archive&’
