In file included from /usr/include/c++/4.6/type_traits:35:0,
                 from main.cpp:2:
/usr/include/c++/4.6/bits/c++0x_warning.h:32:2: error: #error This file requires compiler and library support for the upcoming ISO C++ standard, C++0x. This support is currently experimental, and must be enabled with the -std=c++0x or -std=gnu++0x compiler options.
main.cpp:9:12: error: expected ',' or '...' before '&&' token
main.cpp:9:18: warning: defaulted and deleted functions only available with -std=c++0x or -std=gnu++0x [enabled by default]
main.cpp:9:18: error: invalid constructor; you probably meant 'Ex2 (const Ex2&)'
main.cpp: In function 'int main()':
main.cpp:14:18: error: 'is_move_constructible' is not a member of 'std'
main.cpp:14:48: error: expected primary-expression before '>' token
main.cpp:14:49: error: '::value' has not been declared
main.cpp:16:18: error: 'is_trivially_move_constructible' is not a member of 'std'
main.cpp:16:58: error: expected primary-expression before '>' token
main.cpp:16:59: error: '::value' has not been declared
main.cpp:18:18: error: 'is_nothrow_move_constructible' is not a member of 'std'
main.cpp:18:56: error: expected primary-expression before '>' token
main.cpp:18:57: error: '::value' has not been declared
main.cpp:20:18: error: 'is_trivially_move_constructible' is not a member of 'std'
main.cpp:20:58: error: expected primary-expression before '>' token
main.cpp:20:59: error: '::value' has not been declared
main.cpp:22:18: error: 'is_nothrow_move_constructible' is not a member of 'std'
main.cpp:22:56: error: expected primary-expression before '>' token
main.cpp:22:57: error: '::value' has not been declared
