main.cpp: In function ‘int main()’:
main.cpp:9:5: error: ‘Sentence’ was not declared in this scope
     Sentence sentence = { "Hello", "from", "GCC", __VERSION__, "!" };    
     ^
main.cpp:9:14: error: expected ‘;’ before ‘sentence’
     Sentence sentence = { "Hello", "from", "GCC", __VERSION__, "!" };    
              ^
main.cpp:10:18: error: ‘sentence’ was not declared in this scope
     std::cout << sentence << std::endl;
                  ^
