.
.
test.cpp line 10 col 1: error: 'friend' used outside of class

In function 'void foo(A&)':
test.cpp line 6 col 18: error: 'int A::v' is private
test.cpp line 12 col 7: error: within this context

In function 'int main()':
test.cpp line 18 col 7: error: increment of read-only variable 'i'
test.cpp line 20 col 13: error: expected ')' before ';' token
test.cpp line 20 col 13: warning: statement has no effect
