main.cpp:27:5: warning: identifier 'nullptr' will become a keyword in C++0x [-Wc++0x-compat]
main.cpp:8:12: error: expected ',' or '...' before '&&' token
main.cpp:8:14: error: invalid constructor; you probably meant 'Foo (const Foo&)'
main.cpp:16:8: error: expected ',' or '...' before '&&' token
main.cpp:16:10: error: invalid constructor; you probably meant 'D (const D&)'
main.cpp: In function 'int main()':
main.cpp:26:5: error: 'unique_ptr' is not a member of 'std'
main.cpp:26:24: error: expected primary-expression before '>' token
main.cpp:26:26: error: 'up1' was not declared in this scope
main.cpp:27:5: error: 'unique_ptr' is not a member of 'std'
main.cpp:27:24: error: expected primary-expression before '>' token
main.cpp:27:31: error: 'nullptr' was not declared in this scope
main.cpp:27:38: error: 'up1b' was not declared in this scope
main.cpp:31:9: error: 'unique_ptr' is not a member of 'std'
main.cpp:31:28: error: expected primary-expression before '>' token
main.cpp:31:41: error: 'up2' was not declared in this scope
main.cpp:37:8: error: 'unique_ptr' is not a member of 'std'
main.cpp:37:27: error: expected primary-expression before ',' token
main.cpp:37:30: error: expected primary-expression before '>' token
main.cpp:37:46: error: 'up3' was not declared in this scope
main.cpp:40:8: error: 'unique_ptr' is not a member of 'std'
main.cpp:40:27: error: expected primary-expression before ',' token
main.cpp:40:30: error: expected primary-expression before '&' token
main.cpp:40:31: error: expected primary-expression before '>' token
main.cpp:40:48: error: 'up3b' was not declared in this scope
main.cpp:45:8: error: 'unique_ptr' is not a member of 'std'
main.cpp:45:27: error: expected primary-expression before ',' token
main.cpp:45:30: error: expected primary-expression before '>' token
main.cpp:45:48: error: 'up4' was not declared in this scope
main.cpp:50:8: error: 'unique_ptr' is not a member of 'std'
main.cpp:50:27: error: expected primary-expression before '>' token
main.cpp:50:41: error: 'up5a' was not declared in this scope
main.cpp:51:8: error: 'unique_ptr' is not a member of 'std'
main.cpp:51:27: error: expected primary-expression before '>' token
main.cpp:51:34: error: 'move' is not a member of 'std'
main.cpp:51:49: error: 'up5b' was not declared in this scope
main.cpp:56:9: error: 'unique_ptr' is not a member of 'std'
main.cpp:56:28: error: expected primary-expression before ',' token
main.cpp:56:31: error: expected primary-expression before '>' token
main.cpp:56:48: error: 'up6a' was not declared in this scope
main.cpp:57:9: error: 'unique_ptr' is not a member of 'std'
main.cpp:57:28: error: expected primary-expression before ',' token
main.cpp:57:31: error: expected primary-expression before '>' token
main.cpp:57:38: error: 'move' is not a member of 'std'
main.cpp:57:53: error: 'up6b' was not declared in this scope
main.cpp:59:9: error: 'unique_ptr' is not a member of 'std'
main.cpp:59:28: error: expected primary-expression before ',' token
main.cpp:59:31: error: expected primary-expression before '&' token
main.cpp:59:32: error: expected primary-expression before '>' token
main.cpp:59:49: error: 'up6c' was not declared in this scope
main.cpp:60:9: error: 'unique_ptr' is not a member of 'std'
main.cpp:60:28: error: expected primary-expression before ',' token
main.cpp:60:31: error: expected primary-expression before '>' token
main.cpp:60:38: error: 'move' is not a member of 'std'
main.cpp:60:53: error: 'up6d' was not declared in this scope
main.cpp:66:9: error: 'unique_ptr' is not a member of 'std'
main.cpp:66:28: error: expected primary-expression before '>' token
main.cpp:66:35: error: 'move' is not a member of 'std'
main.cpp:66:50: error: 'up7b' was not declared in this scope
main.cpp:69:19: error: 'unique_ptr' is not a member of 'std'
main.cpp:69:19: error: 'unique_ptr' is not a member of 'std'
main.cpp:69:41: error: 'm' was not declared in this scope
main.cpp:69:41: error: template argument 2 is invalid
main.cpp:69:41: error: template argument 4 is invalid
main.cpp:70:12: error: 'unique_ptr' is not a member of 'std'
main.cpp:70:31: error: expected primary-expression before '>' token
