+ g++-4.8 -std=c++11 -O2 -Wall -pedantic -pthread main.cpp
main.cpp:21:14: warning: missing terminating " character [enabled by default]
 std::cout << " n\ty11 ;
              ^
main.cpp:21:1: error: missing terminating " character
 std::cout << " n\ty11 ;
 ^
main.cpp:43:113: warning: missing terminating " character [enabled by default]
 std::cout << " n\tla abscisa del punto de inteseccion es ", << x << "y la ordenada de dicho punto es ", << y << ";
                                                                                                                 ^
main.cpp:43:1: error: missing terminating " character
 std::cout << " n\tla abscisa del punto de inteseccion es ", << x << "y la ordenada de dicho punto es ", << y << ";
 ^
main.cpp:1:14: error: found ‘:’ in nested-name-specifier, expected ‘::’
     proposito: encintrar los puntosde interseccion entre dos rectas
              ^
main.cpp:1:5: error: ‘proposito’ does not name a type
     proposito: encintrar los puntosde interseccion entre dos rectas
     ^
main.cpp:8:12: error: expected unqualified-id before numeric constant
     Fecha; 10 de septiembre del 2013
            ^
In file included from /usr/include/c++/4.8/iosfwd:40:0,
                 from /usr/include/c++/4.8/ios:38,
                 from /usr/include/c++/4.8/ostream:38,
                 from /usr/include/c++/4.8/iostream:39,
                 from main.cpp:12:
/usr/include/c++/4.8/bits/postypes.h:98:11: error: ‘ptrdiff_t’ does not name a type
   typedef ptrdiff_t streamsize; // Signed integral type
           ^
In file included from /usr/include/c++/4.8/exception:152:0,
                 from /usr/include/c++/4.8/ios:39,
                 from /usr/include/c++/4.8/ostream:38,
                 from /usr/include/c++/4.8/iostream:39,
                 from main.cpp:12:
/usr/include/c++/4.8/bits/exception_ptr.h:95:30: error: field ‘nullptr_t’ has incomplete type
       exception_ptr(nullptr_t) noexcept
                              ^
/usr/include/c++/4.8/bits/exception_ptr.h:95:30: error: expected ‘;’ at end of member declaration
/usr/include/c++/4.8/bits/exception_ptr.h:95:32: error: expected unqualified-id before ‘noexcept’
       exception_ptr(nullptr_t) noexcept
                                ^
In file included from /usr/include/c++/4.8/bits/move.h:57:0,
                 from /usr/include/c++/4.8/bits/stl_pair.h:59,
                 from /usr/include/c++/4.8/bits/stl_algobase.h:64,
                 from /usr/include/c++/4.8/bits/char_traits.h:39,
                 from /usr/include/c++/4.8/ios:40,
                 from /usr/include/c++/4.8/ostream:38,
                 from /usr/include/c++/4.8/iostream:39,
                 from main.cpp:12:
/usr/include/c++/4.8/type_traits:285:31: error: ‘std::size_t’ has not been declared
   template<typename _Tp, std::size_t _Size>
                               ^
/usr/include/c++/4.8/type_traits:419:34: error: ‘nullptr_t’ is not a member of ‘std’
     struct __is_nullptr_t_helper<std::nullptr_t>
                                  ^
/usr/include/c++/4.8/type_traits:419:34: error: ‘nullptr_t’ is not a member of ‘std’
/usr/include/c++/4.8/type_traits:419:48: error: template argument 1 is invalid
     struct __is_nullptr_t_helper<std::nullptr_t>
                                                ^
/usr/include/c++/4.8/type_traits:1239:32: error: ‘size_t’ is not a member of ‘std’
     : public integral_constant<std::size_t, __alignof__(_Tp)> { };
                                ^
/usr/include/c++/4.8/type_traits:1239:32: note: suggested alternative:
In file included from /usr/include/wchar.h:52:0,
                 from /usr/include/c++/4.8/cwchar:44,
                 from /usr/include/c++/4.8/bits/postypes.h:40,
                 from /usr/include/c++/4.8/iosfwd:40,
                 from /usr/include/c++/4.8/ios:38,
                 from /usr/include/c++/4.8/ostream:38,
                 from /usr/include/c++/4.8/iostream:39,
                 from main.cpp:12:
/usr/lib/gcc/x86_64-linux-gnu/4.8/include/stddef.h:212:23: note:   ‘size_t’
 typedef __SIZE_TYPE__ size_t;
                       ^
In file included from /usr/include/c++/4.8/bits/move.h:57:0,
                 from /usr/include/c++/4.8/bits/stl_pair.h:59,
                 from /usr/include/c++/4.8/bits/stl_algobase.h:64,
                 from /usr/include/c++/4.8/bits/char_traits.h:39,
                 from /usr/include/c++/4.8/ios:40,
                 from /usr/include/c++/4.8/ostream:38,
                 from /usr/include/c++/4.8/iostream:39,
                 from main.cpp:12:
/usr/include/c++/4.8/type_traits:1239:32: error: ‘size_t’ is not a member of ‘std’
     : public integral_constant<std::size_t, __alignof__(_Tp)> { };
                                ^
/usr/include/c++/4.8/type_traits:1239:32: note: suggested alternative:
In file included from /usr/include/wchar.h:52:0,
                 from /usr/include/c++/4.8/cwchar:44,
                 from /usr/include/c++/4.8/bits/postypes.h:40,
                 from /usr/include/c++/4.8/iosfwd:40,
                 from /usr/include/c++/4.8/ios:38,
                 from /usr/include/c++/4.8/ostream:38,
                 from /usr/include/c++/4.8/iostream:39,
                 from main.cpp:12:
/usr/lib/gcc/x86_64-linux-gnu/4.8/include/stddef.h:212:23: note:   ‘size_t’
 typedef __SIZE_TYPE__ size_t;
                       ^
In file included from /usr/include/c++/4.8/bits/move.h:57:0,
                 from /usr/include/c++/4.8/bits/stl_pair.h:59,
                 from /usr/include/c++/4.8/bits/stl_algobase.h:64,
                 from /usr/include/c++/4.8/bits/char_traits.h:39,
                 from /usr/include/c++/4.8/ios:40,
                 from /usr/include/c++/4.8/ostream:38,
                 from /usr/include/c++/4.8/iostream:39,
                 from main.cpp:12:
/usr/include/c++/4.8/type_traits:1239:61: error: template argument 1 is invalid
     : public integral_constant<std::size_t, __alignof__(_Tp)> { };
                                                             ^
/usr/include/c++/4.8/type_traits:1239:61: note: invalid template non-type parameter
/usr/include/c++/4.8/type_traits:1244:32: error: ‘size_t’ is not a member of ‘std’
     : public integral_constant<std::size_t, 0> { };
                                ^
/usr/include/c++/4.8/type_traits:1244:32: note: suggested alternative:
In file included from /usr/include/wchar.h:52:0,
                 from /usr/include/c++/4.8/cwchar:44,
                 from /usr/include/c++/4.8/bits/postypes.h:40,
                 from /usr/include/c++/4.8/iosfwd:40,
                 from /usr/include/c++/4.8/ios:38,
                 from /usr/include/c++/4.8/ostream:38,
                 from /usr/include/c++/4.8/iostream:39,
                 from main.cpp:12:
/usr/lib/gcc/x86_64-linux-gnu/4.8/include/stddef.h:212:23: note:   ‘size_t’
 typedef __SIZE_TYPE__ size_t;
                       ^
In file included from /usr/include/c++/4.8/bits/move.h:57:0,
                 from /usr/include/c++/4.8/bits/stl_pair.h:59,
                 from /usr/include/c++/4.8/bits/stl_algobase.h:64,
                 from /usr/include/c++/4.8/bits/char_traits.h:39,
                 from /usr/include/c++/4.8/ios:40,
                 from /usr/include/c++/4.8/ostream:38,
                 from /usr/include/c++/4.8/iostream:39,
                 from main.cpp:12:
/usr/include/c++/4.8/type_traits:1244:32: error: ‘size_t’ is not a member of ‘std’
     : public integral_constant<std::size_t, 0> { };
                                ^
/usr/include/c++/4.8/type_traits:1244:32: note: suggested alternative:
In file included from /usr/include/wchar.h:52:0,
                 from /usr/include/c++/4.8/cwchar:44,
                 from /usr/include/c++/4.8/bits/postypes.h:40,
                 from /usr/include/c++/4.8/iosfwd:40,
                 from /usr/include/c++/4.8/ios:38,
                 from /usr/include/c++/4.8/ostream:38,
                 from /usr/include/c++/4.8/iostream:39,
                 from main.cpp:12:
/usr/lib/gcc/x86_64-linux-gnu/4.8/include/stddef.h:212:23: note:   ‘size_t’
 typedef __SIZE_TYPE__ size_t;
                       ^
In file included from /usr/include/c++/4.8/bits/move.h:57:0,
                 from /usr/include/c++/4.8/bits/stl_pair.h:59,
                 from /usr/include/c++/4.8/bits/stl_algobase.h:64,
                 from /usr/include/c++/4.8/bits/char_traits.h:39,
                 from /usr/include/c++/4.8/ios:40,
                 from /usr/include/c++/4.8/ostream:38,
                 from /usr/include/c++/4.8/iostream:39,
                 from main.cpp:12:
/usr/include/c++/4.8/type_traits:1244:46: error: template argument 1 is invalid
     : public integral_constant<std::size_t, 0> { };
                                              ^
/usr/include/c++/4.8/type_traits:1244:46: note: invalid template non-type parameter
/usr/include/c++/4.8/type_traits:1246:31: error: ‘std::size_t’ has not been declared
   template<typename _Tp, std::size_t _Size>
                               ^
/usr/include/c++/4.8/type_traits:1248:32: error: ‘size_t’ is not a member of ‘std’
     : public integral_constant<std::size_t, 1 + rank<_Tp>::value> { };
                                ^
/usr/include/c++/4.8/type_traits:1248:32: note: suggested alternative:
In file included from /usr/include/wchar.h:52:0,
                 from /usr/include/c++/4.8/cwchar:44,
                 from /usr/include/c++/4.8/bits/postypes.h:40,
                 from /usr/include/c++/4.8/iosfwd:40,
                 from /usr/include/c++/4.8/ios:38,
                 from /usr/include/c++/4.8/ostream:38,
                 from /usr/include/c++/4.8/iostream:39,
                 from main.cpp:12:
/usr/lib/gcc/x86_64-linux-gnu/4.8/include/stddef.h:212:23: note:   ‘size_t’
 typedef __SIZE_TYPE__ size_t;
                       ^
In file included from /usr/include/c++/4.8/bits/move.h:57:0,
                 from /usr/include/c++/4.8/bits/stl_pair.h:59,
                 from /usr/include/c++/4.8/bits/stl_algobase.h:64,
                 from /usr/include/c++/4.8/bits/char_traits.h:39,
                 from /usr/include/c++/4.8/ios:40,
                 from /usr/include/c++/4.8/ostream:38,
                 from /usr/include/c++/4.8/iostream:39,
                 from main.cpp:12:
/usr/include/c++/4.8/type_traits:1248:32: error: ‘size_t’ is not a member of ‘std’
     : public integral_constant<std::size_t, 1 + rank<_Tp>::value> { };
                                ^
/usr/include/c++/4.8/type_traits:1248:32: note: suggested alternative:
In file included from /usr/include/wchar.h:52:0,
                 from /usr/include/c++/4.8/cwchar:44,
                 from /usr/include/c++/4.8/bits/postypes.h:40,
                 from /usr/include/c++/4.8/iosfwd:40,
                 from /usr/include/c++/4.8/ios:38,
                 from /usr/include/c++/4.8/ostream:38,
                 from /usr/include/c++/4.8/iostream:39,
                 from main.cpp:12:
/usr/lib/gcc/x86_64-linux-gnu/4.8/include/stddef.h:212:23: note:   ‘size_t’
 typedef __SIZE_TYPE__ size_t;
                       ^
In file included from /usr/include/c++/4.8/bits/move.h:57:0,
                 from /usr/include/c++/4.8/bits/stl_pair.h:59,
                 from /usr/include/c++/4.8/bits/stl_algobase.h:64,
                 from /usr/include/c++/4.8/bits/char_traits.h:39,
                 from /usr/include/c++/4.8/ios:40,
                 from /usr/include/c++/4.8/ostream:38,
                 from /usr/include/c++/4.8/iostream:39,
                 from main.cpp:12:
/usr/include/c++/4.8/type_traits:1248:65: error: template argument 1 is invalid
     : public integral_constant<std::size_t, 1 + rank<_Tp>::value> { };
                                                                 ^
/usr/include/c++/4.8/type_traits:1248:65: note: invalid template non-type parameter
/usr/include/c++/4.8/type_traits:1252:32: error: ‘size_t’ is not a member of ‘std’
     : public integral_constant<std::size_t, 1 + rank<_Tp>::value> { };
                                ^
/usr/include/c++/4.8/type_traits:1252:32: note: suggested alternative:
In file included from /usr/include/wchar.h:52:0,
                 from /usr/include/c++/4.8/cwchar:44,
                 from /usr/include/c++/4.8/bits/postypes.h:40,
                 from /usr/include/c++/4.8/iosfwd:40,
                 from /usr/include/c++/4.8/ios:38,
                 from /usr/include/c++/4.8/ostream:38,
                 from /usr/include/c++/4.8/iostream:39,
                 from main.cpp:12:
/usr/lib/gcc/x86_64-linux-gnu/4.8/include/stddef.h:212:23: note:   ‘size_t’
 typedef __SIZE_TYPE__ size_t;
                       ^
In file included from /usr/include/c++/4.8/bits/move.h:57:0,
                 from /usr/include/c++/4.8/bits/stl_pair.h:59,
                 from /usr/include/c++/4.8/bits/stl_algobase.h:64,
                 from /usr/include/c++/4.8/bits/char_traits.h:39,
                 from /usr/include/c++/4.8/ios:40,
                 from /usr/include/c++/4.8/ostream:38,
                 from /usr/include/c++/4.8/iostream:39,
                 from main.cpp:12:
/usr/include/c++/4.8/type_traits:1252:32: error: ‘size_t’ is not a member of ‘std’
     : public integral_constant<std::size_t, 1 + rank<_Tp>::value> { };
                                ^
/usr/include/c++/4.8/type_traits:1252:32: note: suggested alternative:
In file included from /usr/include/wchar.h:52:0,
                 from /usr/include/c++/4.8/cwchar:44,
                 from /usr/include/c++/4.8/bits/postypes.h:40,
                 from /usr/include/c++/4.8/iosfwd:40,
                 from /usr/include/c++/4.8/ios:38,
                 from /usr/include/c++/4.8/ostream:38,
                 from /usr/include/c++/4.8/iostream:39,
                 from main.cpp:12:
/usr/lib/gcc/x86_64-linux-gnu/4.8/include/stddef.h:212:23: note:   ‘size_t’
 typedef __SIZE_TYPE__ size_t;
                       ^
In file included from /usr/include/c++/4.8/bits/move.h:57:0,
                 from /usr/include/c++/4.8/bits/stl_pair.h:59,
                 from /usr/include/c++/4.8/bits/stl_algobase.h:64,
                 from /usr/include/c++/4.8/bits/char_traits.h:39,
                 from /usr/include/c++/4.8/ios:40,
                 from /usr/include/c++/4.8/ostream:38,
                 from /usr/include/c++/4.8/iostream:39,
                 from main.cpp:12:
/usr/include/c++/4.8/type_traits:1252:65: error: template argument 1 is invalid
     : public integral_constant<std::size_t, 1 + rank<_Tp>::value> { };
                                                                 ^
/usr/include/c++/4.8/type_traits:1252:65: note: invalid template non-type parameter
/usr/include/c++/4.8/type_traits:1257:32: error: ‘size_t’ is not a member of ‘std’
     : public integral_constant<std::size_t, 0> { };
                                ^
/usr/include/c++/4.8/type_traits:1257:32: note: suggested alternative:
In file included from /usr/include/wchar.h:52:0,
                 from /usr/include/c++/4.8/cwchar:44,
                 from /usr/include/c++/4.8/bits/postypes.h:40,
                 from /usr/include/c++/4.8/iosfwd:40,
                 from /usr/include/c++/4.8/ios:38,
                 from /usr/include/c++/4.8/ostream:38,
                 from /usr/include/c++/4.8/iostream:39,
                 from main.cpp:12:
/usr/lib/gcc/x86_64-linux-gnu/4.8/include/stddef.h:212:23: note:   ‘size_t’
 typedef __SIZE_TYPE__ size_t;
                       ^
In file included from /usr/include/c++/4.8/bits/move.h:57:0,
                 from /usr/include/c++/4.8/bits/stl_pair.h:59,
                 from /usr/include/c++/4.8/bits/stl_algobase.h:64,
                 from /usr/include/c++/4.8/bits/char_traits.h:39,
                 from /usr/include/c++/4.8/ios:40,
                 from /usr/include/c++/4.8/ostream:38,
                 from /usr/include/c++/4.8/iostream:39,
                 from main.cpp:12:
/usr/include/c++/4.8/type_traits:1257:32: error: ‘size_t’ is not a member of ‘std’
     : public integral_constant<std::size_t, 0> { };
                                ^
/usr/include/c++/4.8/type_traits:1257:32: note: suggested alternative:
In file included from /usr/include/wchar.h:52:0,
                 from /usr/include/c++/4.8/cwchar:44,
                 from /usr/include/c++/4.8/bits/postypes.h:40,
                 from /usr/include/c++/4.8/iosfwd:40,
                 from /usr/include/c++/4.8/ios:38,
                 from /usr/include/c++/4.8/ostream:38,
                 from /usr/include/c++/4.8/iostream:39,
                 from main.cpp:12:
/usr/lib/gcc/x86_64-linux-gnu/4.8/include/stddef.h:212:23: note:   ‘size_t’
 typedef __SIZE_TYPE__ size_t;
                       ^
In file included from /usr/include/c++/4.8/bits/move.h:57:0,
                 from /usr/include/c++/4.8/bits/stl_pair.h:59,
                 from /usr/include/c++/4.8/bits/stl_algobase.h:64,
                 from /usr/include/c++/4.8/bits/char_traits.h:39,
                 from /usr/include/c++/4.8/ios:40,
                 from /usr/include/c++/4.8/ostream:38,
                 from /usr/include/c++/4.8/iostream:39,
                 from main.cpp:12:
/usr/include/c++/4.8/type_traits:1257:46: error: template argument 1 is invalid
     : public integral_constant<std::size_t, 0> { };
                                              ^
/usr/include/c++/4.8/type_traits:1257:46: note: invalid template non-type parameter
/usr/include/c++/4.8/type_traits:1259:47: error: ‘std::size_t’ has not been declared
   template<typename _Tp, unsigned _Uint, std::size_t _Size>
                                               ^
/usr/include/c++/4.8/type_traits:1261:32: error: ‘size_t’ is not a member of ‘std’
     : public integral_constant<std::size_t,
                                ^
/usr/include/c++/4.8/type_traits:1261:32: note: suggested alternative:
In file included from /usr/include/wchar.h:52:0,
                 from /usr/include/c++/4.8/cwchar:44,
                 from /usr/include/c++/4.8/bits/postypes.h:40,
                 from /usr/include/c++/4.8/iosfwd:40,
                 from /usr/include/c++/4.8/ios:38,
                 from /usr/include/c++/4.8/ostream:38,
                 from /usr/include/c++/4.8/iostream:39,
                 from main.cpp:12:
/usr/lib/gcc/x86_64-linux-gnu/4.8/include/stddef.h:212:23: note:   ‘size_t’
 typedef __SIZE_TYPE__ size_t;
                       ^
In file included from /usr/include/c++/4.8/bits/move.h:57:0,
                 from /usr/include/c++/4.8/bits/stl_pair.h:59,
                 from /usr/include/c++/4.8/bits/stl_algobase.h:64,
                 from /usr/include/c++/4.8/bits/char_traits.h:39,
                 from /usr/include/c++/4.8/ios:40,
                 from /usr/include/c++/4.8/ostream:38,
                 from /usr/include/c++/4.8/iostream:39,
                 from main.cpp:12:
/usr/include/c++/4.8/type_traits:1261:32: error: ‘size_t’ is not a member of ‘std’
     : public integral_constant<std::size_t,
                                ^
/usr/include/c++/4.8/type_traits:1261:32: note: suggested alternative:
In file included from /usr/include/wchar.h:52:0,
                 from /usr/include/c++/4.8/cwchar:44,
                 from /usr/include/c++/4.8/bits/postypes.h:40,
                 from /usr/include/c++/4.8/iosfwd:40,
                 from /usr/include/c++/4.8/ios:38,
                 from /usr/include/c++/4.8/ostream:38,
                 from /usr/include/c++/4.8/iostream:39,
                 from main.cpp:12:
/usr/lib/gcc/x86_64-linux-gnu/4.8/include/stddef.h:212:23: note:   ‘size_t’
 typedef __SIZE_TYPE__ size_t;
                       ^
In file included from /usr/include/c++/4.8/bits/move.h:57:0,
                 from /usr/include/c++/4.8/bits/stl_pair.h:59,
                 from /usr/include/c++/4.8/bits/stl_algobase.h:64,
                 from /usr/include/c++/4.8/bits/char_traits.h:39,
                 from /usr/include/c++/4.8/ios:40,
                 from /usr/include/c++/4.8/ostream:38,
                 from /usr/include/c++/4.8/iostream:39,
                 from main.cpp:12:
/usr/include/c++/4.8/type_traits:1263:28: error: template argument 1 is invalid
           _Uint - 1>::value>
                            ^
/usr/include/c++/4.8/type_traits:1263:28: note: invalid template non-type parameter
/usr/include/c++/4.8/type_traits:1268:32: error: ‘size_t’ is not a member of ‘std’
     : public integral_constant<std::size_t,
                                ^
/usr/include/c++/4.8/type_traits:1268:32: note: suggested alternative:
In file included from /usr/include/wchar.h:52:0,
                 from /usr/include/c++/4.8/cwchar:44,
                 from /usr/include/c++/4.8/bits/postypes.h:40,
                 from /usr/include/c++/4.8/iosfwd:40,
                 from /usr/include/c++/4.8/ios:38,
                 from /usr/include/c++/4.8/ostream:38,
                 from /usr/include/c++/4.8/iostream:39,
                 from main.cpp:12:
/usr/lib/gcc/x86_64-linux-gnu/4.8/include/stddef.h:212:23: note:   ‘size_t’
 typedef __SIZE_TYPE__ size_t;
                       ^
In file included from /usr/include/c++/4.8/bits/move.h:57:0,
                 from /usr/include/c++/4.8/bits/stl_pair.h:59,
                 from /usr/include/c++/4.8/bits/stl_algobase.h:64,
                 from /usr/include/c++/4.8/bits/char_traits.h:39,
                 from /usr/include/c++/4.8/ios:40,
                 from /usr/include/c++/4.8/ostream:38,
                 from /usr/include/c++/4.8/iostream:39,
                 from main.cpp:12:
/usr/include/c++/4.8/type_traits:1268:32: error: ‘size_t’ is not a member of ‘std’
     : public integral_constant<std::size_t,
                                ^
/usr/include/c++/4.8/type_traits:1268:32: note: suggested alternative:
In file included from /usr/include/wchar.h:52:0,
                 from /usr/include/c++/4.8/cwchar:44,
                 from /usr/include/c++/4.8/bits/postypes.h:40,
                 from /usr/include/c++/4.8/iosfwd:40,
                 from /usr/include/c++/4.8/ios:38,
                 from /usr/include/c++/4.8/ostream:38,
                 from /usr/include/c++/4.8/iostream:39,
                 from main.cpp:12:
/usr/lib/gcc/x86_64-linux-gnu/4.8/include/stddef.h:212:23: note:   ‘size_t’
 typedef __SIZE_TYPE__ size_t;
                       ^
In file included from /usr/include/c++/4.8/bits/move.h:57:0,
                 from /usr/include/c++/4.8/bits/stl_pair.h:59,
                 from /usr/include/c++/4.8/bits/stl_algobase.h:64,
                 from /usr/include/c++/4.8/bits/char_traits.h:39,
                 from /usr/include/c++/4.8/ios:40,
                 from /usr/include/c++/4.8/ostream:38,
                 from /usr/include/c++/4.8/iostream:39,
                 from main.cpp:12:
/usr/include/c++/4.8/type_traits:1270:31: error: template argument 1 is invalid
              _Uint - 1>::value>
                               ^
/usr/include/c++/4.8/type_traits:1270:31: note: invalid template non-type parameter
/usr/include/c++/4.8/type_traits:1627:31: error: ‘std::size_t’ has not been declared
   template<typename _Tp, std::size_t _Size>
                               ^
/usr/include/c++/4.8/type_traits:1640:31: error: ‘std::size_t’ has not been declared
   template<typename _Tp, std::size_t _Size>
                               ^
/usr/include/c++/4.8/type_traits:1671:17: error: ‘std::size_t’ has not been declared
   template<std::size_t _Len>
                 ^
/usr/include/c++/4.8/type_traits:1691:17: error: ‘std::size_t’ has not been declared
   template<std::size_t _Len, std::size_t _Align =
                 ^
/usr/include/c++/4.8/type_traits:1691:35: error: ‘std::size_t’ has not been declared
   template<std::size_t _Len, std::size_t _Align =
                                   ^
In file included from /usr/include/c++/4.8/bits/stl_algobase.h:64:0,
                 from /usr/include/c++/4.8/bits/char_traits.h:39,
                 from /usr/include/c++/4.8/ios:40,
                 from /usr/include/c++/4.8/ostream:38,
                 from /usr/include/c++/4.8/iostream:39,
                 from main.cpp:12:
/usr/include/c++/4.8/bits/stl_pair.h:85:17: error: ‘std::size_t’ has not been declared
   template<std::size_t...>
                 ^
/usr/include/c++/4.8/bits/stl_pair.h:204:41: error: ‘std::size_t’ has not been declared
       template<typename... _Args1, std::size_t... _Indexes1,
                                         ^
/usr/include/c++/4.8/bits/stl_pair.h:205:41: error: ‘std::size_t’ has not been declared
                typename... _Args2, std::size_t... _Indexes2>
                                         ^
In file included from /usr/include/c++/4.8/bits/stl_algobase.h:65:0,
                 from /usr/include/c++/4.8/bits/char_traits.h:39,
                 from /usr/include/c++/4.8/ios:40,
                 from /usr/include/c++/4.8/ostream:38,
                 from /usr/include/c++/4.8/iostream:39,
                 from main.cpp:12:
/usr/include/c++/4.8/bits/stl_iterator_base_types.h:116:67: error: expected type-specifier before ‘ptrdiff_t’
   template<typename _Category, typename _Tp, typename _Distance = ptrdiff_t,
                                                                   ^
/usr/include/c++/4.8/bits/stl_iterator_base_types.h:116:67: error: expected ‘>’ before ‘ptrdiff_t’
/usr/include/c++/4.8/bits/stl_iterator_base_types.h:127:15: error: ‘_Pointer’ does not name a type
       typedef _Pointer   pointer;
               ^
/usr/include/c++/4.8/bits/stl_iterator_base_types.h:129:15: error: ‘_Reference’ does not name a type
       typedef _Reference reference;
               ^
/usr/include/c++/4.8/bits/stl_iterator_base_types.h:179:15: error: ‘ptrdiff_t’ does not name a type
       typedef ptrdiff_t                   difference_type;
               ^
/usr/include/c++/4.8/bits/stl_iterator_base_types.h:190:15: error: ‘ptrdiff_t’ does not name a type
       typedef ptrdiff_t                   difference_type;
               ^
In file included from /usr/include/c++/4.8/bits/stl_algobase.h:67:0,
                 from /usr/include/c++/4.8/bits/char_traits.h:39,
                 from /usr/include/c++/4.8/ios:40,
                 from /usr/include/c++/4.8/ostream:38,
                 from /usr/include/c++/4.8/iostream:39,
                 from main.cpp:12:
/usr/include/c++/4.8/bits/stl_iterator.h:101:69: error: wrong number of template arguments (5, should be 3)
                       typename iterator_traits<_Iterator>::reference>
                                                                     ^
In file included from /usr/include/c++/4.8/bits/stl_algobase.h:65:0,
                 from /usr/include/c++/4.8/bits/char_traits.h:39,
                 from /usr/include/c++/4.8/ios:40,
                 from /usr/include/c++/4.8/ostream:38,
                 from /usr/include/c++/4.8/iostream:39,
                 from main.cpp:12:
/usr/include/c++/4.8/bits/stl_iterator_base_types.h:118:12: error: provided for ‘template<class _Category, class _Tp, class _Distance> struct std::iterator’
     struct iterator
            ^
In file included from /usr/include/c++/4.8/bits/stl_algobase.h:67:0,
                 from /usr/include/c++/4.8/bits/char_traits.h:39,
                 from /usr/include/c++/4.8/ios:40,
                 from /usr/include/c++/4.8/ostream:38,
                 from /usr/include/c++/4.8/iostream:39,
                 from main.cpp:12:
/usr/include/c++/4.8/bits/stl_iterator.h:403:66: error: wrong number of template arguments (5, should be 3)
     : public iterator<output_iterator_tag, void, void, void, void>
                                                                  ^
In file included from /usr/include/c++/4.8/bits/stl_algobase.h:65:0,
                 from /usr/include/c++/4.8/bits/char_traits.h:39,
                 from /usr/include/c++/4.8/ios:40,
                 from /usr/include/c++/4.8/ostream:38,
                 from /usr/include/c++/4.8/iostream:39,
                 from main.cpp:12:
/usr/include/c++/4.8/bits/stl_iterator_base_types.h:118:12: error: provided for ‘template<class _Category, class _Tp, class _Distance> struct std::iterator’
     struct iterator
            ^
In file included from /usr/include/c++/4.8/bits/stl_algobase.h:67:0,
                 from /usr/include/c++/4.8/bits/char_traits.h:39,
                 from /usr/include/c++/4.8/ios:40,
                 from /usr/include/c++/4.8/ostream:38,
                 from /usr/include/c++/4.8/iostream:39,
                 from main.cpp:12:
/usr/include/c++/4.8/bits/stl_iterator.h:494:66: error: wrong number of template arguments (5, should be 3)
     : public iterator<output_iterator_tag, void, void, void, void>
                                                                  ^
In file included from /usr/include/c++/4.8/bits/stl_algobase.h:65:0,
                 from /usr/include/c++/4.8/bits/char_traits.h:39,
                 from /usr/include/c++/4.8/ios:40,
                 from /usr/include/c++/4.8/ostream:38,
                 from /usr/include/c++/4.8/iostream:39,
                 from main.cpp:12:
/usr/include/c++/4.8/bits/stl_iterator_base_types.h:118:12: error: provided for ‘template<class _Category, class _Tp, class _Distance> struct std::iterator’
     struct iterator
            ^
In file included from /usr/include/c++/4.8/bits/stl_algobase.h:67:0,
                 from /usr/include/c++/4.8/bits/char_traits.h:39,
                 from /usr/include/c++/4.8/ios:40,
                 from /usr/include/c++/4.8/ostream:38,
                 from /usr/include/c++/4.8/iostream:39,
                 from main.cpp:12:
/usr/include/c++/4.8/bits/stl_iterator.h:588:66: error: wrong number of template arguments (5, should be 3)
     : public iterator<output_iterator_tag, void, void, void, void>
                                                                  ^
In file included from /usr/include/c++/4.8/bits/stl_algobase.h:65:0,
                 from /usr/include/c++/4.8/bits/char_traits.h:39,
                 from /usr/include/c++/4.8/ios:40,
                 from /usr/include/c++/4.8/ostream:38,
                 from /usr/include/c++/4.8/iostream:39,
                 from main.cpp:12:
/usr/include/c++/4.8/bits/stl_iterator_base_types.h:118:12: error: provided for ‘template<class _Category, class _Tp, class _Distance> struct std::iterator’
     struct iterator
            ^
In file included from /usr/include/c++/4.8/bits/char_traits.h:39:0,
                 from /usr/include/c++/4.8/ios:40,
                 from /usr/include/c++/4.8/ostream:38,
                 from /usr/include/c++/4.8/iostream:39,
                 from main.cpp:12:
/usr/include/c++/4.8/bits/stl_algobase.h: In static member function ‘static _Tp* std::__copy_move<_IsMove, true, std::random_access_iterator_tag>::__copy_m(const _Tp*, const _Tp*, _Tp*)’:
/usr/include/c++/4.8/bits/stl_algobase.h:370:10: error: ‘ptrdiff_t’ does not name a type
    const ptrdiff_t _Num = __last - __first;
          ^
/usr/include/c++/4.8/bits/stl_algobase.h:371:8: error: ‘_Num’ was not declared in this scope
    if (_Num)
        ^
/usr/include/c++/4.8/bits/stl_algobase.h:373:22: error: ‘_Num’ was not declared in this scope
    return __result + _Num;
                      ^
/usr/include/c++/4.8/bits/stl_algobase.h: In static member function ‘static _Tp* std::__copy_move_backward<_IsMove, true, std::random_access_iterator_tag>::__copy_move_b(const _Tp*, const _Tp*, _Tp*)’:
/usr/include/c++/4.8/bits/stl_algobase.h:565:10: error: ‘ptrdiff_t’ does not name a type
    const ptrdiff_t _Num = __last - __first;
          ^
/usr/include/c++/4.8/bits/stl_algobase.h:566:8: error: ‘_Num’ was not declared in this scope
    if (_Num)
        ^
/usr/include/c++/4.8/bits/stl_algobase.h:568:22: error: ‘_Num’ was not declared in this scope
    return __result - _Num;
                      ^
In file included from /usr/include/c++/4.8/ios:40:0,
                 from /usr/include/c++/4.8/ostream:38,
                 from /usr/include/c++/4.8/iostream:39,
                 from main.cpp:12:
/usr/include/c++/4.8/bits/char_traits.h: At global scope:
/usr/include/c++/4.8/bits/char_traits.h:104:66: error: ‘std::size_t’ has not been declared
       compare(const char_type* __s1, const char_type* __s2, std::size_t __n);
                                                                  ^
/usr/include/c++/4.8/bits/char_traits.h:106:14: error: ‘size_t’ in namespace ‘std’ does not name a type
       static std::size_t
              ^
/usr/include/c++/4.8/bits/char_traits.h:110:39: error: ‘std::size_t’ has not been declared
       find(const char_type* __s, std::size_t __n, const char_type& __a);
                                       ^
/usr/include/c++/4.8/bits/char_traits.h:113:57: error: ‘std::size_t’ has not been declared
       move(char_type* __s1, const char_type* __s2, std::size_t __n);
                                                         ^
/usr/include/c++/4.8/bits/char_traits.h:116:57: error: ‘std::size_t’ has not been declared
       copy(char_type* __s1, const char_type* __s2, std::size_t __n);
                                                         ^
/usr/include/c++/4.8/bits/char_traits.h:119:35: error: ‘std::size_t’ has not been declared
       assign(char_type* __s, std::size_t __n, char_type __a);
                                   ^
/usr/include/c++/4.8/bits/char_traits.h:145:64: error: ‘std::size_t’ has not been declared
     compare(const char_type* __s1, const char_type* __s2, std::size_t __n)
                                                                ^
/usr/include/c++/4.8/bits/char_traits.h: In static member function ‘static int __gnu_cxx::char_traits<_CharT>::compare(const char_type*, const char_type*, int)’:
/usr/include/c++/4.8/bits/char_traits.h:147:12: error: ‘size_t’ is not a member of ‘std’
       for (std::size_t __i = 0; __i < __n; ++__i)
            ^
/usr/include/c++/4.8/bits/char_traits.h:147:12: note: suggested alternative:
In file included from /usr/include/wchar.h:52:0,
                 from /usr/include/c++/4.8/cwchar:44,
                 from /usr/include/c++/4.8/bits/postypes.h:40,
                 from /usr/include/c++/4.8/iosfwd:40,
                 from /usr/include/c++/4.8/ios:38,
                 from /usr/include/c++/4.8/ostream:38,
                 from /usr/include/c++/4.8/iostream:39,
                 from main.cpp:12:
/usr/lib/gcc/x86_64-linux-gnu/4.8/include/stddef.h:212:23: note:   ‘size_t’
 typedef __SIZE_TYPE__ size_t;
                       ^
In file included from /usr/include/c++/4.8/ios:40:0,
                 from /usr/include/c++/4.8/ostream:38,
                 from /usr/include/c++/4.8/iostream:39,
                 from main.cpp:12:
/usr/include/c++/4.8/bits/char_traits.h:147:24: error: expected ‘;’ before ‘__i’
       for (std::size_t __i = 0; __i < __n; ++__i)
                        ^
/usr/include/c++/4.8/bits/char_traits.h:147:33: error: ‘__i’ was not declared in this scope
       for (std::size_t __i = 0; __i < __n; ++__i)
                                 ^
/usr/include/c++/4.8/bits/char_traits.h: At global scope:
/usr/include/c++/4.8/bits/char_traits.h:156:5: error: ‘size_t’ in namespace ‘std’ does not name a type
     std::size_t
     ^
/usr/include/c++/4.8/bits/char_traits.h:169:37: error: ‘std::size_t’ has not been declared
     find(const char_type* __s, std::size_t __n, const char_type& __a)
                                     ^
/usr/include/c++/4.8/bits/char_traits.h: In static member function ‘static const char_type* __gnu_cxx::char_traits<_CharT>::find(const char_type*, int, const char_type&)’:
/usr/include/c++/4.8/bits/char_traits.h:171:12: error: ‘size_t’ is not a member of ‘std’
       for (std::size_t __i = 0; __i < __n; ++__i)
            ^
/usr/include/c++/4.8/bits/char_traits.h:171:12: note: suggested alternative:
In file included from /usr/include/wchar.h:52:0,
                 from /usr/include/c++/4.8/cwchar:44,
                 from /usr/include/c++/4.8/bits/postypes.h:40,
                 from /usr/include/c++/4.8/iosfwd:40,
                 from /usr/include/c++/4.8/ios:38,
                 from /usr/include/c++/4.8/ostream:38,
                 from /usr/include/c++/4.8/iostream:39,
                 from main.cpp:12:
/usr/lib/gcc/x86_64-linux-gnu/4.8/include/stddef.h:212:23: note:   ‘size_t’
 typedef __SIZE_TYPE__ size_t;
                       ^
In file included from /usr/include/c++/4.8/ios:40:0,
                 from /usr/include/c++/4.8/ostream:38,
                 from /usr/include/c++/4.8/iostream:39,
                 from main.cpp:12:
/usr/include/c++/4.8/bits/char_traits.h:171:24: error: expected ‘;’ before ‘__i’
       for (std::size_t __i = 0; __i < __n; ++__i)
                        ^
/usr/include/c++/4.8/bits/char_traits.h:171:33: error: ‘__i’ was not declared in this scope
       for (std::size_t __i = 0; __i < __n; ++__i)
                                 ^
/usr/include/c++/4.8/bits/char_traits.h: At global scope:
/usr/include/c++/4.8/bits/char_traits.h:180:55: error: ‘std::size_t’ has not been declared
     move(char_type* __s1, const char_type* __s2, std::size_t __n)
                                                       ^
/usr/include/c++/4.8/bits/char_traits.h:189:55: error: ‘std::size_t’ has not been declared
     copy(char_type* __s1, const char_type* __s2, std::size_t __n)
                                                       ^
/usr/include/c++/4.8/bits/char_traits.h:199:33: error: ‘std::size_t’ has not been declared
     assign(char_type* __s, std::size_t __n, char_type __a)
                                 ^
In file included from /usr/include/c++/4.8/ext/new_allocator.h:33:0,
                 from /usr/include/x86_64-linux-gnu/c++/4.8/bits/c++allocator.h:33,
                 from /usr/include/c++/4.8/bits/allocator.h:46,
                 from /usr/include/c++/4.8/string:41,
                 from /usr/include/c++/4.8/bits/locale_classes.h:40,
                 from /usr/include/c++/4.8/bits/ios_base.h:41,
                 from /usr/include/c++/4.8/ios:42,
                 from /usr/include/c++/4.8/ostream:38,
                 from /usr/include/c++/4.8/iostream:39,
                 from main.cpp:12:
/usr/include/c++/4.8/new:91:31: error: declaration of ‘operator new’ as non-function
 void* operator new(std::size_t) _GLIBCXX_THROW (std::bad_alloc)
                               ^
/usr/include/c++/4.8/new:91:20: error: ‘size_t’ is not a member of ‘std’
 void* operator new(std::size_t) _GLIBCXX_THROW (std::bad_alloc)
                    ^
/usr/include/c++/4.8/new:91:20: note: suggested alternative:
In file included from /usr/include/wchar.h:52:0,
                 from /usr/include/c++/4.8/cwchar:44,
                 from /usr/include/c++/4.8/bits/postypes.h:40,
                 from /usr/include/c++/4.8/iosfwd:40,
                 from /usr/include/c++/4.8/ios:38,
                 from /usr/include/c++/4.8/ostream:38,
                 from /usr/include/c++/4.8/iostream:39,
                 from main.cpp:12:
/usr/lib/gcc/x86_64-linux-gnu/4.8/include/stddef.h:212:23: note:   ‘size_t’
 typedef __SIZE_TYPE__ size_t;
                       ^
In file included from /usr/include/c++/4.8/ext/new_allocator.h:33:0,
                 from /usr/include/x86_64-linux-gnu/c++/4.8/bits/c++allocator.h:33,
                 from /usr/include/c++/4.8/bits/allocator.h:46,
                 from /usr/include/c++/4.8/string:41,
                 from /usr/include/c++/4.8/bits/locale_classes.h:40,
                 from /usr/include/c++/4.8/bits/ios_base.h:41,
                 from /usr/include/c++/4.8/ios:42,
                 from /usr/include/c++/4.8/ostream:38,
                 from /usr/include/c++/4.8/iostream:39,
                 from main.cpp:12:
/usr/include/c++/4.8/new:93:33: error: declaration of ‘operator new []’ as non-function
 void* operator new[](std::size_t) _GLIBCXX_THROW (std::bad_alloc)
                                 ^
/usr/include/c++/4.8/new:93:22: error: ‘size_t’ is not a member of ‘std’
 void* operator new[](std::size_t) _GLIBCXX_THROW (std::bad_alloc)
                      ^
/usr/include/c++/4.8/new:93:22: note: suggested alternative:
In file included from /usr/include/wchar.h:52:0,
                 from /usr/include/c++/4.8/cwchar:44,
                 from /usr/include/c++/4.8/bits/postypes.h:40,
                 from /usr/include/c++/4.8/iosfwd:40,
                 from /usr/include/c++/4.8/ios:38,
                 from /usr/include/c++/4.8/ostream:38,
                 from /usr/include/c++/4.8/iostream:39,
                 from main.cpp:12:
/usr/lib/gcc/x86_64-linux-gnu/4.8/include/stddef.h:212:23: note:   ‘size_t’
 typedef __SIZE_TYPE__ size_t;
                       ^
In file included from /usr/include/c++/4.8/ext/new_allocator.h:33:0,
                 from /usr/include/x86_64-linux-gnu/c++/4.8/bits/c++allocator.h:33,
                 from /usr/include/c++/4.8/bits/allocator.h:46,
                 from /usr/include/c++/4.8/string:41,
                 from /usr/include/c++/4.8/bits/locale_classes.h:40,
                 from /usr/include/c++/4.8/bits/ios_base.h:41,
                 from /usr/include/c++/4.8/ios:42,
                 from /usr/include/c++/4.8/ostream:38,
                 from /usr/include/c++/4.8/iostream:39,
                 from main.cpp:12:
/usr/include/c++/4.8/new:99:25: error: declaration of ‘operator new’ as non-function
 void* operator new(std::size_t, const std::nothrow_t&) _GLIBCXX_USE_NOEXCEPT
                         ^
/usr/include/c++/4.8/new:99:20: error: ‘size_t’ is not a member of ‘std’
 void* operator new(std::size_t, const std::nothrow_t&) _GLIBCXX_USE_NOEXCEPT
                    ^
/usr/include/c++/4.8/new:99:20: note: suggested alternative:
In file included from /usr/include/wchar.h:52:0,
                 from /usr/include/c++/4.8/cwchar:44,
                 from /usr/include/c++/4.8/bits/postypes.h:40,
                 from /usr/include/c++/4.8/iosfwd:40,
                 from /usr/include/c++/4.8/ios:38,
                 from /usr/include/c++/4.8/ostream:38,
                 from /usr/include/c++/4.8/iostream:39,
                 from main.cpp:12:
/usr/lib/gcc/x86_64-linux-gnu/4.8/include/stddef.h:212:23: note:   ‘size_t’
 typedef __SIZE_TYPE__ size_t;
                       ^
In file included from /usr/include/c++/4.8/ext/new_allocator.h:33:0,
                 from /usr/include/x86_64-linux-gnu/c++/4.8/bits/c++allocator.h:33,
                 from /usr/include/c++/4.8/bits/allocator.h:46,
                 from /usr/include/c++/4.8/string:41,
                 from /usr/include/c++/4.8/bits/locale_classes.h:40,
                 from /usr/include/c++/4.8/bits/ios_base.h:41,
                 from /usr/include/c++/4.8/ios:42,
                 from /usr/include/c++/4.8/ostream:38,
                 from /usr/include/c++/4.8/iostream:39,
                 from main.cpp:12:
/usr/include/c++/4.8/new:99:33: error: expected primary-expression before ‘const’
 void* operator new(std::size_t, const std::nothrow_t&) _GLIBCXX_USE_NOEXCEPT
                                 ^
/usr/include/c++/4.8/new:101:27: error: declaration of ‘operator new []’ as non-function
 void* operator new[](std::size_t, const std::nothrow_t&) _GLIBCXX_USE_NOEXCEPT
                           ^
/usr/include/c++/4.8/new:101:22: error: ‘size_t’ is not a member of ‘std’
 void* operator new[](std::size_t, const std::nothrow_t&) _GLIBCXX_USE_NOEXCEPT
                      ^
/usr/include/c++/4.8/new:101:22: note: suggested alternative:
In file included from /usr/include/wchar.h:52:0,
                 from /usr/include/c++/4.8/cwchar:44,
                 from /usr/include/c++/4.8/bits/postypes.h:40,
                 from /usr/include/c++/4.8/iosfwd:40,
                 from /usr/include/c++/4.8/ios:38,
                 from /usr/include/c++/4.8/ostream:38,
                 from /usr/include/c++/4.8/iostream:39,
                 from main.cpp:12:
/usr/lib/gcc/x86_64-linux-gnu/4.8/include/stddef.h:212:23: note:   ‘size_t’
 typedef __SIZE_TYPE__ size_t;
                       ^
In file included from /usr/include/c++/4.8/ext/new_allocator.h:33:0,
                 from /usr/include/x86_64-linux-gnu/c++/4.8/bits/c++allocator.h:33,
                 from /usr/include/c++/4.8/bits/allocator.h:46,
                 from /usr/include/c++/4.8/string:41,
                 from /usr/include/c++/4.8/bits/locale_classes.h:40,
                 from /usr/include/c++/4.8/bits/ios_base.h:41,
                 from /usr/include/c++/4.8/ios:42,
                 from /usr/include/c++/4.8/ostream:38,
                 from /usr/include/c++/4.8/iostream:39,
                 from main.cpp:12:
/usr/include/c++/4.8/new:101:35: error: expected primary-expression before ‘const’
 void* operator new[](std::size_t, const std::nothrow_t&) _GLIBCXX_USE_NOEXCEPT
                                   ^
/usr/include/c++/4.8/new:109:32: error: declaration of ‘operator new’ as non-function
 inline void* operator new(std::size_t, void* __p) _GLIBCXX_USE_NOEXCEPT
                                ^
/usr/include/c++/4.8/new:109:27: error: ‘size_t’ is not a member of ‘std’
 inline void* operator new(std::size_t, void* __p) _GLIBCXX_USE_NOEXCEPT
                           ^
/usr/include/c++/4.8/new:109:27: note: suggested alternative:
In file included from /usr/include/wchar.h:52:0,
                 from /usr/include/c++/4.8/cwchar:44,
                 from /usr/include/c++/4.8/bits/postypes.h:40,
                 from /usr/include/c++/4.8/iosfwd:40,
                 from /usr/include/c++/4.8/ios:38,
                 from /usr/include/c++/4.8/ostream:38,
                 from /usr/include/c++/4.8/iostream:39,
                 from main.cpp:12:
/usr/lib/gcc/x86_64-linux-gnu/4.8/include/stddef.h:212:23: note:   ‘size_t’
 typedef __SIZE_TYPE__ size_t;
                       ^
In file included from /usr/include/c++/4.8/ext/new_allocator.h:33:0,
                 from /usr/include/x86_64-linux-gnu/c++/4.8/bits/c++allocator.h:33,
                 from /usr/include/c++/4.8/bits/allocator.h:46,
                 from /usr/include/c++/4.8/string:41,
                 from /usr/include/c++/4.8/bits/locale_classes.h:40,
                 from /usr/include/c++/4.8/bits/ios_base.h:41,
                 from /usr/include/c++/4.8/ios:42,
                 from /usr/include/c++/4.8/ostream:38,
                 from /usr/include/c++/4.8/iostream:39,
                 from main.cpp:12:
/usr/include/c++/4.8/new:109:40: error: expected primary-expression before ‘void’
 inline void* operator new(std::size_t, void* __p) _GLIBCXX_USE_NOEXCEPT
                                        ^
/usr/include/c++/4.8/new:111:34: error: declaration of ‘operator new []’ as non-function
 inline void* operator new[](std::size_t, void* __p) _GLIBCXX_USE_NOEXCEPT
                                  ^
/usr/include/c++/4.8/new:111:29: error: ‘size_t’ is not a member of ‘std’
 inline void* operator new[](std::size_t, void* __p) _GLIBCXX_USE_NOEXCEPT
                             ^
/usr/include/c++/4.8/new:111:29: note: suggested alternative:
In file included from /usr/include/wchar.h:52:0,
                 from /usr/include/c++/4.8/cwchar:44,
                 from /usr/include/c++/4.8/bits/postypes.h:40,
                 from /usr/include/c++/4.8/iosfwd:40,
                 from /usr/include/c++/4.8/ios:38,
                 from /usr/include/c++/4.8/ostream:38,
                 from /usr/include/c++/4.8/iostream:39,
                 from main.cpp:12:
/usr/lib/gcc/x86_64-linux-gnu/4.8/include/stddef.h:212:23: note:   ‘size_t’
 typedef __SIZE_TYPE__ size_t;
                       ^
In file included from /usr/include/c++/4.8/ext/new_allocator.h:33:0,
                 from /usr/include/x86_64-linux-gnu/c++/4.8/bits/c++allocator.h:33,
                 from /usr/include/c++/4.8/bits/allocator.h:46,
                 from /usr/include/c++/4.8/string:41,
                 from /usr/include/c++/4.8/bits/locale_classes.h:40,
                 from /usr/include/c++/4.8/bits/ios_base.h:41,
                 from /usr/include/c++/4.8/ios:42,
                 from /usr/include/c++/4.8/ostream:38,
                 from /usr/include/c++/4.8/iostream:39,
                 from main.cpp:12:
/usr/include/c++/4.8/new:111:42: error: expected primary-expression before ‘void’
 inline void* operator new[](std::size_t, void* __p) _GLIBCXX_USE_NOEXCEPT
                                          ^
In file included from /usr/include/x86_64-linux-gnu/c++/4.8/bits/c++allocator.h:33:0,
                 from /usr/include/c++/4.8/bits/allocator.h:46,
                 from /usr/include/c++/4.8/string:41,
                 from /usr/include/c++/4.8/bits/locale_classes.h:40,
                 from /usr/include/c++/4.8/bits/ios_base.h:41,
                 from /usr/include/c++/4.8/ios:42,
                 from /usr/include/c++/4.8/ostream:38,
                 from /usr/include/c++/4.8/iostream:39,
                 from main.cpp:12:
/usr/include/c++/4.8/ext/new_allocator.h:44:14: error: ‘std::size_t’ has not been declared
   using std::size_t;
              ^
/usr/include/c++/4.8/ext/new_allocator.h:45:14: error: ‘std::ptrdiff_t’ has not been declared
   using std::ptrdiff_t;
              ^
/usr/include/c++/4.8/ext/new_allocator.h:62:15: error: ‘ptrdiff_t’ does not name a type
       typedef ptrdiff_t  difference_type;
               ^
In file included from /usr/include/c++/4.8/string:41:0,
                 from /usr/include/c++/4.8/bits/locale_classes.h:40,
                 from /usr/include/c++/4.8/bits/ios_base.h:41,
                 from /usr/include/c++/4.8/ios:42,
                 from /usr/include/c++/4.8/ostream:38,
                 from /usr/include/c++/4.8/iostream:39,
                 from main.cpp:12:
/usr/include/c++/4.8/bits/allocator.h:67:15: error: ‘ptrdiff_t’ does not name a type
       typedef ptrdiff_t   difference_type;
               ^
/usr/include/c++/4.8/bits/allocator.h:96:15: error: ‘ptrdiff_t’ does not name a type
       typedef ptrdiff_t  difference_type;
               ^
In file included from /usr/include/c++/4.8/string:44:0,
                 from /usr/include/c++/4.8/bits/locale_classes.h:40,
                 from /usr/include/c++/4.8/bits/ios_base.h:41,
                 from /usr/include/c++/4.8/ios:42,
                 from /usr/include/c++/4.8/ostream:38,
                 from /usr/include/c++/4.8/iostream:39,
                 from main.cpp:12:
/usr/include/c++/4.8/bits/ostream_insert.h:45:26: error: ‘streamsize’ has not been declared
       const _CharT* __s, streamsize __n)
                          ^
/usr/include/c++/4.8/bits/ostream_insert.h: In function ‘void std::__ostream_write(std::basic_ostream<_CharT, _Traits>&, const _CharT*, int)’:
/usr/include/c++/4.8/bits/ostream_insert.h:50:13: error: ‘streamsize’ does not name a type
       const streamsize __put = __out.rdbuf()->sputn(__s, __n);
             ^
/usr/include/c++/4.8/bits/ostream_insert.h:51:11: error: ‘__put’ was not declared in this scope
       if (__put != __n)
           ^
/usr/include/c++/4.8/bits/ostream_insert.h: At global scope:
/usr/include/c++/4.8/bits/ostream_insert.h:57:59: error: ‘streamsize’ has not been declared
     __ostream_fill(basic_ostream<_CharT, _Traits>& __out, streamsize __n)
                                                           ^
/usr/include/c++/4.8/bits/ostream_insert.h:77:27: error: ‘streamsize’ has not been declared
        const _CharT* __s, streamsize __n)
                           ^
/usr/include/c++/4.8/bits/ostream_insert.h: In function ‘std::basic_ostream<_CharT, _Traits>& std::__ostream_insert(std::basic_ostream<_CharT, _Traits>&, const _CharT*, int)’:
/usr/include/c++/4.8/bits/ostream_insert.h:87:14: error: ‘streamsize’ does not name a type
        const streamsize __w = __out.width();
              ^
/usr/include/c++/4.8/bits/ostream_insert.h:88:12: error: ‘__w’ was not declared in this scope
        if (__w > __n)
            ^
/usr/include/c++/4.8/bits/ostream_insert.h: At global scope:
/usr/include/c++/4.8/bits/ostream_insert.h:118:68: error: ‘streamsize’ has not been declared
   extern template ostream& __ostream_insert(ostream&, const char*, streamsize);
                                                                    ^
/usr/include/c++/4.8/bits/ostream_insert.h:122:11: error: ‘streamsize’ has not been declared
           streamsize);
           ^
In file included from /usr/include/c++/4.8/bits/basic_string.h:2815:0,
                 from /usr/include/c++/4.8/string:52,
                 from /usr/include/c++/4.8/bits/locale_classes.h:40,
                 from /usr/include/c++/4.8/bits/ios_base.h:41,
                 from /usr/include/c++/4.8/ios:42,
                 from /usr/include/c++/4.8/ostream:38,
                 from /usr/include/c++/4.8/iostream:39,
                 from main.cpp:12:
/usr/include/c++/4.8/ext/string_conversions.h:55:51: error: ‘std::size_t’ has not been declared
     const char* __name, const _CharT* __str, std::size_t* __idx,
                                                   ^
/usr/include/c++/4.8/ext/string_conversions.h:83:48: error: ‘std::size_t’ has not been declared
     __to_xstring(int (*__convf) (_CharT*, std::size_t, const _CharT*,
                                                ^
/usr/include/c++/4.8/ext/string_conversions.h:84:31: error: ‘std::size_t’ has not been declared
      __builtin_va_list), std::size_t __n,
                               ^
In file included from /usr/include/c++/4.8/string:52:0,
                 from /usr/include/c++/4.8/bits/locale_classes.h:40,
                 from /usr/include/c++/4.8/bits/ios_base.h:41,
                 from /usr/include/c++/4.8/ios:42,
                 from /usr/include/c++/4.8/ostream:38,
                 from /usr/include/c++/4.8/iostream:39,
                 from main.cpp:12:
/usr/include/c++/4.8/bits/basic_string.h: In instantiation of ‘class std::basic_string<char>’:
/usr/include/c++/4.8/bits/basic_string.h:2824:68:   required from here
/usr/include/c++/4.8/bits/basic_string.h:122:61: error: no type named ‘difference_type’ in ‘std::basic_string<char>::_CharT_alloc_type {aka class std::allocator<char>}’
       typedef typename _CharT_alloc_type::difference_type   difference_type;
                                                             ^
In file included from /usr/include/c++/4.8/string:52:0,
                 from /usr/include/c++/4.8/bits/locale_classes.h:40,
                 from /usr/include/c++/4.8/bits/ios_base.h:41,
                 from /usr/include/c++/4.8/ios:42,
                 from /usr/include/c++/4.8/ostream:38,
                 from /usr/include/c++/4.8/iostream:39,
                 from main.cpp:12:
/usr/include/c++/4.8/bits/basic_string.h: In function ‘int std::stoi(const string&, size_t*, int)’:
/usr/include/c++/4.8/bits/basic_string.h:2825:19: error: no matching function for call to ‘__stoa(long int (*)(const char*, char**, int)throw (), const char [5], const char*, size_t*&, int&)’
      __idx, __base); }
                   ^
/usr/include/c++/4.8/bits/basic_string.h:2825:19: note: candidate is:
In file included from /usr/include/c++/4.8/bits/basic_string.h:2815:0,
                 from /usr/include/c++/4.8/string:52,
                 from /usr/include/c++/4.8/bits/locale_classes.h:40,
                 from /usr/include/c++/4.8/bits/ios_base.h:41,
                 from /usr/include/c++/4.8/ios:42,
                 from /usr/include/c++/4.8/ostream:38,
                 from /usr/include/c++/4.8/iostream:39,
                 from main.cpp:12:
/usr/include/c++/4.8/ext/string_conversions.h:54:5: note: template<class _TRet, class _Ret, class _CharT, class ... _Base> _Ret __gnu_cxx::__stoa(_TRet (*)(const _CharT*, _CharT**, _Base ...), const char*, const _CharT*, int*, _Base ...)
     __stoa(_TRet (*__convf) (const _CharT*, _CharT**, _Base...),
     ^
/usr/include/c++/4.8/ext/string_conversions.h:54:5: note:   template argument deduction/substitution failed:
In file included from /usr/include/c++/4.8/string:52:0,
                 from /usr/include/c++/4.8/bits/locale_classes.h:40,
                 from /usr/include/c++/4.8/bits/ios_base.h:41,
                 from /usr/include/c++/4.8/ios:42,
                 from /usr/include/c++/4.8/ostream:38,
                 from /usr/include/c++/4.8/iostream:39,
                 from main.cpp:12:
/usr/include/c++/4.8/bits/basic_string.h:2825:19: note:   cannot convert ‘__idx’ (type ‘size_t* {aka long unsigned int*}’) to type ‘int*’
      __idx, __base); }
                   ^
/usr/include/c++/4.8/bits/basic_string.h: In function ‘long int std::stol(const string&, size_t*, int)’:
/usr/include/c++/4.8/bits/basic_string.h:2830:22: error: no matching function for call to ‘__stoa(long int (*)(const char*, char**, int)throw (), const char [5], const char*, size_t*&, int&)’
         __idx, __base); }
                      ^
/usr/include/c++/4.8/bits/basic_string.h:2830:22: note: candidate is:
In file included from /usr/include/c++/4.8/bits/basic_string.h:2815:0,
                 from /usr/include/c++/4.8/string:52,
                 from /usr/include/c++/4.8/bits/locale_classes.h:40,
                 from /usr/include/c++/4.8/bits/ios_base.h:41,
                 from /usr/include/c++/4.8/ios:42,
                 from /usr/include/c++/4.8/ostream:38,
                 from /usr/include/c++/4.8/iostream:39,
                 from main.cpp:12:
/usr/include/c++/4.8/ext/string_conversions.h:54:5: note: template<class _TRet, class _Ret, class _CharT, class ... _Base> _Ret __gnu_cxx::__stoa(_TRet (*)(const _CharT*, _CharT**, _Base ...), const char*, const _CharT*, int*, _Base ...)
     __stoa(_TRet (*__convf) (const _CharT*, _CharT**, _Base...),
     ^
/usr/include/c++/4.8/ext/string_conversions.h:54:5: note:   template argument deduction/substitution failed:
In file included from /usr/include/c++/4.8/string:52:0,
                 from /usr/include/c++/4.8/bits/locale_classes.h:40,
                 from /usr/include/c++/4.8/bits/ios_base.h:41,
                 from /usr/include/c++/4.8/ios:42,
                 from /usr/include/c++/4.8/ostream:38,
                 from /usr/include/c++/4.8/iostream:39,
                 from main.cpp:12:
/usr/include/c++/4.8/bits/basic_string.h:2830:22: note:   cannot convert ‘__idx’ (type ‘size_t* {aka long unsigned int*}’) to type ‘int*’
         __idx, __base); }
                      ^
/usr/include/c++/4.8/bits/basic_string.h: In function ‘long unsigned int std::stoul(const string&, size_t*, int)’:
/usr/include/c++/4.8/bits/basic_string.h:2835:22: error: no matching function for call to ‘__stoa(long unsigned int (*)(const char*, char**, int)throw (), const char [6], const char*, size_t*&, int&)’
         __idx, __base); }
                      ^
/usr/include/c++/4.8/bits/basic_string.h:2835:22: note: candidate is:
In file included from /usr/include/c++/4.8/bits/basic_string.h:2815:0,
                 from /usr/include/c++/4.8/string:52,
                 from /usr/include/c++/4.8/bits/locale_classes.h:40,
                 from /usr/include/c++/4.8/bits/ios_base.h:41,
                 from /usr/include/c++/4.8/ios:42,
                 from /usr/include/c++/4.8/ostream:38,
                 from /usr/include/c++/4.8/iostream:39,
                 from main.cpp:12:
/usr/include/c++/4.8/ext/string_conversions.h:54:5: note: template<class _TRet, class _Ret, class _CharT, class ... _Base> _Ret __gnu_cxx::__stoa(_TRet (*)(const _CharT*, _CharT**, _Base ...), const char*, const _CharT*, int*, _Base ...)
     __stoa(_TRet (*__convf) (const _CharT*, _CharT**, _Base...),
     ^
/usr/include/c++/4.8/ext/string_conversions.h:54:5: note:   template argument deduction/substitution failed:
In file included from /usr/include/c++/4.8/string:52:0,
                 from /usr/include/c++/4.8/bits/locale_classes.h:40,
                 from /usr/include/c++/4.8/bits/ios_base.h:41,
                 from /usr/include/c++/4.8/ios:42,
                 from /usr/include/c++/4.8/ostream:38,
                 from /usr/include/c++/4.8/iostream:39,
                 from main.cpp:12:
/usr/include/c++/4.8/bits/basic_string.h:2835:22: note:   cannot convert ‘__idx’ (type ‘size_t* {aka long unsigned int*}’) to type ‘int*’
         __idx, __base); }
                      ^
/usr/include/c++/4.8/bits/basic_string.h: In function ‘long long int std::stoll(const string&, size_t*, int)’:
/usr/include/c++/4.8/bits/basic_string.h:2840:22: error: no matching function for call to ‘__stoa(long long int (*)(const char*, char**, int)throw (), const char [6], const char*, size_t*&, int&)’
         __idx, __base); }
                      ^
/usr/include/c++/4.8/bits/basic_string.h:2840:22: note: candidate is:
In file included from /usr/include/c++/4.8/bits/basic_string.h:2815:0,
                 from /usr/include/c++/4.8/string:52,
                 from /usr/include/c++/4.8/bits/locale_classes.h:40,
                 from /usr/include/c++/4.8/bits/ios_base.h:41,
                 from /usr/include/c++/4.8/ios:42,
                 from /usr/include/c++/4.8/ostream:38,
                 from /usr/include/c++/4.8/iostream:39,
                 from main.cpp:12:
/usr/include/c++/4.8/ext/string_conversions.h:54:5: note: template<class _TRet, class _Ret, class _CharT, class ... _Base> _Ret __gnu_cxx::__stoa(_TRet (*)(const _CharT*, _CharT**, _Base ...), const char*, const _CharT*, int*, _Base ...)
     __stoa(_TRet (*__convf) (const _CharT*, _CharT**, _Base...),
     ^
/usr/include/c++/4.8/ext/string_conversions.h:54:5: note:   template argument deduction/substitution failed:
In file included from /usr/include/c++/4.8/string:52:0,
                 from /usr/include/c++/4.8/bits/locale_classes.h:40,
                 from /usr/include/c++/4.8/bits/ios_base.h:41,
                 from /usr/include/c++/4.8/ios:42,
                 from /usr/include/c++/4.8/ostream:38,
                 from /usr/include/c++/4.8/iostream:39,
                 from main.cpp:12:
/usr/include/c++/4.8/bits/basic_string.h:2840:22: note:   cannot convert ‘__idx’ (type ‘size_t* {aka long unsigned int*}’) to type ‘int*’
         __idx, __base); }
                      ^
/usr/include/c++/4.8/bits/basic_string.h: In function ‘long long unsigned int std::stoull(const string&, size_t*, int)’:
/usr/include/c++/4.8/bits/basic_string.h:2845:22: error: no matching function for call to ‘__stoa(long long unsigned int (*)(const char*, char**, int)throw (), const char [7], const char*, size_t*&, int&)’
         __idx, __base); }
                      ^
/usr/include/c++/4.8/bits/basic_string.h:2845:22: note: candidate is:
In file included from /usr/include/c++/4.8/bits/basic_string.h:2815:0,
                 from /usr/include/c++/4.8/string:52,
                 from /usr/include/c++/4.8/bits/locale_classes.h:40,
                 from /usr/include/c++/4.8/bits/ios_base.h:41,
                 from /usr/include/c++/4.8/ios:42,
                 from /usr/include/c++/4.8/ostream:38,
                 from /usr/include/c++/4.8/iostream:39,
                 from main.cpp:12:
/usr/include/c++/4.8/ext/string_conversions.h:54:5: note: template<class _TRet, class _Ret, class _CharT, class ... _Base> _Ret __gnu_cxx::__stoa(_TRet (*)(const _CharT*, _CharT**, _Base ...), const char*, const _CharT*, int*, _Base ...)
     __stoa(_TRet (*__convf) (const _CharT*, _CharT**, _Base...),
     ^
/usr/include/c++/4.8/ext/string_conversions.h:54:5: note:   template argument deduction/substitution failed:
In file included from /usr/include/c++/4.8/string:52:0,
                 from /usr/include/c++/4.8/bits/locale_classes.h:40,
                 from /usr/include/c++/4.8/bits/ios_base.h:41,
                 from /usr/include/c++/4.8/ios:42,
                 from /usr/include/c++/4.8/ostream:38,
                 from /usr/include/c++/4.8/iostream:39,
                 from main.cpp:12:
/usr/include/c++/4.8/bits/basic_string.h:2845:22: note:   cannot convert ‘__idx’ (type ‘size_t* {aka long unsigned int*}’) to type ‘int*’
         __idx, __base); }
                      ^
/usr/include/c++/4.8/bits/basic_string.h: In function ‘float std::stof(const string&, size_t*)’:
/usr/include/c++/4.8/bits/basic_string.h:2850:72: error: no matching function for call to ‘__stoa(float (*)(const char*, char**)throw (), const char [5], const char*, size_t*&)’
   { return __gnu_cxx::__stoa(&std::strtof, "stof", __str.c_str(), __idx); }
                                                                        ^
/usr/include/c++/4.8/bits/basic_string.h:2850:72: note: candidate is:
In file included from /usr/include/c++/4.8/bits/basic_string.h:2815:0,
                 from /usr/include/c++/4.8/string:52,
                 from /usr/include/c++/4.8/bits/locale_classes.h:40,
                 from /usr/include/c++/4.8/bits/ios_base.h:41,
                 from /usr/include/c++/4.8/ios:42,
                 from /usr/include/c++/4.8/ostream:38,
                 from /usr/include/c++/4.8/iostream:39,
                 from main.cpp:12:
/usr/include/c++/4.8/ext/string_conversions.h:54:5: note: template<class _TRet, class _Ret, class _CharT, class ... _Base> _Ret __gnu_cxx::__stoa(_TRet (*)(const _CharT*, _CharT**, _Base ...), const char*, const _CharT*, int*, _Base ...)
     __stoa(_TRet (*__convf) (const _CharT*, _CharT**, _Base...),
     ^
/usr/include/c++/4.8/ext/string_conversions.h:54:5: note:   template argument deduction/substitution failed:
In file included from /usr/include/c++/4.8/string:52:0,
                 from /usr/include/c++/4.8/bits/locale_classes.h:40,
                 from /usr/include/c++/4.8/bits/ios_base.h:41,
                 from /usr/include/c++/4.8/ios:42,
                 from /usr/include/c++/4.8/ostream:38,
                 from /usr/include/c++/4.8/iostream:39,
                 from main.cpp:12:
/usr/include/c++/4.8/bits/basic_string.h:2850:72: note:   cannot convert ‘__idx’ (type ‘size_t* {aka long unsigned int*}’) to type ‘int*’
   { return __gnu_cxx::__stoa(&std::strtof, "stof", __str.c_str(), __idx); }
                                                                        ^
/usr/include/c++/4.8/bits/basic_string.h: In function ‘double std::stod(const string&, size_t*)’:
/usr/include/c++/4.8/bits/basic_string.h:2854:72: error: no matching function for call to ‘__stoa(double (*)(const char*, char**)throw (), const char [5], const char*, size_t*&)’
   { return __gnu_cxx::__stoa(&std::strtod, "stod", __str.c_str(), __idx); }
                                                                        ^
/usr/include/c++/4.8/bits/basic_string.h:2854:72: note: candidate is:
In file included from /usr/include/c++/4.8/bits/basic_string.h:2815:0,
                 from /usr/include/c++/4.8/string:52,
                 from /usr/include/c++/4.8/bits/locale_classes.h:40,
                 from /usr/include/c++/4.8/bits/ios_base.h:41,
                 from /usr/include/c++/4.8/ios:42,
                 from /usr/include/c++/4.8/ostream:38,
                 from /usr/include/c++/4.8/iostream:39,
                 from main.cpp:12:
/usr/include/c++/4.8/ext/string_conversions.h:54:5: note: template<class _TRet, class _Ret, class _CharT, class ... _Base> _Ret __gnu_cxx::__stoa(_TRet (*)(const _CharT*, _CharT**, _Base ...), const char*, const _CharT*, int*, _Base ...)
     __stoa(_TRet (*__convf) (const _CharT*, _CharT**, _Base...),
     ^
/usr/include/c++/4.8/ext/string_conversions.h:54:5: note:   template argument deduction/substitution failed:
In file included from /usr/include/c++/4.8/string:52:0,
                 from /usr/include/c++/4.8/bits/locale_classes.h:40,
                 from /usr/include/c++/4.8/bits/ios_base.h:41,
                 from /usr/include/c++/4.8/ios:42,
                 from /usr/include/c++/4.8/ostream:38,
                 from /usr/include/c++/4.8/iostream:39,
                 from main.cpp:12:
/usr/include/c++/4.8/bits/basic_string.h:2854:72: note:   cannot convert ‘__idx’ (type ‘size_t* {aka long unsigned int*}’) to type ‘int*’
   { return __gnu_cxx::__stoa(&std::strtod, "stod", __str.c_str(), __idx); }
                                                                        ^
/usr/include/c++/4.8/bits/basic_string.h: In function ‘long double std::stold(const string&, size_t*)’:
/usr/include/c++/4.8/bits/basic_string.h:2858:74: error: no matching function for call to ‘__stoa(long double (*)(const char*, char**)throw (), const char [6], const char*, size_t*&)’
   { return __gnu_cxx::__stoa(&std::strtold, "stold", __str.c_str(), __idx); }
                                                                          ^
/usr/include/c++/4.8/bits/basic_string.h:2858:74: note: candidate is:
In file included from /usr/include/c++/4.8/bits/basic_string.h:2815:0,
                 from /usr/include/c++/4.8/string:52,
                 from /usr/include/c++/4.8/bits/locale_classes.h:40,
                 from /usr/include/c++/4.8/bits/ios_base.h:41,
                 from /usr/include/c++/4.8/ios:42,
                 from /usr/include/c++/4.8/ostream:38,
                 from /usr/include/c++/4.8/iostream:39,
                 from main.cpp:12:
/usr/include/c++/4.8/ext/string_conversions.h:54:5: note: template<class _TRet, class _Ret, class _CharT, class ... _Base> _Ret __gnu_cxx::__stoa(_TRet (*)(const _CharT*, _CharT**, _Base ...), const char*, const _CharT*, int*, _Base ...)
     __stoa(_TRet (*__convf) (const _CharT*, _CharT**, _Base...),
     ^
/usr/include/c++/4.8/ext/string_conversions.h:54:5: note:   template argument deduction/substitution failed:
In file included from /usr/include/c++/4.8/string:52:0,
                 from /usr/include/c++/4.8/bits/locale_classes.h:40,
                 from /usr/include/c++/4.8/bits/ios_base.h:41,
                 from /usr/include/c++/4.8/ios:42,
                 from /usr/include/c++/4.8/ostream:38,
                 from /usr/include/c++/4.8/iostream:39,
                 from main.cpp:12:
/usr/include/c++/4.8/bits/basic_string.h:2858:74: note:   cannot convert ‘__idx’ (type ‘size_t* {aka long unsigned int*}’) to type ‘int*’
   { return __gnu_cxx::__stoa(&std::strtold, "stold", __str.c_str(), __idx); }
                                                                          ^
/usr/include/c++/4.8/bits/basic_string.h: In function ‘std::string std::to_string(int)’:
/usr/include/c++/4.8/bits/basic_string.h:2866:20: error: no matching function for call to ‘__to_xstring(int (*)(char*, size_t, const char*, __va_list_tag*)throw (), long unsigned int, const char [3], int&)’
         "%d", __val); }
                    ^
/usr/include/c++/4.8/bits/basic_string.h:2866:20: note: candidate is:
In file included from /usr/include/c++/4.8/bits/basic_string.h:2815:0,
                 from /usr/include/c++/4.8/string:52,
                 from /usr/include/c++/4.8/bits/locale_classes.h:40,
                 from /usr/include/c++/4.8/bits/ios_base.h:41,
                 from /usr/include/c++/4.8/ios:42,
                 from /usr/include/c++/4.8/ostream:38,
                 from /usr/include/c++/4.8/iostream:39,
                 from main.cpp:12:
/usr/include/c++/4.8/ext/string_conversions.h:83:5: note: template<class _String, class _CharT> _String __gnu_cxx::__to_xstring(int (*)(_CharT*, int, const _CharT*, __va_list_tag*), int, const _CharT*, ...)
     __to_xstring(int (*__convf) (_CharT*, std::size_t, const _CharT*,
     ^
/usr/include/c++/4.8/ext/string_conversions.h:83:5: note:   template argument deduction/substitution failed:
In file included from /usr/include/c++/4.8/string:52:0,
                 from /usr/include/c++/4.8/bits/locale_classes.h:40,
                 from /usr/include/c++/4.8/bits/ios_base.h:41,
                 from /usr/include/c++/4.8/ios:42,
                 from /usr/include/c++/4.8/ostream:38,
                 from /usr/include/c++/4.8/iostream:39,
                 from main.cpp:12:
/usr/include/c++/4.8/bits/basic_string.h:2866:20: note:   mismatched types ‘int’ and ‘size_t {aka long unsigned int}’
         "%d", __val); }
                    ^
/usr/include/c++/4.8/bits/basic_string.h: In function ‘std::string std::to_string(unsigned int)’:
/usr/include/c++/4.8/bits/basic_string.h:2872:20: error: no matching function for call to ‘__to_xstring(int (*)(char*, size_t, const char*, __va_list_tag*)throw (), long unsigned int, const char [3], unsigned int&)’
         "%u", __val); }
                    ^
/usr/include/c++/4.8/bits/basic_string.h:2872:20: note: candidate is:
In file included from /usr/include/c++/4.8/bits/basic_string.h:2815:0,
                 from /usr/include/c++/4.8/string:52,
                 from /usr/include/c++/4.8/bits/locale_classes.h:40,
                 from /usr/include/c++/4.8/bits/ios_base.h:41,
                 from /usr/include/c++/4.8/ios:42,
                 from /usr/include/c++/4.8/ostream:38,
                 from /usr/include/c++/4.8/iostream:39,
                 from main.cpp:12:
/usr/include/c++/4.8/ext/string_conversions.h:83:5: note: template<class _String, class _CharT> _String __gnu_cxx::__to_xstring(int (*)(_CharT*, int, const _CharT*, __va_list_tag*), int, const _CharT*, ...)
     __to_xstring(int (*__convf) (_CharT*, std::size_t, const _CharT*,
     ^
/usr/include/c++/4.8/ext/string_conversions.h:83:5: note:   template argument deduction/substitution failed:
In file included from /usr/include/c++/4.8/string:52:0,
                 from /usr/include/c++/4.8/bits/locale_classes.h:40,
                 from /usr/include/c++/4.8/bits/ios_base.h:41,
                 from /usr/include/c++/4.8/ios:42,
                 from /usr/include/c++/4.8/ostream:38,
                 from /usr/include/c++/4.8/iostream:39,
                 from main.cpp:12:
/usr/include/c++/4.8/bits/basic_string.h:2872:20: note:   mismatched types ‘int’ and ‘size_t {aka long unsigned int}’
         "%u", __val); }
                    ^
/usr/include/c++/4.8/bits/basic_string.h: In function ‘std::string std::to_string(long int)’:
/usr/include/c++/4.8/bits/basic_string.h:2877:21: error: no matching function for call to ‘__to_xstring(int (*)(char*, size_t, const char*, __va_list_tag*)throw (), long unsigned int, const char [4], long int&)’
         "%ld", __val); }
                     ^
/usr/include/c++/4.8/bits/basic_string.h:2877:21: note: candidate is:
In file included from /usr/include/c++/4.8/bits/basic_string.h:2815:0,
                 from /usr/include/c++/4.8/string:52,
                 from /usr/include/c++/4.8/bits/locale_classes.h:40,
                 from /usr/include/c++/4.8/bits/ios_base.h:41,
                 from /usr/include/c++/4.8/ios:42,
                 from /usr/include/c++/4.8/ostream:38,
                 from /usr/include/c++/4.8/iostream:39,
                 from main.cpp:12:
/usr/include/c++/4.8/ext/string_conversions.h:83:5: note: template<class _String, class _CharT> _String __gnu_cxx::__to_xstring(int (*)(_CharT*, int, const _CharT*, __va_list_tag*), int, const _CharT*, ...)
     __to_xstring(int (*__convf) (_CharT*, std::size_t, const _CharT*,
     ^
/usr/include/c++/4.8/ext/string_conversions.h:83:5: note:   template argument deduction/substitution failed:
In file included from /usr/include/c++/4.8/string:52:0,
                 from /usr/include/c++/4.8/bits/locale_classes.h:40,
                 from /usr/include/c++/4.8/bits/ios_base.h:41,
                 from /usr/include/c++/4.8/ios:42,
                 from /usr/include/c++/4.8/ostream:38,
                 from /usr/include/c++/4.8/iostream:39,
                 from main.cpp:12:
/usr/include/c++/4.8/bits/basic_string.h:2877:21: note:   mismatched types ‘int’ and ‘size_t {aka long unsigned int}’
         "%ld", __val); }
                     ^
/usr/include/c++/4.8/bits/basic_string.h: In function ‘std::string std::to_string(long unsigned int)’:
/usr/include/c++/4.8/bits/basic_string.h:2883:21: error: no matching function for call to ‘__to_xstring(int (*)(char*, size_t, const char*, __va_list_tag*)throw (), long unsigned int, const char [4], long unsigned int&)’
         "%lu", __val); }
                     ^
/usr/include/c++/4.8/bits/basic_string.h:2883:21: note: candidate is:
In file included from /usr/include/c++/4.8/bits/basic_string.h:2815:0,
                 from /usr/include/c++/4.8/string:52,
                 from /usr/include/c++/4.8/bits/locale_classes.h:40,
                 from /usr/include/c++/4.8/bits/ios_base.h:41,
                 from /usr/include/c++/4.8/ios:42,
                 from /usr/include/c++/4.8/ostream:38,
                 from /usr/include/c++/4.8/iostream:39,
                 from main.cpp:12:
/usr/include/c++/4.8/ext/string_conversions.h:83:5: note: template<class _String, class _CharT> _String __gnu_cxx::__to_xstring(int (*)(_CharT*, int, const _CharT*, __va_list_tag*), int, const _CharT*, ...)
     __to_xstring(int (*__convf) (_CharT*, std::size_t, const _CharT*,
     ^
/usr/include/c++/4.8/ext/string_conversions.h:83:5: note:   template argument deduction/substitution failed:
In file included from /usr/include/c++/4.8/string:52:0,
                 from /usr/include/c++/4.8/bits/locale_classes.h:40,
                 from /usr/include/c++/4.8/bits/ios_base.h:41,
                 from /usr/include/c++/4.8/ios:42,
                 from /usr/include/c++/4.8/ostream:38,
                 from /usr/include/c++/4.8/iostream:39,
                 from main.cpp:12:
/usr/include/c++/4.8/bits/basic_string.h:2883:21: note:   mismatched types ‘int’ and ‘size_t {aka long unsigned int}’
         "%lu", __val); }
                     ^
/usr/include/c++/4.8/bits/basic_string.h: In function ‘std::string std::to_string(long long int)’:
/usr/include/c++/4.8/bits/basic_string.h:2889:22: error: no matching function for call to ‘__to_xstring(int (*)(char*, size_t, const char*, __va_list_tag*)throw (), long unsigned int, const char [5], long long int&)’
         "%lld", __val); }
                      ^
/usr/include/c++/4.8/bits/basic_string.h:2889:22: note: candidate is:
In file included from /usr/include/c++/4.8/bits/basic_string.h:2815:0,
                 from /usr/include/c++/4.8/string:52,
                 from /usr/include/c++/4.8/bits/locale_classes.h:40,
                 from /usr/include/c++/4.8/bits/ios_base.h:41,
                 from /usr/include/c++/4.8/ios:42,
                 from /usr/include/c++/4.8/ostream:38,
                 from /usr/include/c++/4.8/iostream:39,
                 from main.cpp:12:
/usr/include/c++/4.8/ext/string_conversions.h:83:5: note: template<class _String, class _CharT> _String __gnu_cxx::__to_xstring(int (*)(_CharT*, int, const _CharT*, __va_list_tag*), int, const _CharT*, ...)
     __to_xstring(int (*__convf) (_CharT*, std::size_t, const _CharT*,
     ^
/usr/include/c++/4.8/ext/string_conversions.h:83:5: note:   template argument deduction/substitution failed:
In file included from /usr/include/c++/4.8/string:52:0,
                 from /usr/include/c++/4.8/bits/locale_classes.h:40,
                 from /usr/include/c++/4.8/bits/ios_base.h:41,
                 from /usr/include/c++/4.8/ios:42,
                 from /usr/include/c++/4.8/ostream:38,
                 from /usr/include/c++/4.8/iostream:39,
                 from main.cpp:12:
/usr/include/c++/4.8/bits/basic_string.h:2889:22: note:   mismatched types ‘int’ and ‘size_t {aka long unsigned int}’
         "%lld", __val); }
                      ^
/usr/include/c++/4.8/bits/basic_string.h: In function ‘std::string std::to_string(long long unsigned int)’:
/usr/include/c++/4.8/bits/basic_string.h:2895:22: error: no matching function for call to ‘__to_xstring(int (*)(char*, size_t, const char*, __va_list_tag*)throw (), long unsigned int, const char [5], long long unsigned int&)’
         "%llu", __val); }
                      ^
/usr/include/c++/4.8/bits/basic_string.h:2895:22: note: candidate is:
In file included from /usr/include/c++/4.8/bits/basic_string.h:2815:0,
                 from /usr/include/c++/4.8/string:52,
                 from /usr/include/c++/4.8/bits/locale_classes.h:40,
                 from /usr/include/c++/4.8/bits/ios_base.h:41,
                 from /usr/include/c++/4.8/ios:42,
                 from /usr/include/c++/4.8/ostream:38,
                 from /usr/include/c++/4.8/iostream:39,
                 from main.cpp:12:
/usr/include/c++/4.8/ext/string_conversions.h:83:5: note: template<class _String, class _CharT> _String __gnu_cxx::__to_xstring(int (*)(_CharT*, int, const _CharT*, __va_list_tag*), int, const _CharT*, ...)
     __to_xstring(int (*__convf) (_CharT*, std::size_t, const _CharT*,
     ^
/usr/include/c++/4.8/ext/string_conversions.h:83:5: note:   template argument deduction/substitution failed:
In file included from /usr/include/c++/4.8/string:52:0,
                 from /usr/include/c++/4.8/bits/locale_classes.h:40,
                 from /usr/include/c++/4.8/bits/ios_base.h:41,
                 from /usr/include/c++/4.8/ios:42,
                 from /usr/include/c++/4.8/ostream:38,
                 from /usr/include/c++/4.8/iostream:39,
                 from main.cpp:12:
/usr/include/c++/4.8/bits/basic_string.h:2895:22: note:   mismatched types ‘int’ and ‘size_t {aka long unsigned int}’
         "%llu", __val); }
                      ^
/usr/include/c++/4.8/bits/basic_string.h: In function ‘std::string std::to_string(float)’:
/usr/include/c++/4.8/bits/basic_string.h:2903:20: error: no matching function for call to ‘__to_xstring(int (*)(char*, size_t, const char*, __va_list_tag*)throw (), const int&, const char [3], float&)’
         "%f", __val);
                    ^
/usr/include/c++/4.8/bits/basic_string.h:2903:20: note: candidate is:
In file included from /usr/include/c++/4.8/bits/basic_string.h:2815:0,
                 from /usr/include/c++/4.8/string:52,
                 from /usr/include/c++/4.8/bits/locale_classes.h:40,
                 from /usr/include/c++/4.8/bits/ios_base.h:41,
                 from /usr/include/c++/4.8/ios:42,
                 from /usr/include/c++/4.8/ostream:38,
                 from /usr/include/c++/4.8/iostream:39,
                 from main.cpp:12:
/usr/include/c++/4.8/ext/string_conversions.h:83:5: note: template<class _String, class _CharT> _String __gnu_cxx::__to_xstring(int (*)(_CharT*, int, const _CharT*, __va_list_tag*), int, const _CharT*, ...)
     __to_xstring(int (*__convf) (_CharT*, std::size_t, const _CharT*,
     ^
/usr/include/c++/4.8/ext/string_conversions.h:83:5: note:   template argument deduction/substitution failed:
In file included from /usr/include/c++/4.8/string:52:0,
                 from /usr/include/c++/4.8/bits/locale_classes.h:40,
                 from /usr/include/c++/4.8/bits/ios_base.h:41,
                 from /usr/include/c++/4.8/ios:42,
                 from /usr/include/c++/4.8/ostream:38,
                 from /usr/include/c++/4.8/iostream:39,
                 from main.cpp:12:
/usr/include/c++/4.8/bits/basic_string.h:2903:20: note:   mismatched types ‘int’ and ‘size_t {aka long unsigned int}’
         "%f", __val);
                    ^
/usr/include/c++/4.8/bits/basic_string.h: In function ‘std::string std::to_string(double)’:
/usr/include/c++/4.8/bits/basic_string.h:2912:20: error: no matching function for call to ‘__to_xstring(int (*)(char*, size_t, const char*, __va_list_tag*)throw (), const int&, const char [3], double&)’
         "%f", __val);
                    ^
/usr/include/c++/4.8/bits/basic_string.h:2912:20: note: candidate is:
In file included from /usr/include/c++/4.8/bits/basic_string.h:2815:0,
                 from /usr/include/c++/4.8/string:52,
                 from /usr/include/c++/4.8/bits/locale_classes.h:40,
                 from /usr/include/c++/4.8/bits/ios_base.h:41,
                 from /usr/include/c++/4.8/ios:42,
                 from /usr/include/c++/4.8/ostream:38,
                 from /usr/include/c++/4.8/iostream:39,
                 from main.cpp:12:
/usr/include/c++/4.8/ext/string_conversions.h:83:5: note: template<class _String, class _CharT> _String __gnu_cxx::__to_xstring(int (*)(_CharT*, int, const _CharT*, __va_list_tag*), int, const _CharT*, ...)
     __to_xstring(int (*__convf) (_CharT*, std::size_t, const _CharT*,
     ^
/usr/include/c++/4.8/ext/string_conversions.h:83:5: note:   template argument deduction/substitution failed:
In file included from /usr/include/c++/4.8/string:52:0,
                 from /usr/include/c++/4.8/bits/locale_classes.h:40,
                 from /usr/include/c++/4.8/bits/ios_base.h:41,
                 from /usr/include/c++/4.8/ios:42,
                 from /usr/include/c++/4.8/ostream:38,
                 from /usr/include/c++/4.8/iostream:39,
                 from main.cpp:12:
/usr/include/c++/4.8/bits/basic_string.h:2912:20: note:   mismatched types ‘int’ and ‘size_t {aka long unsigned int}’
         "%f", __val);
                    ^
/usr/include/c++/4.8/bits/basic_string.h: In function ‘std::string std::to_string(long double)’:
/usr/include/c++/4.8/bits/basic_string.h:2921:21: error: no matching function for call to ‘__to_xstring(int (*)(char*, size_t, const char*, __va_list_tag*)throw (), const int&, const char [4], long double&)’
         "%Lf", __val);
                     ^
/usr/include/c++/4.8/bits/basic_string.h:2921:21: note: candidate is:
In file included from /usr/include/c++/4.8/bits/basic_string.h:2815:0,
                 from /usr/include/c++/4.8/string:52,
                 from /usr/include/c++/4.8/bits/locale_classes.h:40,
                 from /usr/include/c++/4.8/bits/ios_base.h:41,
                 from /usr/include/c++/4.8/ios:42,
                 from /usr/include/c++/4.8/ostream:38,
                 from /usr/include/c++/4.8/iostream:39,
                 from main.cpp:12:
/usr/include/c++/4.8/ext/string_conversions.h:83:5: note: template<class _String, class _CharT> _String __gnu_cxx::__to_xstring(int (*)(_CharT*, int, const _CharT*, __va_list_tag*), int, const _CharT*, ...)
     __to_xstring(int (*__convf) (_CharT*, std::size_t, const _CharT*,
     ^
/usr/include/c++/4.8/ext/string_conversions.h:83:5: note:   template argument deduction/substitution failed:
In file included from /usr/include/c++/4.8/string:52:0,
                 from /usr/include/c++/4.8/bits/locale_classes.h:40,
                 from /usr/include/c++/4.8/bits/ios_base.h:41,
                 from /usr/include/c++/4.8/ios:42,
                 from /usr/include/c++/4.8/ostream:38,
                 from /usr/include/c++/4.8/iostream:39,
                 from main.cpp:12:
/usr/include/c++/4.8/bits/basic_string.h:2921:21: note:   mismatched types ‘int’ and ‘size_t {aka long unsigned int}’
         "%Lf", __val);
                     ^
In file included from /usr/include/c++/4.8/string:52:0,
                 from /usr/include/c++/4.8/bits/locale_classes.h:40,
                 from /usr/include/c++/4.8/bits/ios_base.h:41,
                 from /usr/include/c++/4.8/ios:42,
                 from /usr/include/c++/4.8/ostream:38,
                 from /usr/include/c++/4.8/iostream:39,
                 from main.cpp:12:
/usr/include/c++/4.8/bits/basic_string.h: In instantiation of ‘class std::basic_string<wchar_t>’:
/usr/include/c++/4.8/bits/basic_string.h:2927:68:   required from here
/usr/include/c++/4.8/bits/basic_string.h:122:61: error: no type named ‘difference_type’ in ‘std::basic_string<wchar_t>::_CharT_alloc_type {aka class std::allocator<wchar_t>}’
       typedef typename _CharT_alloc_type::difference_type   difference_type;
                                                             ^
In file included from /usr/include/c++/4.8/string:52:0,
                 from /usr/include/c++/4.8/bits/locale_classes.h:40,
                 from /usr/include/c++/4.8/bits/ios_base.h:41,
                 from /usr/include/c++/4.8/ios:42,
                 from /usr/include/c++/4.8/ostream:38,
                 from /usr/include/c++/4.8/iostream:39,
                 from main.cpp:12:
/usr/include/c++/4.8/bits/basic_string.h: In function ‘int std::stoi(const wstring&, size_t*, int)’:
/usr/include/c++/4.8/bits/basic_string.h:2928:19: error: no matching function for call to ‘__stoa(long int (*)(const wchar_t*, wchar_t**, int)throw (), const char [5], const wchar_t*, size_t*&, int&)’
      __idx, __base); }
                   ^
/usr/include/c++/4.8/bits/basic_string.h:2928:19: note: candidate is:
In file included from /usr/include/c++/4.8/bits/basic_string.h:2815:0,
                 from /usr/include/c++/4.8/string:52,
                 from /usr/include/c++/4.8/bits/locale_classes.h:40,
                 from /usr/include/c++/4.8/bits/ios_base.h:41,
                 from /usr/include/c++/4.8/ios:42,
                 from /usr/include/c++/4.8/ostream:38,
                 from /usr/include/c++/4.8/iostream:39,
                 from main.cpp:12:
/usr/include/c++/4.8/ext/string_conversions.h:54:5: note: template<class _TRet, class _Ret, class _CharT, class ... _Base> _Ret __gnu_cxx::__stoa(_TRet (*)(const _CharT*, _CharT**, _Base ...), const char*, const _CharT*, int*, _Base ...)
     __stoa(_TRet (*__convf) (const _CharT*, _CharT**, _Base...),
     ^
/usr/include/c++/4.8/ext/string_conversions.h:54:5: note:   template argument deduction/substitution failed:
In file included from /usr/include/c++/4.8/string:52:0,
                 from /usr/include/c++/4.8/bits/locale_classes.h:40,
                 from /usr/include/c++/4.8/bits/ios_base.h:41,
                 from /usr/include/c++/4.8/ios:42,
                 from /usr/include/c++/4.8/ostream:38,
                 from /usr/include/c++/4.8/iostream:39,
                 from main.cpp:12:
/usr/include/c++/4.8/bits/basic_string.h:2928:19: note:   cannot convert ‘__idx’ (type ‘size_t* {aka long unsigned int*}’) to type ‘int*’
      __idx, __base); }
                   ^
/usr/include/c++/4.8/bits/basic_string.h: In function ‘long int std::stol(const wstring&, size_t*, int)’:
/usr/include/c++/4.8/bits/basic_string.h:2933:22: error: no matching function for call to ‘__stoa(long int (*)(const wchar_t*, wchar_t**, int)throw (), const char [5], const wchar_t*, size_t*&, int&)’
         __idx, __base); }
                      ^
/usr/include/c++/4.8/bits/basic_string.h:2933:22: note: candidate is:
In file included from /usr/include/c++/4.8/bits/basic_string.h:2815:0,
                 from /usr/include/c++/4.8/string:52,
                 from /usr/include/c++/4.8/bits/locale_classes.h:40,
                 from /usr/include/c++/4.8/bits/ios_base.h:41,
                 from /usr/include/c++/4.8/ios:42,
                 from /usr/include/c++/4.8/ostream:38,
                 from /usr/include/c++/4.8/iostream:39,
                 from main.cpp:12:
/usr/include/c++/4.8/ext/string_conversions.h:54:5: note: template<class _TRet, class _Ret, class _CharT, class ... _Base> _Ret __gnu_cxx::__stoa(_TRet (*)(const _CharT*, _CharT**, _Base ...), const char*, const _CharT*, int*, _Base ...)
     __stoa(_TRet (*__convf) (const _CharT*, _CharT**, _Base...),
     ^
/usr/include/c++/4.8/ext/string_conversions.h:54:5: note:   template argument deduction/substitution failed:
In file included from /usr/include/c++/4.8/string:52:0,
                 from /usr/include/c++/4.8/bits/locale_classes.h:40,
                 from /usr/include/c++/4.8/bits/ios_base.h:41,
                 from /usr/include/c++/4.8/ios:42,
                 from /usr/include/c++/4.8/ostream:38,
                 from /usr/include/c++/4.8/iostream:39,
                 from main.cpp:12:
/usr/include/c++/4.8/bits/basic_string.h:2933:22: note:   cannot convert ‘__idx’ (type ‘size_t* {aka long unsigned int*}’) to type ‘int*’
         __idx, __base); }
                      ^
/usr/include/c++/4.8/bits/basic_string.h: In function ‘long unsigned int std::stoul(const wstring&, size_t*, int)’:
/usr/include/c++/4.8/bits/basic_string.h:2938:22: error: no matching function for call to ‘__stoa(long unsigned int (*)(const wchar_t*, wchar_t**, int)throw (), const char [6], const wchar_t*, size_t*&, int&)’
         __idx, __base); }
                      ^
/usr/include/c++/4.8/bits/basic_string.h:2938:22: note: candidate is:
In file included from /usr/include/c++/4.8/bits/basic_string.h:2815:0,
                 from /usr/include/c++/4.8/string:52,
                 from /usr/include/c++/4.8/bits/locale_classes.h:40,
                 from /usr/include/c++/4.8/bits/ios_base.h:41,
                 from /usr/include/c++/4.8/ios:42,
                 from /usr/include/c++/4.8/ostream:38,
                 from /usr/include/c++/4.8/iostream:39,
                 from main.cpp:12:
/usr/include/c++/4.8/ext/string_conversions.h:54:5: note: template<class _TRet, class _Ret, class _CharT, class ... _Base> _Ret __gnu_cxx::__stoa(_TRet (*)(const _CharT*, _CharT**, _Base ...), const char*, const _CharT*, int*, _Base ...)
     __stoa(_TRet (*__convf) (const _CharT*, _CharT**, _Base...),
     ^
/usr/include/c++/4.8/ext/string_conversions.h:54:5: note:   template argument deduction/substitution failed:
In file included from /usr/include/c++/4.8/string:52:0,
                 from /usr/include/c++/4.8/bits/locale_classes.h:40,
                 from /usr/include/c++/4.8/bits/ios_base.h:41,
                 from /usr/include/c++/4.8/ios:42,
                 from /usr/include/c++/4.8/ostream:38,
                 from /usr/include/c++/4.8/iostream:39,
                 from main.cpp:12:
/usr/include/c++/4.8/bits/basic_string.h:2938:22: note:   cannot convert ‘__idx’ (type ‘size_t* {aka long unsigned int*}’) to type ‘int*’
         __idx, __base); }
                      ^
/usr/include/c++/4.8/bits/basic_string.h: In function ‘long long int std::stoll(const wstring&, size_t*, int)’:
/usr/include/c++/4.8/bits/basic_string.h:2943:22: error: no matching function for call to ‘__stoa(long long int (*)(const wchar_t*, wchar_t**, int)throw (), const char [6], const wchar_t*, size_t*&, int&)’
         __idx, __base); }
                      ^
/usr/include/c++/4.8/bits/basic_string.h:2943:22: note: candidate is:
In file included from /usr/include/c++/4.8/bits/basic_string.h:2815:0,
                 from /usr/include/c++/4.8/string:52,
                 from /usr/include/c++/4.8/bits/locale_classes.h:40,
                 from /usr/include/c++/4.8/bits/ios_base.h:41,
                 from /usr/include/c++/4.8/ios:42,
                 from /usr/include/c++/4.8/ostream:38,
                 from /usr/include/c++/4.8/iostream:39,
                 from main.cpp:12:
/usr/include/c++/4.8/ext/string_conversions.h:54:5: note: template<class _TRet, class _Ret, class _CharT, class ... _Base> _Ret __gnu_cxx::__stoa(_TRet (*)(const _CharT*, _CharT**, _Base ...), const char*, const _CharT*, int*, _Base ...)
     __stoa(_TRet (*__convf) (const _CharT*, _CharT**, _Base...),
     ^
/usr/include/c++/4.8/ext/string_conversions.h:54:5: note:   template argument deduction/substitution failed:
In file included from /usr/include/c++/4.8/string:52:0,
                 from /usr/include/c++/4.8/bits/locale_classes.h:40,
                 from /usr/include/c++/4.8/bits/ios_base.h:41,
                 from /usr/include/c++/4.8/ios:42,
                 from /usr/include/c++/4.8/ostream:38,
                 from /usr/include/c++/4.8/iostream:39,
                 from main.cpp:12:
/usr/include/c++/4.8/bits/basic_string.h:2943:22: note:   cannot convert ‘__idx’ (type ‘size_t* {aka long unsigned int*}’) to type ‘int*’
         __idx, __base); }
                      ^
/usr/include/c++/4.8/bits/basic_string.h: In function ‘long long unsigned int std::stoull(const wstring&, size_t*, int)’:
/usr/include/c++/4.8/bits/basic_string.h:2948:22: error: no matching function for call to ‘__stoa(long long unsigned int (*)(const wchar_t*, wchar_t**, int)throw (), const char [7], const wchar_t*, size_t*&, int&)’
         __idx, __base); }
                      ^
/usr/include/c++/4.8/bits/basic_string.h:2948:22: note: candidate is:
In file included from /usr/include/c++/4.8/bits/basic_string.h:2815:0,
                 from /usr/include/c++/4.8/string:52,
                 from /usr/include/c++/4.8/bits/locale_classes.h:40,
                 from /usr/include/c++/4.8/bits/ios_base.h:41,
                 from /usr/include/c++/4.8/ios:42,
                 from /usr/include/c++/4.8/ostream:38,
                 from /usr/include/c++/4.8/iostream:39,
                 from main.cpp:12:
/usr/include/c++/4.8/ext/string_conversions.h:54:5: note: template<class _TRet, class _Ret, class _CharT, class ... _Base> _Ret __gnu_cxx::__stoa(_TRet (*)(const _CharT*, _CharT**, _Base ...), const char*, const _CharT*, int*, _Base ...)
     __stoa(_TRet (*__convf) (const _CharT*, _CharT**, _Base...),
     ^
/usr/include/c++/4.8/ext/string_conversions.h:54:5: note:   template argument deduction/substitution failed:
In file included from /usr/include/c++/4.8/string:52:0,
                 from /usr/include/c++/4.8/bits/locale_classes.h:40,
                 from /usr/include/c++/4.8/bits/ios_base.h:41,
                 from /usr/include/c++/4.8/ios:42,
                 from /usr/include/c++/4.8/ostream:38,
                 from /usr/include/c++/4.8/iostream:39,
                 from main.cpp:12:
/usr/include/c++/4.8/bits/basic_string.h:2948:22: note:   cannot convert ‘__idx’ (type ‘size_t* {aka long unsigned int*}’) to type ‘int*’
         __idx, __base); }
                      ^
/usr/include/c++/4.8/bits/basic_string.h: In function ‘float std::stof(const wstring&, size_t*)’:
/usr/include/c++/4.8/bits/basic_string.h:2953:72: error: no matching function for call to ‘__stoa(float (*)(const wchar_t*, wchar_t**)throw (), const char [5], const wchar_t*, size_t*&)’
   { return __gnu_cxx::__stoa(&std::wcstof, "stof", __str.c_str(), __idx); }
                                                                        ^
/usr/include/c++/4.8/bits/basic_string.h:2953:72: note: candidate is:
In file included from /usr/include/c++/4.8/bits/basic_string.h:2815:0,
                 from /usr/include/c++/4.8/string:52,
                 from /usr/include/c++/4.8/bits/locale_classes.h:40,
                 from /usr/include/c++/4.8/bits/ios_base.h:41,
                 from /usr/include/c++/4.8/ios:42,
                 from /usr/include/c++/4.8/ostream:38,
                 from /usr/include/c++/4.8/iostream:39,
                 from main.cpp:12:
/usr/include/c++/4.8/ext/string_conversions.h:54:5: note: template<class _TRet, class _Ret, class _CharT, class ... _Base> _Ret __gnu_cxx::__stoa(_TRet (*)(const _CharT*, _CharT**, _Base ...), const char*, const _CharT*, int*, _Base ...)
     __stoa(_TRet (*__convf) (const _CharT*, _CharT**, _Base...),
     ^
/usr/include/c++/4.8/ext/string_conversions.h:54:5: note:   template argument deduction/substitution failed:
In file included from /usr/include/c++/4.8/string:52:0,
                 from /usr/include/c++/4.8/bits/locale_classes.h:40,
                 from /usr/include/c++/4.8/bits/ios_base.h:41,
                 from /usr/include/c++/4.8/ios:42,
                 from /usr/include/c++/4.8/ostream:38,
                 from /usr/include/c++/4.8/iostream:39,
                 from main.cpp:12:
/usr/include/c++/4.8/bits/basic_string.h:2953:72: note:   cannot convert ‘__idx’ (type ‘size_t* {aka long unsigned int*}’) to type ‘int*’
   { return __gnu_cxx::__stoa(&std::wcstof, "stof", __str.c_str(), __idx); }
                                                                        ^
/usr/include/c++/4.8/bits/basic_string.h: In function ‘double std::stod(const wstring&, size_t*)’:
/usr/include/c++/4.8/bits/basic_string.h:2957:72: error: no matching function for call to ‘__stoa(double (*)(const wchar_t*, wchar_t**)throw (), const char [5], const wchar_t*, size_t*&)’
   { return __gnu_cxx::__stoa(&std::wcstod, "stod", __str.c_str(), __idx); }
                                                                        ^
/usr/include/c++/4.8/bits/basic_string.h:2957:72: note: candidate is:
In file included from /usr/include/c++/4.8/bits/basic_string.h:2815:0,
                 from /usr/include/c++/4.8/string:52,
                 from /usr/include/c++/4.8/bits/locale_classes.h:40,
                 from /usr/include/c++/4.8/bits/ios_base.h:41,
                 from /usr/include/c++/4.8/ios:42,
                 from /usr/include/c++/4.8/ostream:38,
                 from /usr/include/c++/4.8/iostream:39,
                 from main.cpp:12:
/usr/include/c++/4.8/ext/string_conversions.h:54:5: note: template<class _TRet, class _Ret, class _CharT, class ... _Base> _Ret __gnu_cxx::__stoa(_TRet (*)(const _CharT*, _CharT**, _Base ...), const char*, const _CharT*, int*, _Base ...)
     __stoa(_TRet (*__convf) (const _CharT*, _CharT**, _Base...),
     ^
/usr/include/c++/4.8/ext/string_conversions.h:54:5: note:   template argument deduction/substitution failed:
In file included from /usr/include/c++/4.8/string:52:0,
                 from /usr/include/c++/4.8/bits/locale_classes.h:40,
                 from /usr/include/c++/4.8/bits/ios_base.h:41,
                 from /usr/include/c++/4.8/ios:42,
                 from /usr/include/c++/4.8/ostream:38,
                 from /usr/include/c++/4.8/iostream:39,
                 from main.cpp:12:
/usr/include/c++/4.8/bits/basic_string.h:2957:72: note:   cannot convert ‘__idx’ (type ‘size_t* {aka long unsigned int*}’) to type ‘int*’
   { return __gnu_cxx::__stoa(&std::wcstod, "stod", __str.c_str(), __idx); }
                                                                        ^
/usr/include/c++/4.8/bits/basic_string.h: In function ‘long double std::stold(const wstring&, size_t*)’:
/usr/include/c++/4.8/bits/basic_string.h:2961:74: error: no matching function for call to ‘__stoa(long double (*)(const wchar_t*, wchar_t**)throw (), const char [6], const wchar_t*, size_t*&)’
   { return __gnu_cxx::__stoa(&std::wcstold, "stold", __str.c_str(), __idx); }
                                                                          ^
/usr/include/c++/4.8/bits/basic_string.h:2961:74: note: candidate is:
In file included from /usr/include/c++/4.8/bits/basic_string.h:2815:0,
                 from /usr/include/c++/4.8/string:52,
                 from /usr/include/c++/4.8/bits/locale_classes.h:40,
                 from /usr/include/c++/4.8/bits/ios_base.h:41,
                 from /usr/include/c++/4.8/ios:42,
                 from /usr/include/c++/4.8/ostream:38,
                 from /usr/include/c++/4.8/iostream:39,
                 from main.cpp:12:
/usr/include/c++/4.8/ext/string_conversions.h:54:5: note: template<class _TRet, class _Ret, class _CharT, class ... _Base> _Ret __gnu_cxx::__stoa(_TRet (*)(const _CharT*, _CharT**, _Base ...), const char*, const _CharT*, int*, _Base ...)
     __stoa(_TRet (*__convf) (const _CharT*, _CharT**, _Base...),
     ^
/usr/include/c++/4.8/ext/string_conversions.h:54:5: note:   template argument deduction/substitution failed:
In file included from /usr/include/c++/4.8/string:52:0,
                 from /usr/include/c++/4.8/bits/locale_classes.h:40,
                 from /usr/include/c++/4.8/bits/ios_base.h:41,
                 from /usr/include/c++/4.8/ios:42,
                 from /usr/include/c++/4.8/ostream:38,
                 from /usr/include/c++/4.8/iostream:39,
                 from main.cpp:12:
/usr/include/c++/4.8/bits/basic_string.h:2961:74: note:   cannot convert ‘__idx’ (type ‘size_t* {aka long unsigned int*}’) to type ‘int*’
   { return __gnu_cxx::__stoa(&std::wcstold, "stold", __str.c_str(), __idx); }
                                                                          ^
/usr/include/c++/4.8/bits/basic_string.h: In function ‘std::wstring std::to_wstring(int)’:
/usr/include/c++/4.8/bits/basic_string.h:2967:22: error: no matching function for call to ‘__to_xstring(int (*)(wchar_t*, size_t, const wchar_t*, __va_list_tag*)throw (), long unsigned int, const wchar_t [3], int&)’
          L"%d", __val); }
                      ^
/usr/include/c++/4.8/bits/basic_string.h:2967:22: note: candidate is:
In file included from /usr/include/c++/4.8/bits/basic_string.h:2815:0,
                 from /usr/include/c++/4.8/string:52,
                 from /usr/include/c++/4.8/bits/locale_classes.h:40,
                 from /usr/include/c++/4.8/bits/ios_base.h:41,
                 from /usr/include/c++/4.8/ios:42,
                 from /usr/include/c++/4.8/ostream:38,
                 from /usr/include/c++/4.8/iostream:39,
                 from main.cpp:12:
/usr/include/c++/4.8/ext/string_conversions.h:83:5: note: template<class _String, class _CharT> _String __gnu_cxx::__to_xstring(int (*)(_CharT*, int, const _CharT*, __va_list_tag*), int, const _CharT*, ...)
     __to_xstring(int (*__convf) (_CharT*, std::size_t, const _CharT*,
     ^
/usr/include/c++/4.8/ext/string_conversions.h:83:5: note:   template argument deduction/substitution failed:
In file included from /usr/include/c++/4.8/string:52:0,
                 from /usr/include/c++/4.8/bits/locale_classes.h:40,
                 from /usr/include/c++/4.8/bits/ios_base.h:41,
                 from /usr/include/c++/4.8/ios:42,
                 from /usr/include/c++/4.8/ostream:38,
                 from /usr/include/c++/4.8/iostream:39,
                 from main.cpp:12:
/usr/include/c++/4.8/bits/basic_string.h:2967:22: note:   mismatched types ‘int’ and ‘size_t {aka long unsigned int}’
          L"%d", __val); }
                      ^
/usr/include/c++/4.8/bits/basic_string.h: In function ‘std::wstring std::to_wstring(unsigned int)’:
/usr/include/c++/4.8/bits/basic_string.h:2973:22: error: no matching function for call to ‘__to_xstring(int (*)(wchar_t*, size_t, const wchar_t*, __va_list_tag*)throw (), long unsigned int, const wchar_t [3], unsigned int&)’
          L"%u", __val); }
                      ^
/usr/include/c++/4.8/bits/basic_string.h:2973:22: note: candidate is:
In file included from /usr/include/c++/4.8/bits/basic_string.h:2815:0,
                 from /usr/include/c++/4.8/string:52,
                 from /usr/include/c++/4.8/bits/locale_classes.h:40,
                 from /usr/include/c++/4.8/bits/ios_base.h:41,
                 from /usr/include/c++/4.8/ios:42,
                 from /usr/include/c++/4.8/ostream:38,
                 from /usr/include/c++/4.8/iostream:39,
                 from main.cpp:12:
/usr/include/c++/4.8/ext/string_conversions.h:83:5: note: template<class _String, class _CharT> _String __gnu_cxx::__to_xstring(int (*)(_CharT*, int, const _CharT*, __va_list_tag*), int, const _CharT*, ...)
     __to_xstring(int (*__convf) (_CharT*, std::size_t, const _CharT*,
     ^
/usr/include/c++/4.8/ext/string_conversions.h:83:5: note:   template argument deduction/substitution failed:
In file included from /usr/include/c++/4.8/string:52:0,
                 from /usr/include/c++/4.8/bits/locale_classes.h:40,
                 from /usr/include/c++/4.8/bits/ios_base.h:41,
                 from /usr/include/c++/4.8/ios:42,
                 from /usr/include/c++/4.8/ostream:38,
                 from /usr/include/c++/4.8/iostream:39,
                 from main.cpp:12:
/usr/include/c++/4.8/bits/basic_string.h:2973:22: note:   mismatched types ‘int’ and ‘size_t {aka long unsigned int}’
          L"%u", __val); }
                      ^
/usr/include/c++/4.8/bits/basic_string.h: In function ‘std::wstring std::to_wstring(long int)’:
/usr/include/c++/4.8/bits/basic_string.h:2978:23: error: no matching function for call to ‘__to_xstring(int (*)(wchar_t*, size_t, const wchar_t*, __va_list_tag*)throw (), long unsigned int, const wchar_t [4], long int&)’
          L"%ld", __val); }
                       ^
/usr/include/c++/4.8/bits/basic_string.h:2978:23: note: candidate is:
In file included from /usr/include/c++/4.8/bits/basic_string.h:2815:0,
                 from /usr/include/c++/4.8/string:52,
                 from /usr/include/c++/4.8/bits/locale_classes.h:40,
                 from /usr/include/c++/4.8/bits/ios_base.h:41,
                 from /usr/include/c++/4.8/ios:42,
                 from /usr/include/c++/4.8/ostream:38,
                 from /usr/include/c++/4.8/iostream:39,
                 from main.cpp:12:
/usr/include/c++/4.8/ext/string_conversions.h:83:5: note: template<class _String, class _CharT> _String __gnu_cxx::__to_xstring(int (*)(_CharT*, int, const _CharT*, __va_list_tag*), int, const _CharT*, ...)
     __to_xstring(int (*__convf) (_CharT*, std::size_t, const _CharT*,
     ^
/usr/include/c++/4.8/ext/string_conversions.h:83:5: note:   template argument deduction/substitution failed:
In file included from /usr/include/c++/4.8/string:52:0,
                 from /usr/include/c++/4.8/bits/locale_classes.h:40,
                 from /usr/include/c++/4.8/bits/ios_base.h:41,
                 from /usr/include/c++/4.8/ios:42,
                 from /usr/include/c++/4.8/ostream:38,
                 from /usr/include/c++/4.8/iostream:39,
                 from main.cpp:12:
/usr/include/c++/4.8/bits/basic_string.h:2978:23: note:   mismatched types ‘int’ and ‘size_t {aka long unsigned int}’
          L"%ld", __val); }
                       ^
/usr/include/c++/4.8/bits/basic_string.h: In function ‘std::wstring std::to_wstring(long unsigned int)’:
/usr/include/c++/4.8/bits/basic_string.h:2984:23: error: no matching function for call to ‘__to_xstring(int (*)(wchar_t*, size_t, const wchar_t*, __va_list_tag*)throw (), long unsigned int, const wchar_t [4], long unsigned int&)’
          L"%lu", __val); }
                       ^
/usr/include/c++/4.8/bits/basic_string.h:2984:23: note: candidate is:
In file included from /usr/include/c++/4.8/bits/basic_string.h:2815:0,
                 from /usr/include/c++/4.8/string:52,
                 from /usr/include/c++/4.8/bits/locale_classes.h:40,
                 from /usr/include/c++/4.8/bits/ios_base.h:41,
                 from /usr/include/c++/4.8/ios:42,
                 from /usr/include/c++/4.8/ostream:38,
                 from /usr/include/c++/4.8/iostream:39,
                 from main.cpp:12:
/usr/include/c++/4.8/ext/string_conversions.h:83:5: note: template<class _String, class _CharT> _String __gnu_cxx::__to_xstring(int (*)(_CharT*, int, const _CharT*, __va_list_tag*), int, const _CharT*, ...)
     __to_xstring(int (*__convf) (_CharT*, std::size_t, const _CharT*,
     ^
/usr/include/c++/4.8/ext/string_conversions.h:83:5: note:   template argument deduction/substitution failed:
In file included from /usr/include/c++/4.8/string:52:0,
                 from /usr/include/c++/4.8/bits/locale_classes.h:40,
                 from /usr/include/c++/4.8/bits/ios_base.h:41,
                 from /usr/include/c++/4.8/ios:42,
                 from /usr/include/c++/4.8/ostream:38,
                 from /usr/include/c++/4.8/iostream:39,
                 from main.cpp:12:
/usr/include/c++/4.8/bits/basic_string.h:2984:23: note:   mismatched types ‘int’ and ‘size_t {aka long unsigned int}’
          L"%lu", __val); }
                       ^
/usr/include/c++/4.8/bits/basic_string.h: In function ‘std::wstring std::to_wstring(long long int)’:
/usr/include/c++/4.8/bits/basic_string.h:2990:24: error: no matching function for call to ‘__to_xstring(int (*)(wchar_t*, size_t, const wchar_t*, __va_list_tag*)throw (), long unsigned int, const wchar_t [5], long long int&)’
          L"%lld", __val); }
                        ^
/usr/include/c++/4.8/bits/basic_string.h:2990:24: note: candidate is:
In file included from /usr/include/c++/4.8/bits/basic_string.h:2815:0,
                 from /usr/include/c++/4.8/string:52,
                 from /usr/include/c++/4.8/bits/locale_classes.h:40,
                 from /usr/include/c++/4.8/bits/ios_base.h:41,
                 from /usr/include/c++/4.8/ios:42,
                 from /usr/include/c++/4.8/ostream:38,
                 from /usr/include/c++/4.8/iostream:39,
                 from main.cpp:12:
/usr/include/c++/4.8/ext/string_conversions.h:83:5: note: template<class _String, class _CharT> _String __gnu_cxx::__to_xstring(int (*)(_CharT*, int, const _CharT*, __va_list_tag*), int, const _CharT*, ...)
     __to_xstring(int (*__convf) (_CharT*, std::size_t, const _CharT*,
     ^
/usr/include/c++/4.8/ext/string_conversions.h:83:5: note:   template argument deduction/substitution failed:
In file included from /usr/include/c++/4.8/string:52:0,
                 from /usr/include/c++/4.8/bits/locale_classes.h:40,
                 from /usr/include/c++/4.8/bits/ios_base.h:41,
                 from /usr/include/c++/4.8/ios:42,
                 from /usr/include/c++/4.8/ostream:38,
                 from /usr/include/c++/4.8/iostream:39,
                 from main.cpp:12:
/usr/include/c++/4.8/bits/basic_string.h:2990:24: note:   mismatched types ‘int’ and ‘size_t {aka long unsigned int}’
          L"%lld", __val); }
                        ^
/usr/include/c++/4.8/bits/basic_string.h: In function ‘std::wstring std::to_wstring(long long unsigned int)’:
/usr/include/c++/4.8/bits/basic_string.h:2996:24: error: no matching function for call to ‘__to_xstring(int (*)(wchar_t*, size_t, const wchar_t*, __va_list_tag*)throw (), long unsigned int, const wchar_t [5], long long unsigned int&)’
          L"%llu", __val); }
                        ^
/usr/include/c++/4.8/bits/basic_string.h:2996:24: note: candidate is:
In file included from /usr/include/c++/4.8/bits/basic_string.h:2815:0,
                 from /usr/include/c++/4.8/string:52,
                 from /usr/include/c++/4.8/bits/locale_classes.h:40,
                 from /usr/include/c++/4.8/bits/ios_base.h:41,
                 from /usr/include/c++/4.8/ios:42,
                 from /usr/include/c++/4.8/ostream:38,
                 from /usr/include/c++/4.8/iostream:39,
                 from main.cpp:12:
/usr/include/c++/4.8/ext/string_conversions.h:83:5: note: template<class _String, class _CharT> _String __gnu_cxx::__to_xstring(int (*)(_CharT*, int, const _CharT*, __va_list_tag*), int, const _CharT*, ...)
     __to_xstring(int (*__convf) (_CharT*, std::size_t, const _CharT*,
     ^
/usr/include/c++/4.8/ext/string_conversions.h:83:5: note:   template argument deduction/substitution failed:
In file included from /usr/include/c++/4.8/string:52:0,
                 from /usr/include/c++/4.8/bits/locale_classes.h:40,
                 from /usr/include/c++/4.8/bits/ios_base.h:41,
                 from /usr/include/c++/4.8/ios:42,
                 from /usr/include/c++/4.8/ostream:38,
                 from /usr/include/c++/4.8/iostream:39,
                 from main.cpp:12:
/usr/include/c++/4.8/bits/basic_string.h:2996:24: note:   mismatched types ‘int’ and ‘size_t {aka long unsigned int}’
          L"%llu", __val); }
                        ^
/usr/include/c++/4.8/bits/basic_string.h: In function ‘std::wstring std::to_wstring(float)’:
/usr/include/c++/4.8/bits/basic_string.h:3004:22: error: no matching function for call to ‘__to_xstring(int (*)(wchar_t*, size_t, const wchar_t*, __va_list_tag*)throw (), const int&, const wchar_t [3], float&)’
          L"%f", __val);
                      ^
/usr/include/c++/4.8/bits/basic_string.h:3004:22: note: candidate is:
In file included from /usr/include/c++/4.8/bits/basic_string.h:2815:0,
                 from /usr/include/c++/4.8/string:52,
                 from /usr/include/c++/4.8/bits/locale_classes.h:40,
                 from /usr/include/c++/4.8/bits/ios_base.h:41,
                 from /usr/include/c++/4.8/ios:42,
                 from /usr/include/c++/4.8/ostream:38,
                 from /usr/include/c++/4.8/iostream:39,
                 from main.cpp:12:
/usr/include/c++/4.8/ext/string_conversions.h:83:5: note: template<class _String, class _CharT> _String __gnu_cxx::__to_xstring(int (*)(_CharT*, int, const _CharT*, __va_list_tag*), int, const _CharT*, ...)
     __to_xstring(int (*__convf) (_CharT*, std::size_t, const _CharT*,
     ^
/usr/include/c++/4.8/ext/string_conversions.h:83:5: note:   template argument deduction/substitution failed:
In file included from /usr/include/c++/4.8/string:52:0,
                 from /usr/include/c++/4.8/bits/locale_classes.h:40,
                 from /usr/include/c++/4.8/bits/ios_base.h:41,
                 from /usr/include/c++/4.8/ios:42,
                 from /usr/include/c++/4.8/ostream:38,
                 from /usr/include/c++/4.8/iostream:39,
                 from main.cpp:12:
/usr/include/c++/4.8/bits/basic_string.h:3004:22: note:   mismatched types ‘int’ and ‘size_t {aka long unsigned int}’
          L"%f", __val);
                      ^
/usr/include/c++/4.8/bits/basic_string.h: In function ‘std::wstring std::to_wstring(double)’:
/usr/include/c++/4.8/bits/basic_string.h:3013:22: error: no matching function for call to ‘__to_xstring(int (*)(wchar_t*, size_t, const wchar_t*, __va_list_tag*)throw (), const int&, const wchar_t [3], double&)’
          L"%f", __val);
                      ^
/usr/include/c++/4.8/bits/basic_string.h:3013:22: note: candidate is:
In file included from /usr/include/c++/4.8/bits/basic_string.h:2815:0,
                 from /usr/include/c++/4.8/string:52,
                 from /usr/include/c++/4.8/bits/locale_classes.h:40,
                 from /usr/include/c++/4.8/bits/ios_base.h:41,
                 from /usr/include/c++/4.8/ios:42,
                 from /usr/include/c++/4.8/ostream:38,
                 from /usr/include/c++/4.8/iostream:39,
                 from main.cpp:12:
/usr/include/c++/4.8/ext/string_conversions.h:83:5: note: template<class _String, class _CharT> _String __gnu_cxx::__to_xstring(int (*)(_CharT*, int, const _CharT*, __va_list_tag*), int, const _CharT*, ...)
     __to_xstring(int (*__convf) (_CharT*, std::size_t, const _CharT*,
     ^
/usr/include/c++/4.8/ext/string_conversions.h:83:5: note:   template argument deduction/substitution failed:
In file included from /usr/include/c++/4.8/string:52:0,
                 from /usr/include/c++/4.8/bits/locale_classes.h:40,
                 from /usr/include/c++/4.8/bits/ios_base.h:41,
                 from /usr/include/c++/4.8/ios:42,
                 from /usr/include/c++/4.8/ostream:38,
                 from /usr/include/c++/4.8/iostream:39,
                 from main.cpp:12:
/usr/include/c++/4.8/bits/basic_string.h:3013:22: note:   mismatched types ‘int’ and ‘size_t {aka long unsigned int}’
          L"%f", __val);
                      ^
/usr/include/c++/4.8/bits/basic_string.h: In function ‘std::wstring std::to_wstring(long double)’:
/usr/include/c++/4.8/bits/basic_string.h:3022:23: error: no matching function for call to ‘__to_xstring(int (*)(wchar_t*, size_t, const wchar_t*, __va_list_tag*)throw (), const int&, const wchar_t [4], long double&)’
          L"%Lf", __val);
                       ^
/usr/include/c++/4.8/bits/basic_string.h:3022:23: note: candidate is:
In file included from /usr/include/c++/4.8/bits/basic_string.h:2815:0,
                 from /usr/include/c++/4.8/string:52,
                 from /usr/include/c++/4.8/bits/locale_classes.h:40,
                 from /usr/include/c++/4.8/bits/ios_base.h:41,
                 from /usr/include/c++/4.8/ios:42,
                 from /usr/include/c++/4.8/ostream:38,
                 from /usr/include/c++/4.8/iostream:39,
                 from main.cpp:12:
/usr/include/c++/4.8/ext/string_conversions.h:83:5: note: template<class _String, class _CharT> _String __gnu_cxx::__to_xstring(int (*)(_CharT*, int, const _CharT*, __va_list_tag*), int, const _CharT*, ...)
     __to_xstring(int (*__convf) (_CharT*, std::size_t, const _CharT*,
     ^
/usr/include/c++/4.8/ext/string_conversions.h:83:5: note:   template argument deduction/substitution failed:
In file included from /usr/include/c++/4.8/string:52:0,
                 from /usr/include/c++/4.8/bits/locale_classes.h:40,
                 from /usr/include/c++/4.8/bits/ios_base.h:41,
                 from /usr/include/c++/4.8/ios:42,
                 from /usr/include/c++/4.8/ostream:38,
                 from /usr/include/c++/4.8/iostream:39,
                 from main.cpp:12:
/usr/include/c++/4.8/bits/basic_string.h:3022:23: note:   mismatched types ‘int’ and ‘size_t {aka long unsigned int}’
          L"%Lf", __val);
                       ^
In file included from /usr/include/c++/4.8/string:52:0,
                 from /usr/include/c++/4.8/bits/locale_classes.h:40,
                 from /usr/include/c++/4.8/bits/ios_base.h:41,
                 from /usr/include/c++/4.8/ios:42,
                 from /usr/include/c++/4.8/ostream:38,
                 from /usr/include/c++/4.8/iostream:39,
                 from main.cpp:12:
/usr/include/c++/4.8/bits/basic_string.h: In instantiation of ‘class std::basic_string<char16_t>’:
/usr/include/c++/4.8/bits/basic_string.h:3082:41:   required from here
/usr/include/c++/4.8/bits/basic_string.h:122:61: error: no type named ‘difference_type’ in ‘std::basic_string<char16_t>::_CharT_alloc_type {aka class std::allocator<char16_t>}’
       typedef typename _CharT_alloc_type::difference_type   difference_type;
                                                             ^
/usr/include/c++/4.8/bits/basic_string.h: In instantiation of ‘class std::basic_string<char32_t>’:
/usr/include/c++/4.8/bits/basic_string.h:3097:41:   required from here
/usr/include/c++/4.8/bits/basic_string.h:122:61: error: no type named ‘difference_type’ in ‘std::basic_string<char32_t>::_CharT_alloc_type {aka class std::allocator<char32_t>}’
In file included from /usr/include/c++/4.8/string:53:0,
                 from /usr/include/c++/4.8/bits/locale_classes.h:40,
                 from /usr/include/c++/4.8/bits/ios_base.h:41,
                 from /usr/include/c++/4.8/ios:42,
                 from /usr/include/c++/4.8/ostream:38,
                 from /usr/include/c++/4.8/iostream:39,
                 from main.cpp:12:
/usr/include/c++/4.8/bits/basic_string.tcc: In function ‘std::basic_istream<_CharT, _Traits>& std::operator>>(std::basic_istream<_CharT, _Traits>&, std::basic_string<_CharT, _Traits, _Alloc>&)’:
/usr/include/c++/4.8/bits/basic_string.tcc:1018:14: error: ‘streamsize’ does not name a type
        const streamsize __w = __in.width();
              ^
/usr/include/c++/4.8/bits/basic_string.tcc:1019:32: error: ‘__w’ was not declared in this scope
        const __size_type __n = __w > 0 ? static_cast<__size_type>(__w)
                                ^
In file included from /usr/include/c++/4.8/ios:42:0,
                 from /usr/include/c++/4.8/ostream:38,
                 from /usr/include/c++/4.8/iostream:39,
                 from main.cpp:12:
/usr/include/c++/4.8/bits/ios_base.h: At global scope:
/usr/include/c++/4.8/bits/ios_base.h:452:5: error: ‘streamsize’ does not name a type
     streamsize  _M_precision;
     ^
/usr/include/c++/4.8/bits/ios_base.h:453:5: error: ‘streamsize’ does not name a type
     streamsize  _M_width;
     ^
/usr/include/c++/4.8/bits/ios_base.h:620:5: error: ‘streamsize’ does not name a type
     streamsize
     ^
/usr/include/c++/4.8/bits/ios_base.h:629:5: error: ‘streamsize’ does not name a type
     streamsize
     ^
/usr/include/c++/4.8/bits/ios_base.h:643:5: error: ‘streamsize’ does not name a type
     streamsize
     ^
/usr/include/c++/4.8/bits/ios_base.h:652:5: error: ‘streamsize’ does not name a type
     streamsize
     ^
In file included from /usr/include/c++/4.8/ios:43:0,
                 from /usr/include/c++/4.8/ostream:38,
                 from /usr/include/c++/4.8/iostream:39,
                 from main.cpp:12:
/usr/include/c++/4.8/streambuf:50:5: error: ‘streamsize’ does not name a type
     streamsize
     ^
/usr/include/c++/4.8/streambuf:147:14: error: ‘streamsize’ does not name a type
       friend streamsize
              ^
/usr/include/c++/4.8/streambuf:239:33: error: ‘streamsize’ has not been declared
       pubsetbuf(char_type* __s, streamsize __n) 
                                 ^
/usr/include/c++/4.8/streambuf:283:7: error: ‘streamsize’ does not name a type
       streamsize 
       ^
/usr/include/c++/4.8/streambuf:356:7: error: ‘streamsize’ does not name a type
       streamsize 
       ^
/usr/include/c++/4.8/streambuf:449:7: error: ‘streamsize’ does not name a type
       streamsize 
       ^
/usr/include/c++/4.8/streambuf:591:26: error: ‘streamsize’ has not been declared
       setbuf(char_type*, streamsize)
                          ^
/usr/include/c++/4.8/streambuf:648:15: error: ‘streamsize’ does not name a type
       virtual streamsize 
               ^
/usr/include/c++/4.8/streambuf:664:15: error: ‘streamsize’ does not name a type
       virtual streamsize 
               ^
/usr/include/c++/4.8/streambuf:741:15: error: ‘streamsize’ does not name a type
       virtual streamsize 
               ^
/usr/include/c++/4.8/streambuf:794:20: error: ‘streamsize’ has not been declared
       __safe_gbump(streamsize __n) { _M_in_cur += __n; }
                    ^
/usr/include/c++/4.8/streambuf:797:20: error: ‘streamsize’ has not been declared
       __safe_pbump(streamsize __n) { _M_out_cur += __n; }
                    ^
/usr/include/c++/4.8/streambuf:815:5: error: ‘streamsize’ does not name a type
     streamsize
     ^
/usr/include/c++/4.8/streambuf:820:5: error: ‘streamsize’ does not name a type
     streamsize
     ^
In file included from /usr/include/c++/4.8/streambuf:828:0,
                 from /usr/include/c++/4.8/ios:43,
                 from /usr/include/c++/4.8/ostream:38,
                 from /usr/include/c++/4.8/iostream:39,
                 from main.cpp:12:
/usr/include/c++/4.8/bits/streambuf.tcc:44:5: error: ‘streamsize’ does not name a type
     streamsize
     ^
/usr/include/c++/4.8/bits/streambuf.tcc:78:5: error: ‘streamsize’ does not name a type
     streamsize
     ^
/usr/include/c++/4.8/bits/streambuf.tcc:115:5: error: ‘streamsize’ does not name a type
     streamsize
     ^
/usr/include/c++/4.8/bits/streambuf.tcc:138:12: error: ‘streamsize’ does not name a type
     inline streamsize
            ^
/usr/include/c++/4.8/bits/streambuf.tcc:151:5: error: explicit instantiation of non-template ‘int std::streamsize’
     streamsize
     ^
/usr/include/c++/4.8/bits/streambuf.tcc:152:5: error: expected ‘;’ before ‘__copy_streambufs’
     __copy_streambufs(basic_streambuf<char>*,
     ^
/usr/include/c++/4.8/bits/streambuf.tcc:155:5: error: explicit instantiation of non-template ‘int std::streamsize’
     streamsize
     ^
/usr/include/c++/4.8/bits/streambuf.tcc:156:5: error: expected ‘;’ before ‘__copy_streambufs_eof’
     __copy_streambufs_eof(basic_streambuf<char>*,
     ^
/usr/include/c++/4.8/bits/streambuf.tcc:162:5: error: explicit instantiation of non-template ‘int std::streamsize’
     streamsize
     ^
/usr/include/c++/4.8/bits/streambuf.tcc:163:5: error: expected ‘;’ before ‘__copy_streambufs’
     __copy_streambufs(basic_streambuf<wchar_t>*,
     ^
/usr/include/c++/4.8/bits/streambuf.tcc:166:5: error: explicit instantiation of non-template ‘int std::streamsize’
     streamsize
     ^
/usr/include/c++/4.8/bits/streambuf.tcc:167:5: error: expected ‘;’ before ‘__copy_streambufs_eof’
     __copy_streambufs_eof(basic_streambuf<wchar_t>*,
     ^
In file included from /usr/include/c++/4.8/bits/locale_facets.h:48:0,
                 from /usr/include/c++/4.8/bits/basic_ios.h:37,
                 from /usr/include/c++/4.8/ios:44,
                 from /usr/include/c++/4.8/ostream:38,
                 from /usr/include/c++/4.8/iostream:39,
                 from main.cpp:12:
/usr/include/c++/4.8/bits/streambuf_iterator.h:55:15: error: wrong number of template arguments (5, should be 3)
         _CharT>
               ^
In file included from /usr/include/c++/4.8/bits/stl_algobase.h:65:0,
                 from /usr/include/c++/4.8/bits/char_traits.h:39,
                 from /usr/include/c++/4.8/ios:40,
                 from /usr/include/c++/4.8/ostream:38,
                 from /usr/include/c++/4.8/iostream:39,
                 from main.cpp:12:
/usr/include/c++/4.8/bits/stl_iterator_base_types.h:118:12: error: provided for ‘template<class _Category, class _Tp, class _Distance> struct std::iterator’
     struct iterator
            ^
In file included from /usr/include/c++/4.8/bits/locale_facets.h:48:0,
                 from /usr/include/c++/4.8/bits/basic_ios.h:37,
                 from /usr/include/c++/4.8/ios:44,
                 from /usr/include/c++/4.8/ostream:38,
                 from /usr/include/c++/4.8/iostream:39,
                 from main.cpp:12:
/usr/include/c++/4.8/bits/streambuf_iterator.h:217:66: error: wrong number of template arguments (5, should be 3)
     : public iterator<output_iterator_tag, void, void, void, void>
                                                                  ^
In file included from /usr/include/c++/4.8/bits/stl_algobase.h:65:0,
                 from /usr/include/c++/4.8/bits/char_traits.h:39,
                 from /usr/include/c++/4.8/ios:40,
                 from /usr/include/c++/4.8/ostream:38,
                 from /usr/include/c++/4.8/iostream:39,
                 from main.cpp:12:
/usr/include/c++/4.8/bits/stl_iterator_base_types.h:118:12: error: provided for ‘template<class _Category, class _Tp, class _Distance> struct std::iterator’
     struct iterator
            ^
In file included from /usr/include/c++/4.8/bits/locale_facets.h:48:0,
                 from /usr/include/c++/4.8/bits/basic_ios.h:37,
                 from /usr/include/c++/4.8/ios:44,
                 from /usr/include/c++/4.8/ostream:38,
                 from /usr/include/c++/4.8/iostream:39,
                 from main.cpp:12:
/usr/include/c++/4.8/bits/streambuf_iterator.h:279:34: error: ‘streamsize’ has not been declared
       _M_put(const _CharT* __ws, streamsize __len)
                                  ^
/usr/include/c++/4.8/bits/streambuf_iterator.h: In function ‘typename __gnu_cxx::__enable_if<std::__is_char<_CharT>::__value, std::ostreambuf_iterator<_CharT, std::char_traits<_CharT> > >::__type std::__copy_move_a2(_CharT*, _CharT*, std::ostreambuf_iterator<_CharT, std::char_traits<_CharT> >)’:
/usr/include/c++/4.8/bits/streambuf_iterator.h:313:13: error: ‘streamsize’ does not name a type
       const streamsize __num = __last - __first;
             ^
/usr/include/c++/4.8/bits/streambuf_iterator.h:314:11: error: ‘__num’ was not declared in this scope
       if (__num > 0)
           ^
/usr/include/c++/4.8/bits/streambuf_iterator.h: In function ‘typename __gnu_cxx::__enable_if<std::__is_char<_CharT>::__value, std::ostreambuf_iterator<_CharT, std::char_traits<_CharT> > >::__type std::__copy_move_a2(const _CharT*, const _CharT*, std::ostreambuf_iterator<_CharT, std::char_traits<_CharT> >)’:
/usr/include/c++/4.8/bits/streambuf_iterator.h:325:13: error: ‘streamsize’ does not name a type
       const streamsize __num = __last - __first;
             ^
/usr/include/c++/4.8/bits/streambuf_iterator.h:326:11: error: ‘__num’ was not declared in this scope
       if (__num > 0)
           ^
/usr/include/c++/4.8/bits/streambuf_iterator.h: In function ‘typename __gnu_cxx::__enable_if<std::__is_char<_CharT>::__value, _CharT*>::__type std::__copy_move_a2(std::istreambuf_iterator<_CharT, std::char_traits<_CharT> >, std::istreambuf_iterator<_CharT, std::char_traits<_CharT> >, _CharT*)’:
/usr/include/c++/4.8/bits/streambuf_iterator.h:348:14: error: ‘streamsize’ does not name a type
        const streamsize __n = __sb->egptr() - __sb->gptr();
              ^
/usr/include/c++/4.8/bits/streambuf_iterator.h:349:12: error: ‘__n’ was not declared in this scope
        if (__n > 1)
            ^
/usr/include/c++/4.8/bits/streambuf_iterator.h: In function ‘typename __gnu_cxx::__enable_if<std::__is_char<_CharT2>::__value, std::istreambuf_iterator<_CharT> >::__type std::find(std::istreambuf_iterator<_CharT>, std::istreambuf_iterator<_CharT>, const _CharT2&)’:
/usr/include/c++/4.8/bits/streambuf_iterator.h:385:8: error: ‘streamsize’ was not declared in this scope
        streamsize __n = __sb->egptr() - __sb->gptr();
        ^
/usr/include/c++/4.8/bits/streambuf_iterator.h:385:19: error: expected ‘;’ before ‘__n’
        streamsize __n = __sb->egptr() - __sb->gptr();
                   ^
/usr/include/c++/4.8/bits/streambuf_iterator.h:386:12: error: ‘__n’ was not declared in this scope
        if (__n > 1)
            ^
In file included from /usr/include/c++/4.8/bits/basic_ios.h:37:0,
                 from /usr/include/c++/4.8/ios:44,
                 from /usr/include/c++/4.8/ostream:38,
                 from /usr/include/c++/4.8/iostream:39,
                 from main.cpp:12:
/usr/include/c++/4.8/bits/locale_facets.h: At global scope:
/usr/include/c++/4.8/bits/locale_facets.h:92:29: error: ‘streamsize’ has not been declared
       const _CharT* __olds, streamsize __newlen, streamsize __oldlen);
                             ^
/usr/include/c++/4.8/bits/locale_facets.h:92:50: error: ‘streamsize’ has not been declared
       const _CharT* __olds, streamsize __newlen, streamsize __oldlen);
                                                  ^
In file included from /usr/include/c++/4.8/bits/basic_ios.h:37:0,
                 from /usr/include/c++/4.8/ios:44,
                 from /usr/include/c++/4.8/ostream:38,
                 from /usr/include/c++/4.8/iostream:39,
                 from main.cpp:12:
/usr/include/c++/4.8/bits/locale_facets.h:2449:32: error: ‘streamsize’ has not been declared
       _M_pad(char_type __fill, streamsize __w, ios_base& __io,
                                ^
In file included from /usr/include/c++/4.8/bits/locale_facets.h:2608:0,
                 from /usr/include/c++/4.8/bits/basic_ios.h:37,
                 from /usr/include/c++/4.8/ios:44,
                 from /usr/include/c++/4.8/ostream:38,
                 from /usr/include/c++/4.8/iostream:39,
                 from main.cpp:12:
/usr/include/c++/4.8/bits/locale_facets.tcc:775:27: error: ‘streamsize’ has not been declared
     _M_pad(_CharT __fill, streamsize __w, ios_base& __io,
                           ^
/usr/include/c++/4.8/bits/locale_facets.tcc: In member function ‘_OutIter std::num_put<_CharT, _OutIter>::_M_insert_int(_OutIter, std::ios_base&, _CharT, _ValueT) const’:
/usr/include/c++/4.8/bits/locale_facets.tcc:916:8: error: ‘streamsize’ does not name a type
  const streamsize __w = __io.width();
        ^
/usr/include/c++/4.8/bits/locale_facets.tcc:917:6: error: ‘__w’ was not declared in this scope
  if (__w > static_cast<streamsize>(__len))
      ^
/usr/include/c++/4.8/bits/locale_facets.tcc:917:24: error: expected type-specifier before ‘streamsize’
  if (__w > static_cast<streamsize>(__len))
                        ^
/usr/include/c++/4.8/bits/locale_facets.tcc:917:24: error: expected ‘>’ before ‘streamsize’
/usr/include/c++/4.8/bits/locale_facets.tcc:917:24: error: expected ‘(’ before ‘streamsize’
/usr/include/c++/4.8/bits/locale_facets.tcc:917:24: error: ‘streamsize’ was not declared in this scope
/usr/include/c++/4.8/bits/locale_facets.tcc:918:4: error: expected ‘)’ before ‘{’ token
    {
    ^
/usr/include/c++/4.8/bits/locale_facets.tcc: In member function ‘_OutIter std::num_put<_CharT, _OutIter>::_M_insert_float(_OutIter, std::ios_base&, _CharT, char, _ValueT) const’:
/usr/include/c++/4.8/bits/locale_facets.tcc:979:8: error: ‘streamsize’ does not name a type
  const streamsize __prec = __io.precision() < 0 ? 6 : __io.precision();
        ^
/usr/include/c++/4.8/bits/locale_facets.tcc:996:19: error: ‘__prec’ was not declared in this scope
           __fbuf, __prec, __v);
                   ^
/usr/include/c++/4.8/bits/locale_facets.tcc:1054:6: error: ‘streamsize’ was not declared in this scope
      streamsize __off = 0;
      ^
/usr/include/c++/4.8/bits/locale_facets.tcc:1054:17: error: expected ‘;’ before ‘__off’
      streamsize __off = 0;
                 ^
/usr/include/c++/4.8/bits/locale_facets.tcc:1057:3: error: ‘__off’ was not declared in this scope
   __off = 1;
   ^
/usr/include/c++/4.8/bits/locale_facets.tcc:1063:45: error: ‘__off’ was not declared in this scope
       __lc->_M_thousands_sep, __wp, __ws2 + __off,
                                             ^
/usr/include/c++/4.8/bits/locale_facets.tcc:1071:8: error: ‘streamsize’ does not name a type
  const streamsize __w = __io.width();
        ^
/usr/include/c++/4.8/bits/locale_facets.tcc:1072:6: error: ‘__w’ was not declared in this scope
  if (__w > static_cast<streamsize>(__len))
      ^
/usr/include/c++/4.8/bits/locale_facets.tcc:1072:24: error: expected type-specifier before ‘streamsize’
  if (__w > static_cast<streamsize>(__len))
                        ^
/usr/include/c++/4.8/bits/locale_facets.tcc:1072:24: error: expected ‘>’ before ‘streamsize’
/usr/include/c++/4.8/bits/locale_facets.tcc:1072:24: error: expected ‘(’ before ‘streamsize’
/usr/include/c++/4.8/bits/locale_facets.tcc:1072:24: error: ‘streamsize’ was not declared in this scope
/usr/include/c++/4.8/bits/locale_facets.tcc:1073:4: error: expected ‘)’ before ‘{’ token
    {
    ^
/usr/include/c++/4.8/bits/locale_facets.tcc: In member function ‘virtual _OutIter std::num_put<_CharT, _OutIter>::do_put(std::num_put<_CharT, _OutIter>::iter_type, std::ios_base&, std::num_put<_CharT, _OutIter>::char_type, bool) const’:
/usr/include/c++/4.8/bits/locale_facets.tcc:1109:10: error: ‘streamsize’ does not name a type
    const streamsize __w = __io.width();
          ^
/usr/include/c++/4.8/bits/locale_facets.tcc:1110:8: error: ‘__w’ was not declared in this scope
    if (__w > static_cast<streamsize>(__len))
        ^
/usr/include/c++/4.8/bits/locale_facets.tcc:1110:26: error: expected type-specifier before ‘streamsize’
    if (__w > static_cast<streamsize>(__len))
                          ^
/usr/include/c++/4.8/bits/locale_facets.tcc:1110:26: error: expected ‘>’ before ‘streamsize’
/usr/include/c++/4.8/bits/locale_facets.tcc:1110:26: error: expected ‘(’ before ‘streamsize’
/usr/include/c++/4.8/bits/locale_facets.tcc:1110:26: error: ‘streamsize’ was not declared in this scope
/usr/include/c++/4.8/bits/locale_facets.tcc:1111:6: error: expected ‘)’ before ‘{’ token
      {
      ^
/usr/include/c++/4.8/bits/locale_facets.tcc: At global scope:
/usr/include/c++/4.8/bits/locale_facets.tcc:1193:8: error: ‘streamsize’ has not been declared
        streamsize __newlen, streamsize __oldlen)
        ^
/usr/include/c++/4.8/bits/locale_facets.tcc:1193:29: error: ‘streamsize’ has not been declared
        streamsize __newlen, streamsize __oldlen)
                             ^
In file included from /usr/include/c++/4.8/iostream:39:0,
                 from main.cpp:12:
/usr/include/c++/4.8/ostream:311:38: error: ‘streamsize’ has not been declared
       _M_write(const char_type* __s, streamsize __n)
                                      ^
/usr/include/c++/4.8/ostream:335:35: error: ‘streamsize’ has not been declared
       write(const char_type* __s, streamsize __n);
                                   ^
/usr/include/c++/4.8/ostream: In member function ‘void std::basic_ostream<_CharT, _Traits>::_M_write(const char_type*, int)’:
/usr/include/c++/4.8/ostream:313:8: error: ‘streamsize’ does not name a type
  const streamsize __put = this->rdbuf()->sputn(__s, __n);
        ^
/usr/include/c++/4.8/ostream:314:6: error: ‘__put’ was not declared in this scope
  if (__put != __n)
      ^
/usr/include/c++/4.8/ostream: In function ‘std::basic_ostream<_CharT, _Traits>& std::operator<<(std::basic_ostream<_CharT, _Traits>&, const _CharT*)’:
/usr/include/c++/4.8/ostream:519:17: error: expected type-specifier before ‘streamsize’
     static_cast<streamsize>(_Traits::length(__s)));
                 ^
/usr/include/c++/4.8/ostream:519:17: error: expected ‘>’ before ‘streamsize’
/usr/include/c++/4.8/ostream:519:17: error: expected ‘(’ before ‘streamsize’
/usr/include/c++/4.8/ostream:519:17: error: ‘streamsize’ was not declared in this scope
/usr/include/c++/4.8/ostream: In function ‘std::basic_ostream<char, _Traits>& std::operator<<(std::basic_ostream<char, _Traits>&, const char*)’:
/usr/include/c++/4.8/ostream:536:17: error: expected type-specifier before ‘streamsize’
     static_cast<streamsize>(_Traits::length(__s)));
                 ^
/usr/include/c++/4.8/ostream:536:17: error: expected ‘>’ before ‘streamsize’
/usr/include/c++/4.8/ostream:536:17: error: expected ‘(’ before ‘streamsize’
/usr/include/c++/4.8/ostream:536:17: error: ‘streamsize’ was not declared in this scope
In file included from /usr/include/c++/4.8/ostream:609:0,
                 from /usr/include/c++/4.8/iostream:39,
                 from main.cpp:12:
/usr/include/c++/4.8/bits/ostream.tcc: At global scope:
/usr/include/c++/4.8/bits/ostream.tcc:183:30: error: ‘streamsize’ has not been declared
     write(const _CharT* __s, streamsize __n)
                              ^
In file included from /usr/include/c++/4.8/iostream:40:0,
                 from main.cpp:12:
/usr/include/c++/4.8/istream:82:7: error: ‘streamsize’ does not name a type
       streamsize   _M_gcount;
       ^
/usr/include/c++/4.8/istream:268:7: error: ‘streamsize’ does not name a type
       streamsize
       ^
/usr/include/c++/4.8/istream:343:27: error: ‘streamsize’ has not been declared
       get(char_type* __s, streamsize __n, char_type __delim);
                           ^
/usr/include/c++/4.8/istream:354:27: error: ‘streamsize’ has not been declared
       get(char_type* __s, streamsize __n)
                           ^
/usr/include/c++/4.8/istream:416:31: error: ‘streamsize’ has not been declared
       getline(char_type* __s, streamsize __n, char_type __delim);
                               ^
/usr/include/c++/4.8/istream:427:31: error: ‘streamsize’ has not been declared
       getline(char_type* __s, streamsize __n)
                               ^
/usr/include/c++/4.8/istream:451:7: error: expected ‘;’ at end of member declaration
       ignore(streamsize __n, int_type __delim);
       ^
/usr/include/c++/4.8/istream:451:25: error: expected ‘)’ before ‘__n’
       ignore(streamsize __n, int_type __delim);
                         ^
/usr/include/c++/4.8/istream:454:7: error: expected ‘;’ at end of member declaration
       ignore(streamsize __n);
       ^
/usr/include/c++/4.8/istream:454:14: error: redeclaration of ‘std::basic_istream<_CharT, _Traits>::__istream_type& std::basic_istream<_CharT, _Traits>::ignore’
       ignore(streamsize __n);
              ^
/usr/include/c++/4.8/istream:451:14: note: previous declaration ‘std::basic_istream<_CharT, _Traits>::__istream_type& std::basic_istream<_CharT, _Traits>::ignore’
       ignore(streamsize __n, int_type __delim);
              ^
/usr/include/c++/4.8/istream:454:25: error: expected ‘)’ before ‘__n’
       ignore(streamsize __n);
                         ^
/usr/include/c++/4.8/istream:457:14: error: ‘std::basic_istream<_CharT, _Traits>::__istream_type& std::basic_istream<_CharT, _Traits>::ignore()’ conflicts with a previous declaration
       ignore();
              ^
/usr/include/c++/4.8/istream:451:14: note: previous declaration ‘std::basic_istream<_CharT, _Traits>::__istream_type& std::basic_istream<_CharT, _Traits>::ignore’
       ignore(streamsize __n, int_type __delim);
              ^
/usr/include/c++/4.8/istream:486:28: error: ‘streamsize’ has not been declared
       read(char_type* __s, streamsize __n);
                            ^
/usr/include/c++/4.8/istream:504:7: error: ‘streamsize’ does not name a type
       streamsize
       ^
/usr/include/c++/4.8/istream: In constructor ‘std::basic_istream<_CharT, _Traits>::basic_istream(std::basic_istream<_CharT, _Traits>::__streambuf_type*)’:
/usr/include/c++/4.8/istream:94:9: error: class ‘std::basic_istream<_CharT, _Traits>’ does not have any field named ‘_M_gcount’
       : _M_gcount(streamsize(0))
         ^
/usr/include/c++/4.8/istream:94:31: error: there are no arguments to ‘streamsize’ that depend on a template parameter, so a declaration of ‘streamsize’ must be available [-fpermissive]
       : _M_gcount(streamsize(0))
                               ^
/usr/include/c++/4.8/istream:94:31: note: (if you use ‘-fpermissive’, G++ will accept your code, but allowing the use of an undeclared name is deprecated)
/usr/include/c++/4.8/istream: In destructor ‘virtual std::basic_istream<_CharT, _Traits>::~basic_istream()’:
/usr/include/c++/4.8/istream:104:9: error: ‘_M_gcount’ was not declared in this scope
       { _M_gcount = streamsize(0); }
         ^
/usr/include/c++/4.8/istream:104:33: error: there are no arguments to ‘streamsize’ that depend on a template parameter, so a declaration of ‘streamsize’ must be available [-fpermissive]
       { _M_gcount = streamsize(0); }
                                 ^
/usr/include/c++/4.8/istream: In constructor ‘std::basic_istream<_CharT, _Traits>::basic_istream()’:
/usr/include/c++/4.8/istream:607:9: error: class ‘std::basic_istream<_CharT, _Traits>’ does not have any field named ‘_M_gcount’
       : _M_gcount(streamsize(0))
         ^
/usr/include/c++/4.8/istream:607:31: error: there are no arguments to ‘streamsize’ that depend on a template parameter, so a declaration of ‘streamsize’ must be available [-fpermissive]
       : _M_gcount(streamsize(0))
                               ^
/usr/include/c++/4.8/istream: In instantiation of ‘class std::basic_istream<char>’:
/usr/include/c++/4.8/istream:618:24:   required from here
/usr/include/c++/4.8/istream:451:14: error: ‘std::basic_istream<_CharT, _Traits>::__istream_type& std::basic_istream<_CharT, _Traits>::ignore() [with _CharT = char; _Traits = std::char_traits<char>; std::basic_istream<_CharT, _Traits>::__istream_type = std::basic_istream<char>]’ conflicts with a previous declaration
       ignore(streamsize __n, int_type __delim);
              ^
/usr/include/c++/4.8/istream:451:14: note: previous declaration ‘std::basic_istream<char>::__istream_type& std::basic_istream<char>::ignore’
/usr/include/c++/4.8/istream: At global scope:
/usr/include/c++/4.8/istream:619:29: error: ‘streamsize’ has not been declared
     getline(char_type* __s, streamsize __n, char_type __delim);
                             ^
/usr/include/c++/4.8/istream:624:12: error: ‘std::basic_istream<char>& std::basic_istream<char>::ignore’ is not a static member of ‘class std::basic_istream<char>’
     ignore(streamsize __n);
            ^
/usr/include/c++/4.8/istream:624:12: error: ‘streamsize’ was not declared in this scope
/usr/include/c++/4.8/istream:629:12: error: ‘std::basic_istream<char>& std::basic_istream<char>::ignore’ is not a static member of ‘class std::basic_istream<char>’
     ignore(streamsize __n, int_type __delim);
            ^
/usr/include/c++/4.8/istream:629:12: error: ‘streamsize’ was not declared in this scope
/usr/include/c++/4.8/istream:629:37: error: expected primary-expression before ‘__delim’
     ignore(streamsize __n, int_type __delim);
                                     ^
/usr/include/c++/4.8/istream:629:44: error: expression list treated as compound expression in initializer [-fpermissive]
     ignore(streamsize __n, int_type __delim);
                                            ^
/usr/include/c++/4.8/istream: In instantiation of ‘class std::basic_istream<wchar_t>’:
/usr/include/c++/4.8/istream:634:27:   required from here
/usr/include/c++/4.8/istream:451:14: error: ‘std::basic_istream<_CharT, _Traits>::__istream_type& std::basic_istream<_CharT, _Traits>::ignore() [with _CharT = wchar_t; _Traits = std::char_traits<wchar_t>; std::basic_istream<_CharT, _Traits>::__istream_type = std::basic_istream<wchar_t>]’ conflicts with a previous declaration
       ignore(streamsize __n, int_type __delim);
              ^
/usr/include/c++/4.8/istream:451:14: note: previous declaration ‘std::basic_istream<wchar_t>::__istream_type& std::basic_istream<wchar_t>::ignore’
/usr/include/c++/4.8/istream:635:29: error: ‘streamsize’ has not been declared
     getline(char_type* __s, streamsize __n, char_type __delim);
                             ^
/usr/include/c++/4.8/istream:640:12: error: ‘std::basic_istream<wchar_t>& std::basic_istream<wchar_t>::ignore’ is not a static member of ‘class std::basic_istream<wchar_t>’
     ignore(streamsize __n);
            ^
/usr/include/c++/4.8/istream:640:12: error: ‘streamsize’ was not declared in this scope
/usr/include/c++/4.8/istream:645:12: error: ‘std::basic_istream<wchar_t>& std::basic_istream<wchar_t>::ignore’ is not a static member of ‘class std::basic_istream<wchar_t>’
     ignore(streamsize __n, int_type __delim);
            ^
/usr/include/c++/4.8/istream:645:12: error: ‘streamsize’ was not declared in this scope
/usr/include/c++/4.8/istream:645:37: error: expected primary-expression before ‘__delim’
     ignore(streamsize __n, int_type __delim);
                                     ^
/usr/include/c++/4.8/istream:645:44: error: expression list treated as compound expression in initializer [-fpermissive]
     ignore(streamsize __n, int_type __delim);
                                            ^
In file included from /usr/include/c++/4.8/istream:879:0,
                 from /usr/include/c++/4.8/iostream:40,
                 from main.cpp:12:
/usr/include/c++/4.8/bits/istream.tcc: In member function ‘std::basic_istream<_CharT, _Traits>::int_type std::basic_istream<_CharT, _Traits>::get()’:
/usr/include/c++/4.8/bits/istream.tcc:240:7: error: ‘_M_gcount’ was not declared in this scope
       _M_gcount = 0;
       ^
/usr/include/c++/4.8/bits/istream.tcc: In member function ‘std::basic_istream<_CharT, _Traits>& std::basic_istream<_CharT, _Traits>::get(std::basic_istream<_CharT, _Traits>::char_type&)’:
/usr/include/c++/4.8/bits/istream.tcc:274:7: error: ‘_M_gcount’ was not declared in this scope
       _M_gcount = 0;
       ^
/usr/include/c++/4.8/bits/istream.tcc: At global scope:
/usr/include/c++/4.8/bits/istream.tcc:309:25: error: ‘streamsize’ has not been declared
     get(char_type* __s, streamsize __n, char_type __delim)
                         ^
/usr/include/c++/4.8/bits/istream.tcc: In member function ‘std::basic_istream<_CharT, _Traits>& std::basic_istream<_CharT, _Traits>::get(std::basic_istream<_CharT, _Traits>::char_type*, int, std::basic_istream<_CharT, _Traits>::char_type)’:
/usr/include/c++/4.8/bits/istream.tcc:311:7: error: ‘_M_gcount’ was not declared in this scope
       _M_gcount = 0;
       ^
/usr/include/c++/4.8/bits/istream.tcc: In member function ‘std::basic_istream<_CharT, _Traits>& std::basic_istream<_CharT, _Traits>::get(std::basic_istream<_CharT, _Traits>::__streambuf_type&, std::basic_istream<_CharT, _Traits>::char_type)’:
/usr/include/c++/4.8/bits/istream.tcc:358:7: error: ‘_M_gcount’ was not declared in this scope
       _M_gcount = 0;
       ^
/usr/include/c++/4.8/bits/istream.tcc: At global scope:
/usr/include/c++/4.8/bits/istream.tcc:400:29: error: ‘streamsize’ has not been declared
     getline(char_type* __s, streamsize __n, char_type __delim)
                             ^
/usr/include/c++/4.8/bits/istream.tcc: In member function ‘std::basic_istream<_CharT, _Traits>& std::basic_istream<_CharT, _Traits>::getline(std::basic_istream<_CharT, _Traits>::char_type*, int, std::basic_istream<_CharT, _Traits>::char_type)’:
/usr/include/c++/4.8/bits/istream.tcc:402:7: error: ‘_M_gcount’ was not declared in this scope
       _M_gcount = 0;
       ^
/usr/include/c++/4.8/bits/istream.tcc: In member function ‘std::basic_istream<_CharT, _Traits>& std::basic_istream<_CharT, _Traits>::ignore()’:
/usr/include/c++/4.8/bits/istream.tcc:462:7: error: ‘_M_gcount’ was not declared in this scope
       _M_gcount = 0;
       ^
/usr/include/c++/4.8/bits/istream.tcc: At global scope:
/usr/include/c++/4.8/bits/istream.tcc:493:12: error: ‘std::basic_istream<_CharT, _Traits>& std::basic_istream<_CharT, _Traits>::ignore’ is not a static member of ‘class std::basic_istream<_CharT, _Traits>’
     ignore(streamsize __n)
            ^
/usr/include/c++/4.8/bits/istream.tcc:493:12: error: template definition of non-template ‘std::basic_istream<_CharT, _Traits>& std::basic_istream<_CharT, _Traits>::ignore’
/usr/include/c++/4.8/bits/istream.tcc:493:12: error: ‘streamsize’ was not declared in this scope
/usr/include/c++/4.8/bits/istream.tcc:555:12: error: ‘std::basic_istream<_CharT, _Traits>& std::basic_istream<_CharT, _Traits>::ignore’ is not a static member of ‘class std::basic_istream<_CharT, _Traits>’
     ignore(streamsize __n, int_type __delim)
            ^
/usr/include/c++/4.8/bits/istream.tcc:555:12: error: template definition of non-template ‘std::basic_istream<_CharT, _Traits>& std::basic_istream<_CharT, _Traits>::ignore’
/usr/include/c++/4.8/bits/istream.tcc:555:12: error: ‘streamsize’ was not declared in this scope
/usr/include/c++/4.8/bits/istream.tcc:555:37: error: expected primary-expression before ‘__delim’
     ignore(streamsize __n, int_type __delim)
                                     ^
/usr/include/c++/4.8/bits/istream.tcc: In member function ‘std::basic_istream<_CharT, _Traits>::int_type std::basic_istream<_CharT, _Traits>::peek()’:
/usr/include/c++/4.8/bits/istream.tcc:623:7: error: ‘_M_gcount’ was not declared in this scope
       _M_gcount = 0;
       ^
/usr/include/c++/4.8/bits/istream.tcc: At global scope:
/usr/include/c++/4.8/bits/istream.tcc:650:26: error: ‘streamsize’ has not been declared
     read(char_type* __s, streamsize __n)
                          ^
/usr/include/c++/4.8/bits/istream.tcc: In member function ‘std::basic_istream<_CharT, _Traits>& std::basic_istream<_CharT, _Traits>::read(std::basic_istream<_CharT, _Traits>::char_type*, int)’:
/usr/include/c++/4.8/bits/istream.tcc:652:7: error: ‘_M_gcount’ was not declared in this scope
       _M_gcount = 0;
       ^
/usr/include/c++/4.8/bits/istream.tcc: At global scope:
/usr/include/c++/4.8/bits/istream.tcc:677:5: error: ‘streamsize’ does not name a type
     streamsize
     ^
/usr/include/c++/4.8/bits/istream.tcc: In member function ‘std::basic_istream<_CharT, _Traits>& std::basic_istream<_CharT, _Traits>::putback(std::basic_istream<_CharT, _Traits>::char_type)’:
/usr/include/c++/4.8/bits/istream.tcc:715:7: error: ‘_M_gcount’ was not declared in this scope
       _M_gcount = 0;
       ^
/usr/include/c++/4.8/bits/istream.tcc: In member function ‘std::basic_istream<_CharT, _Traits>& std::basic_istream<_CharT, _Traits>::unget()’:
/usr/include/c++/4.8/bits/istream.tcc:750:7: error: ‘_M_gcount’ was not declared in this scope
       _M_gcount = 0;
       ^
/usr/include/c++/4.8/bits/istream.tcc: In function ‘std::basic_istream<_CharT, _Traits>& std::operator>>(std::basic_istream<_CharT, _Traits>&, _CharT2*)’:
/usr/include/c++/4.8/bits/istream.tcc:963:7: error: ‘streamsize’ was not declared in this scope
       streamsize __extracted = 0;
       ^
/usr/include/c++/4.8/bits/istream.tcc:963:18: error: expected ‘;’ before ‘__extracted’
       streamsize __extracted = 0;
                  ^
/usr/include/c++/4.8/bits/istream.tcc:971:19: error: expected ‘;’ before ‘__num’
        streamsize __num = __in.width();
                   ^
/usr/include/c++/4.8/bits/istream.tcc:972:12: error: ‘__num’ was not declared in this scope
        if (__num <= 0)
            ^
/usr/include/c++/4.8/bits/istream.tcc:973:39: error: the value of ‘streamsize’ is not usable in a constant expression
   __num = __gnu_cxx::__numeric_traits<streamsize>::__max;
                                       ^
/usr/include/c++/4.8/bits/istream.tcc:963:7: note: ‘streamsize’ was not declared ‘constexpr’
       streamsize __extracted = 0;
       ^
/usr/include/c++/4.8/bits/istream.tcc:973:49: error: type/value mismatch at argument 1 in template parameter list for ‘template<class _Value> struct __gnu_cxx::__numeric_traits’
   __num = __gnu_cxx::__numeric_traits<streamsize>::__max;
                                                 ^
/usr/include/c++/4.8/bits/istream.tcc:973:49: error:   expected a type, got ‘streamsize’
/usr/include/c++/4.8/bits/istream.tcc:981:15: error: ‘__extracted’ was not declared in this scope
        while (__extracted < __num - 1
               ^
/usr/include/c++/4.8/bits/istream.tcc:981:29: error: ‘__num’ was not declared in this scope
        while (__extracted < __num - 1
                             ^
/usr/include/c++/4.8/bits/istream.tcc:1006:12: error: ‘__extracted’ was not declared in this scope
       if (!__extracted)
            ^
main.cpp: At global scope:
main.cpp:18:1: error: ‘cout’ in namespace ‘std’ does not name a type
 std::cout << " n\n\tIngrese las coordenadas de los puntos que definen a L1" ;
 ^
main.cpp:19:1: error: ‘cout’ in namespace ‘std’ does not name a type
 std::cout << " n\tx11= " ; 
 ^
main.cpp:20:1: error: ‘cin’ in namespace ‘std’ does not name a type
 std::cin >> x11 ;
 ^
main.cpp:21:1: error: ‘cout’ in namespace ‘std’ does not name a type
 std::cout << " n\ty11 ;
 ^
main.cpp:23:1: error: ‘cout’ in namespace ‘std’ does not name a type
 std::cout << " n\tx12= " ;
 ^
main.cpp:24:1: error: ‘cin’ in namespace ‘std’ does not name a type
 std::cin >> y12 ;
 ^
main.cpp:25:1: error: ‘cout’ in namespace ‘std’ does not name a type
 std::cout << " n\n\tIngrese las coordenadas de los puntos que definen a L2" ;
 ^
main.cpp:26:1: error: ‘cout’ in namespace ‘std’ does not name a type
 std::cout << "\n\tx21= " ;
 ^
main.cpp:27:1: error: ‘cin’ in namespace ‘std’ does not name a type
 std::cin >> x21 ;
 ^
main.cpp:28:1: error: ‘cout’ in namespace ‘std’ does not name a type
 std::cout << "\n\ty21= " ;
 ^
main.cpp:29:1: error: ‘cin’ in namespace ‘std’ does not name a type
 std::cin >> y21 ;
 ^
main.cpp:30:1: error: ‘cout’ in namespace ‘std’ does not name a type
 std::cout << "\n\tx22= " ;
 ^
main.cpp:31:1: error: ‘cin’ in namespace ‘std’ does not name a type
 std::cin >> x22 ;
 ^
main.cpp:32:1: error: ‘cout’ in namespace ‘std’ does not name a type
 std::cout << "\n\ty22= " ;
 ^
main.cpp:33:1: error: ‘cin’ in namespace ‘std’ does not name a type
 std::cin >> y22 ;
 ^
main.cpp:35:1: error: ‘P1’ does not name a type
 P1 = y11-y12/ x11-x12 ;
 ^
main.cpp:37:1: error: ‘p2’ does not name a type
 p2 = y22-y21/ x22-x21 ;
 ^
main.cpp:39:1: error: ‘x’ does not name a type
 x= x11*p1-x21*p2+y21-y11/ p1-p2 ;
 ^
main.cpp:41:1: error: ‘y’ does not name a type
 y=p1(x-x11)+y11 ;
 ^
main.cpp:43:1: error: ‘cout’ in namespace ‘std’ does not name a type
 std::cout << " n\tla abscisa del punto de inteseccion es ", << x << "y la ordenada de dicho punto es ", << y << ";
 ^
main.cpp:50:1: error: expected unqualified-id before ‘{’ token
 {
 ^
