+ g++-4.8 -std=c++11 -O2 -Wall -pedantic -pthread main.cpp
main.cpp: In function 'void foo(T&& ...)':
main.cpp:6:16: error: 'foo_t' was not declared in this scope
     std::array<foo_t, sizeof...(T)> = { std::forward<T>(ts)... };
                ^
main.cpp:6:35: error: template argument 1 is invalid
     std::array<foo_t, sizeof...(T)> = { std::forward<T>(ts)... };
                                   ^
main.cpp:6:37: error: expected unqualified-id before '=' token
     std::array<foo_t, sizeof...(T)> = { std::forward<T>(ts)... };
                                     ^
