main.cpp:2:22: error: ‘vector’ in namespace ‘std’ does not name a type
main.cpp:2:27: error: ISO C++ forbids declaration of ‘parameter’ with no type [-fpermissive]
main.cpp:2:33: error: expected ‘,’ or ‘...’ before ‘<’ token
main.cpp:4:47: error: ‘int32’ has not been declared
main.cpp:4:60: error: ‘uint32’ has not been declared
main.cpp:6:47: error: ‘int32’ has not been declared
main.cpp:6:66: error: ‘VertexDeclaration’ does not name a type
main.cpp:6:85: error: ISO C++ forbids declaration of ‘declaration’ with no type [-fpermissive]
main.cpp:6:98: error: ‘uint32’ has not been declared
