main.cpp: In function 'bool IsInherit()':
main.cpp:34:1: error: expected primary-expression before '}' token
 }
 ^
main.cpp:34:1: error: expected ';' before '}' token
