main.cpp: In instantiation of 'void f(T) [with T = std::integral_constant<bool, false>]':
main.cpp:16:24:   required from here
main.cpp:7:5: error: static assertion failed: first requirement failed to meet.
     static_assert(T(), "first requirement failed to meet.");
     ^
main.cpp:9:5: error: static assertion failed: second requirement failed to meet.
     static_assert(T::value, "second requirement failed to meet.");    
     ^
main.cpp:11:11: error: conversion from 'int' to non-scalar type 'std::integral_constant<bool, false>' requested
     T t = 10; //even this may generate error!
           ^
