main.cpp: In function ‘int main()’:
main.cpp:6:78: error: ‘a’ was not declared in this scope
main.cpp:7:1: error: expected ‘;’ before ‘}’ token
