main.cpp:12:40: error: ‘u’ was not declared in this scope
main.cpp:12:52: error: ‘c’ was not declared in this scope
