main.cpp:35:14: error: ‘HookPolicy’ was not declared in this scope
main.cpp:35:24: error: template argument 2 is invalid
main.cpp: In constructor ‘Wrap<T, Hooks>::Wrap(Args&& ...)’:
main.cpp:30:40: error: class ‘Wrap<T, Hooks>’ does not have any field named ‘Group’
main.cpp:30:45: error: expected ‘(’ before ‘<’ token
main.cpp:30:45: error: expected ‘{’ before ‘<’ token
main.cpp: In member function ‘int Wrap<T, Hooks>::operator->() const’:
main.cpp:35:63: error: ‘HookPolicy’ was not declared in this scope
main.cpp:35:73: error: template argument 2 is invalid
main.cpp: In function ‘int main()’:
main.cpp:157:72: error: type/value mismatch at argument 2 in template parameter list for ‘template<class T, class ... Hooks> struct Wrap’
main.cpp:157:72: error:   expected a type, got ‘TextDecoration’
main.cpp:157:72: error: type/value mismatch at argument 2 in template parameter list for ‘template<class T, class ... Hooks> struct Wrap’
main.cpp:157:72: error:   expected a type, got ‘Timer’
main.cpp:157:72: error: type/value mismatch at argument 2 in template parameter list for ‘template<class T, class ... Hooks> struct Wrap’
main.cpp:157:72: error:   expected a type, got ‘MutexLock’
main.cpp:157:72: error: type/value mismatch at argument 2 in template parameter list for ‘template<class T, class ... Hooks> struct Wrap’
main.cpp:157:72: error:   expected a type, got ‘Inspect’
main.cpp:157:80: error: invalid type in declaration before ‘;’ token
main.cpp:159:25: error: invalid conversion from ‘const char*’ to ‘String {aka int}’ [-fpermissive]
main.cpp:160:9: error: base operand of ‘->’ is not a pointer
main.cpp:161:9: error: base operand of ‘->’ is not a pointer
main.cpp:162:9: error: base operand of ‘->’ is not a pointer
main.cpp:163:9: error: base operand of ‘->’ is not a pointer
main.cpp:164:9: error: base operand of ‘->’ is not a pointer
main.cpp:165:9: error: base operand of ‘->’ is not a pointer
main.cpp:166:9: error: base operand of ‘->’ is not a pointer
