main.cpp:13:63: error: definition of 'struct<lambda>' inside template parameter list
main.cpp:13:100: error: template argument 1 is invalid
main.cpp:13:31: error: expected nested-name-specifier
main.cpp:13:108: error: expected unqualified-id before '=' token
main.cpp: In function 'int main()':
main.cpp:24:3: error: static assertion failed: 
